[Licensing::Module] Trying to connect to existing licensing client channel...
[Licensing::IpcConnector] Successfully connected to: "LicenseClient-qSRmLYszJlAg1d2U6xQ77" at "2026-03-10T14:53:51.457924Z"
Built from '6000.3/staging' branch; Version is '6000.3.10f1 (e35f0c77bd8e) revision 14901004'; Using compiler version '194234433'; Build Type 'Release'
OS: 'Windows 11  (10.0.26200) Core' Language: 'zh' Physical Memory: 48781 MB
BatchMode: 1, IsHumanControllingUs: 0, StartBugReporterOnCrash: 0, Is64bit: 1
System  architecture: x64
Process architecture: x64
Date: 2026-03-10T14:53:51Z

COMMAND LINE ARGUMENTS:
C:\Program Files\Unity\Hub\Editor\6000.3.10f1\Editor\Unity.exe
-adb2
-batchMode
-noUpm
-name
AssetImportWorker5
-projectPath
D:/еӨ§еӯё/дәәеҹ№е®Ө/The truth/The-truth
-logFile
Logs/AssetImportWorker5.log
-srvPort
63953
-licensingIpc
LicenseClient-qSRmLYszJlAg1d2U6xQ77
-job-worker-count
7
-background-job-worker-count
8
-gc-helper-count
1
-name
AssetImport
Successfully changed project path to: D:/еӨ§еӯё/дәәеҹ№е®Ө/The truth/The-truth
D:/еӨ§еӯё/дәәеҹ№е®Ө/The truth/The-truth
[UnityMemory] Configuration Parameters - Can be set up in boot.config
    "memorysetup-temp-allocator-size-nav-mesh-worker=65536"
    "memorysetup-temp-allocator-size-audio-worker=65536"
    "memorysetup-temp-allocator-size-gfx=262144"
    "memorysetup-allocator-temp-initial-block-size-main=262144"
    "memorysetup-allocator-temp-initial-block-size-worker=262144"
    "memorysetup-temp-allocator-size-background-worker=32768"
    "memorysetup-temp-allocator-size-job-worker=262144"
    "memorysetup-temp-allocator-size-preload-manager=33554432"
    "memorysetup-temp-allocator-size-gi-baking-worker=262144"
    "memorysetup-temp-allocator-size-gi-baking-worker=262144"
    "memorysetup-temp-allocator-size-gi-baking-worker=262144"
    "memorysetup-temp-allocator-size-gi-baking-worker=262144"
    "memorysetup-temp-allocator-size-gi-baking-worker=262144"
    "memorysetup-bucket-allocator-granularity=16"
    "memorysetup-bucket-allocator-bucket-count=8"
    "memorysetup-bucket-allocator-block-size=33554432"
    "memorysetup-bucket-allocator-block-count=8"
    "memorysetup-main-allocator-block-size=16777216"
    "memorysetup-thread-allocator-block-size=16777216"
    "memorysetup-gfx-main-allocator-block-size=16777216"
    "memorysetup-gfx-thread-allocator-block-size=16777216"
    "memorysetup-cache-allocator-block-size=4194304"
    "memorysetup-typetree-allocator-block-size=2097152"
    "memorysetup-profiler-bucket-allocator-granularity=16"
    "memorysetup-profiler-bucket-allocator-bucket-count=8"
    "memorysetup-profiler-bucket-allocator-block-size=33554432"
    "memorysetup-profiler-bucket-allocator-block-count=8"
    "memorysetup-profiler-allocator-block-size=16777216"
    "memorysetup-profiler-editor-allocator-block-size=1048576"
    "memorysetup-temp-allocator-size-main=16777216"
    "memorysetup-job-temp-allocator-block-size=2097152"
    "memorysetup-job-temp-allocator-block-size-background=1048576"
    "memorysetup-job-temp-allocator-reduction-small-platforms=262144"
    "memorysetup-temp-allocator-size-cloud-worker=32768"
Player connection [27216]  Target information:

Player connection [27216]  * "[IP] 26.105.232.86 [Port] 0 [Flags] 2 [Guid] 665653635 [EditorId] 665653635 [Version] 1048832 [Id] WindowsEditor(7,©э) [Debug] 1 [PackageName] WindowsEditor [ProjectName] Editor" 

Player connection [27216]  * "[IP] 172.20.10.3 [Port] 0 [Flags] 2 [Guid] 665653635 [EditorId] 665653635 [Version] 1048832 [Id] WindowsEditor(7,©э) [Debug] 1 [PackageName] WindowsEditor [ProjectName] Editor" 

Player connection [27216] Host joined multi-casting on [225.0.0.222:54997]...
Player connection [27216] Host joined alternative multi-casting on [225.0.0.222:34997]...
JobSystem: Creating JobQueue using job-worker-count value 7
Input System module state changed to: Initialized.
[Physics::Module] Initialized fallback backend.
[Physics::Module] Id: 0xdecafbad
Library Redirect Path: Library/
[Physics::Module] Selected backend.
[Physics::Module] Name: PhysX
[Physics::Module] Id: 0xf2b8ea05
[Physics::Module] SDK Version: 4.1.2
[Physics::Module] Integration Version: 1.0.0
[Physics::Module] Threading Mode: Multi-Threaded
Refreshing native plugins compatible for Editor in 2.95 ms, found 4 plugins.
Preloading 0 native plugins for Editor in 0.00 ms.
Initialize engine version: 6000.3.10f1 (e35f0c77bd8e)
[Subsystems] Discovering subsystems at path C:/Program Files/Unity/Hub/Editor/6000.3.10f1/Editor/Data/Resources/UnitySubsystems
[Subsystems] Discovering subsystems at path D:/еӨ§еӯё/дәәеҹ№е®Ө/The truth/The-truth/Assets
GfxDevice: creating device client; kGfxThreadingModeNonThreaded
Direct3D:
    Version:  Direct3D 11.0 [level 11.1]
    Renderer: NVIDIA GeForce RTX 5060 Laptop GPU (ID=0x2d19)
    Vendor:   NVIDIA
    VRAM:     7810 MB
    Driver:   32.0.15.8166
Initialize mono
Mono path[0] = 'C:/Program Files/Unity/Hub/Editor/6000.3.10f1/Editor/Data/Managed'
Mono path[1] = 'C:/Program Files/Unity/Hub/Editor/6000.3.10f1/Editor/Data/MonoBleedingEdge/lib/mono/unityjit-win32'
Mono config path = 'C:/Program Files/Unity/Hub/Editor/6000.3.10f1/Editor/Data/MonoBleedingEdge/etc'
Using monoOptions --debugger-agent=transport=dt_socket,embedding=1,server=y,suspend=n,address=127.0.0.1:56332
Begin MonoManager ReloadAssembly
Registering precompiled unity dll's ...
Register platform support module: C:/Program Files/Unity/Hub/Editor/6000.3.10f1/Editor/Data/PlaybackEngines/WebGLSupport/UnityEditor.WebGL.Extensions.dll
Register platform support module: C:/Program Files/Unity/Hub/Editor/6000.3.10f1/Editor/Data/PlaybackEngines/WindowsStandaloneSupport/UnityEditor.WindowsStandalone.Extensions.dll
[Licensing::Module] Licensing is not yet initialized.
[Licensing::Client] Error: HandshakeResponse reported an error:
	ResponseCode: 505
	ResponseStatus: Unsupported protocol version '1.17.4'.
[Licensing::Module] Error: Failed to handshake to channel: "LicenseClient-qSRmLYszJlAg1d2U6xQ77"
[Licensing::IpcConnector] LicenseClient-qSRmLYszJlAg1d2U6xQ77 channel disconnected successfully.
[Licensing::IpcConnector] Successfully connected to: "LicenseClient-HP-6000.3.10" at "2026-03-10T14:53:53.1888938Z"
[Licensing::Client] Handshaking with LicensingClient:
  Version:                 1.17.4+4293ba1
  Session Id:              421037b49e354824996cb7a50b35fb64
  Correlation Id:          7c4b95f36b6c1f182b51cfe4e2674a64
  External correlation Id: 8399426289069109019
  Machine Id:              RTQJqdM1o6K0WXNM9E0FTeCVfXM=
[Licensing::Module] Successfully connected to LicensingClient on channel: "LicenseClient-HP-6000.3.10" (connect: 0.00s, validation: 0.00s, handshake: 1.58s)
[Licensing::IpcConnector] Successfully connected to: "LicenseClient-HP-6000.3.10-notifications" at "2026-03-10T14:53:54.7665958Z"
[Licensing::Module] Licensing Background thread has ended after 3.31s
[Licensing::Module] Licensing is initialized (took 2.56s).
[Licensing::Client] Successfully resolved entitlement details
[Licensing::Module] License group:
  Id: F4-ASHM-9AHC-MNGY-H298-XXXX
  Product: Unity Personal
  Type: ULF
  Expiration: 2026-03-20T15:29:30Z
[Licensing::Module] License group:
  Id: ewogICJzdWJzR3JvdXAiIDogInVuaXR5IGVkaXRvciIsCiAgIm5hbWVzcGFjZSIgOiAidW5pdHlfZWRpdG9yIiwKICAidHlwZSIgOiAiRURJVE9SIiwKICAidGFnIiA6ICJVbml0eVBlcnNvbmFsXXXX
  Product: Unity Personal Version
  Type: Assigned
  Expiration: Unlimited
Register platform support module: C:/Program Files/Unity/Hub/Editor/6000.3.10f1/Editor/Data/PlaybackEngines/AndroidPlayer/UnityEditor.Android.Extensions.dll
Registered in 2.566510 seconds.
- Loaded All Assemblies, in  2.891 seconds
Native extension for Android target not found
Android Extension - Scanning For ADB Devices 213 ms
Native extension for WindowsStandalone target not found
Native extension for WebGL target not found
ScheduleIndexationOnStartup MainProcess:False IndexOnStartup:True
Mono: successfully reloaded assembly
- Finished resetting the current domain, in  0.558 seconds
Domain Reload Profiling: 3447ms
	BeginReloadAssembly (102ms)
		ExecutionOrderSort (0ms)
		DisableScriptedObjects (0ms)
		BackupInstance (0ms)
		ReleaseScriptingObjects (0ms)
		CreateAndSetChildDomain (1ms)
	RebuildCommonClasses (29ms)
	RebuildNativeTypeToScriptingClass (10ms)
	initialDomainReloadingComplete (2603ms)
	LoadAllAssembliesAndSetupDomain (145ms)
		LoadAssemblies (100ms)
		RebuildTransferFunctionScriptingTraits (0ms)
		AnalyzeDomain (142ms)
			TypeCache.Refresh (140ms)
				TypeCache.ScanAssembly (129ms)
			BuildScriptInfoCaches (0ms)
			ResolveRequiredComponents (0ms)
	FinalizeReload (558ms)
		ReleaseScriptCaches (0ms)
		RebuildScriptCaches (0ms)
		SetupLoadedEditorAssemblies (524ms)
			LogAssemblyErrors (0ms)
			InitializePlatformSupportModulesInManaged (286ms)
			SetLoadedEditorAssemblies (4ms)
			BeforeProcessingInitializeOnLoad (62ms)
			ProcessInitializeOnLoadAttributes (115ms)
			ProcessInitializeOnLoadMethodAttributes (57ms)
			AfterProcessingInitializeOnLoad (0ms)
			EditorAssembliesLoaded (0ms)
		ExecutionOrderSort2 (0ms)
		AwakeInstancesAfterBackupRestoration (0ms)
========================================================================
Worker process is ready to serve import requests
Import Worker Mode flag is 0x00
Begin MonoManager ReloadAssembly
[Licensing::Client] Successfully resolved entitlement details
[Licensing::Module] License group:
  Id: F4-ASHM-9AHC-MNGY-H298-XXXX
  Product: Unity Personal
  Type: ULF
  Expiration: 2026-03-20T15:29:30Z
[Licensing::Module] License group:
  Id: ewogICJzdWJzR3JvdXAiIDogInVuaXR5IGVkaXRvciIsCiAgIm5hbWVzcGFjZSIgOiAidW5pdHlfZWRpdG9yIiwKICAidHlwZSIgOiAiRURJVE9SIiwKICAidGFnIiA6ICJVbml0eVBlcnNvbmFsXXXX
  Product: Unity Personal Version
  Type: Assigned
  Expiration: Unlimited
- Loaded All Assemblies, in  0.553 seconds
Refreshing native plugins compatible for Editor in 1.00 ms, found 4 plugins.
Native extension for Android target not found
Native extension for WindowsStandalone target not found
Native extension for WebGL target not found
Package Manager log level set to [2]
[Package Manager] Failed to launch server process. Reason: Unity was launched with the -noUpm command-line argument
[Package Manager] Unable to send message (not connected to server process).
[Package Manager] Cannot connect to Unity Package Manager local server
ScheduleIndexationOnStartup MainProcess:False IndexOnStartup:True
Mono: successfully reloaded assembly
- Finished resetting the current domain, in  0.596 seconds
Domain Reload Profiling: 1147ms
	BeginReloadAssembly (146ms)
		ExecutionOrderSort (0ms)
		DisableScriptedObjects (4ms)
		BackupInstance (0ms)
		ReleaseScriptingObjects (0ms)
		CreateAndSetChildDomain (24ms)
	RebuildCommonClasses (30ms)
	RebuildNativeTypeToScriptingClass (10ms)
	initialDomainReloadingComplete (30ms)
	LoadAllAssembliesAndSetupDomain (335ms)
		LoadAssemblies (257ms)
		RebuildTransferFunctionScriptingTraits (0ms)
		AnalyzeDomain (159ms)
			TypeCache.Refresh (115ms)
				TypeCache.ScanAssembly (103ms)
			BuildScriptInfoCaches (38ms)
			ResolveRequiredComponents (3ms)
	FinalizeReload (597ms)
		ReleaseScriptCaches (0ms)
		RebuildScriptCaches (0ms)
		SetupLoadedEditorAssemblies (508ms)
			LogAssemblyErrors (0ms)
			InitializePlatformSupportModulesInManaged (9ms)
			SetLoadedEditorAssemblies (3ms)
			BeforeProcessingInitializeOnLoad (110ms)
			ProcessInitializeOnLoadAttributes (337ms)
			ProcessInitializeOnLoadMethodAttributes (44ms)
			AfterProcessingInitializeOnLoad (4ms)
			EditorAssembliesLoaded (0ms)
		ExecutionOrderSort2 (0ms)
		AwakeInstancesAfterBackupRestoration (4ms)
Launched and connected shader compiler UnityShaderCompiler.exe after 0.01 seconds
Refreshing native plugins compatible for Editor in 1.49 ms, found 4 plugins.
Preloading 0 native plugins for Editor in 0.00 ms.
Unloading 0 Unused Serialized files (Serialized files now loaded: 0)
Unloading 4601 unused Assets / (0.9 MB). Loaded Objects now: 5185.
Memory consumption went from 99.6 MB to 98.7 MB.
Total: 6.409400 ms (FindLiveObjects: 0.370400 ms CreateObjectMapping: 0.340900 ms MarkObjects: 4.903500 ms  DeleteObjects: 0.793400 ms)

========================================================================
Received Import Request.
  Time since last request: 10037.286534 seconds.
  path: Assets/Scenes/е»ҡжҲҝең°жқҝпјҲ224 Г— 192пјү_18 1.asset
  artifactKey: Guid(7583c334c6e069648a27f8a5725fa465) Importer(815301076,1909f56bfc062723c751e8b465ee728b)
Start importing Assets/Scenes/е»ҡжҲҝең°жқҝпјҲ224 Г— 192пјү_18 1.asset using Guid(7583c334c6e069648a27f8a5725fa465) Importer(815301076,1909f56bfc062723c751e8b465ee728b) (PreviewImporter) -> (artifact id: 'c2b7f3a493e9150b7aa622027ee082bd') in 0.0641508 seconds
Number of updated asset objects reloaded before import = 0Number of asset objects unloaded after import = 3

========================================================================
Received Import Request.
  Time since last request: 0.917263 seconds.
  path: Assets/Scenes/е»ҡжҲҝең°жқҝпјҲ224 Г— 192пјү_37 1.asset
  artifactKey: Guid(a0150dc1938fdfe4883c37b526cbf895) Importer(2089858483,b0f066a214c2f5e87bad3c948f4d605d)
Start importing Assets/Scenes/е»ҡжҲҝең°жқҝпјҲ224 Г— 192пјү_37 1.asset using Guid(a0150dc1938fdfe4883c37b526cbf895) Importer(2089858483,b0f066a214c2f5e87bad3c948f4d605d) (ScriptedImporter) -> (artifact id: '709180bc08267b50595d11359384405e') in 0.1018115 seconds
Number of updated asset objects reloaded before import = 0Number of asset objects unloaded after import = 2

========================================================================
Received Import Request.
  Time since last request: 0.000034 seconds.
  path: Assets/Scenes/е»ҡжҲҝең°жқҝпјҲ224 Г— 192пјү_18 1.asset
  artifactKey: Guid(7583c334c6e069648a27f8a5725fa465) Importer(2089858483,b0f066a214c2f5e87bad3c948f4d605d)
Start importing Assets/Scenes/е»ҡжҲҝең°жқҝпјҲ224 Г— 192пјү_18 1.asset using Guid(7583c334c6e069648a27f8a5725fa465) Importer(2089858483,b0f066a214c2f5e87bad3c948f4d605d) (ScriptedImporter) -> (artifact id: '9155ef99a61ab131f0976cd1eb4c9b49') in 0.0164252 seconds
Number of updated asset objects reloaded before import = 0Number of asset objects unloaded after import = 2

========================================================================
Received Import Request.
  Time since last request: 0.000069 seconds.
  path: Assets/Scenes/е»ҡжҲҝең°жқҝпјҲ224 Г— 192пјү_31 1.asset
  artifactKey: Guid(e4431a81bfe401f4ba71726816b35b27) Importer(2089858483,b0f066a214c2f5e87bad3c948f4d605d)
Start importing Assets/Scenes/е»ҡжҲҝең°жқҝпјҲ224 Г— 192пјү_31 1.asset using Guid(e4431a81bfe401f4ba71726816b35b27) Importer(2089858483,b0f066a214c2f5e87bad3c948f4d605d) (ScriptedImporter) -> (artifact id: 'dad74e0f81aa18c1b3a699eba7065785') in 0.0160967 seconds
Number of updated asset objects reloaded before import = 0Number of asset objects unloaded after import = 2

========================================================================
Received Import Request.
  Time since last request: 0.000052 seconds.
  path: Assets/Scenes/е»ҡжҲҝең°жқҝпјҲ224 Г— 192пјү_33 1.asset
  artifactKey: Guid(8ca84e1ea3329064f9f10d16fd6de4e0) Importer(2089858483,b0f066a214c2f5e87bad3c948f4d605d)
Start importing Assets/Scenes/е»ҡжҲҝең°жқҝпјҲ224 Г— 192пјү_33 1.asset using Guid(8ca84e1ea3329064f9f10d16fd6de4e0) Importer(2089858483,b0f066a214c2f5e87bad3c948f4d605d) (ScriptedImporter) -> (artifact id: '42f6b77fecf7369e1fcc81fa44f2cb80') in 0.0239405 seconds
Number of updated asset objects reloaded before import = 0Number of asset objects unloaded after import = 2

========================================================================
Received Import Request.
  Time since last request: 0.000063 seconds.
  path: Assets/Scenes/е»ҡжҲҝең°жқҝпјҲ224 Г— 192пјү_20 1.asset
  artifactKey: Guid(2b513d1ef150fee4e9ef3e8d436d5aeb) Importer(2089858483,b0f066a214c2f5e87bad3c948f4d605d)
Start importing Assets/Scenes/е»ҡжҲҝең°жқҝпјҲ224 Г— 192пјү_20 1.asset using Guid(2b513d1ef150fee4e9ef3e8d436d5aeb) Importer(2089858483,b0f066a214c2f5e87bad3c948f4d605d) (ScriptedImporter) -> (artifact id: '13506dbf52b5dad46721ac85779e3887') in 0.0172563 seconds
Number of updated asset objects reloaded before import = 0Number of asset objects unloaded after import = 2

========================================================================
Received Import Request.
  Time since last request: 0.000020 seconds.
  path: Assets/Scenes/е»ҡжҲҝең°жқҝпјҲ224 Г— 192пјү_34 1.asset
  artifactKey: Guid(e8299bcbc19961a4f968d863f404cdff) Importer(2089858483,b0f066a214c2f5e87bad3c948f4d605d)
Start importing Assets/Scenes/е»ҡжҲҝең°жқҝпјҲ224 Г— 192пјү_34 1.asset using Guid(e8299bcbc19961a4f968d863f404cdff) Importer(2089858483,b0f066a214c2f5e87bad3c948f4d605d) (ScriptedImporter) -> (artifact id: 'adbfe2059c7c631f3053139c65d590eb') in 0.0145087 seconds
Number of updated asset objects reloaded before import = 0Number of asset objects unloaded after import = 2

========================================================================
Received Import Request.
  Time since last request: 0.000049 seconds.
  path: Assets/Scenes/е»ҡжҲҝең°жқҝпјҲ224 Г— 192пјү_28 1.asset
  artifactKey: Guid(32b8a257c9a3cc34b874a94c9a5c52c5) Importer(2089858483,b0f066a214c2f5e87bad3c948f4d605d)
Start importing Assets/Scenes/е»ҡжҲҝең°жқҝпјҲ224 Г— 192пјү_28 1.asset using Guid(32b8a257c9a3cc34b874a94c9a5c52c5) Importer(2089858483,b0f066a214c2f5e87bad3c948f4d605d) (ScriptedImporter) -> (artifact id: '126dfc988f5fbb7522a6cbc04e0e2981') in 0.0130112 seconds
Number of updated asset objects reloaded before import = 0Number of asset objects unloaded after import = 2

========================================================================
Received Import Request.
  Time since last request: 0.000018 seconds.
  path: Assets/Scenes/е»ҡжҲҝең°жқҝпјҲ224 Г— 192пјү_23 1.asset
  artifactKey: Guid(4c53e6cfc3edc6f47a21b763e2be0e31) Importer(2089858483,b0f066a214c2f5e87bad3c948f4d605d)
Start importing Assets/Scenes/е»ҡжҲҝең°жқҝпјҲ224 Г— 192пјү_23 1.asset using Guid(4c53e6cfc3edc6f47a21b763e2be0e31) Importer(2089858483,b0f066a214c2f5e87bad3c948f4d605d) (ScriptedImporter) -> (artifact id: '03ff06e13f42483bb452b2da4ce80e0f') in 0.0173372 seconds
Number of updated asset objects reloaded before import = 0Number of asset objects unloaded after import = 2

========================================================================
Received Import Request.
  Time since last request: 0.000029 seconds.
  path: Assets/Scenes/е»ҡжҲҝең°жқҝпјҲ224 Г— 192пјү_25 1.asset
  artifactKey: Guid(a95d023d0d2db75419e0aa96ac500683) Importer(2089858483,b0f066a214c2f5e87bad3c948f4d605d)
Start importing Assets/Scenes/е»ҡжҲҝең°жқҝпјҲ224 Г— 192пјү_25 1.asset using Guid(a95d023d0d2db75419e0aa96ac500683) Importer(2089858483,b0f066a214c2f5e87bad3c948f4d605d) (ScriptedImporter) -> (artifact id: '29dd5e7861f67a7c7324e23c0a6bf07b') in 0.015604 seconds
Number of updated asset objects reloaded before import = 0Number of asset objects unloaded after import = 2

========================================================================
Received Import Request.
  Time since last request: 0.755200 seconds.
  path: Assets/Scenes/е»ҡжҲҝең°жқҝпјҲ224 Г— 192пјү_29 1.asset
  artifactKey: Guid(7826fbe82d0ad8f4c953015b0114ba7c) Importer(815301076,1909f56bfc062723c751e8b465ee728b)
Start importing Assets/Scenes/е»ҡжҲҝең°жқҝпјҲ224 Г— 192пјү_29 1.asset using Guid(7826fbe82d0ad8f4c953015b0114ba7c) Importer(815301076,1909f56bfc062723c751e8b465ee728b) (PreviewImporter) -> (artifact id: '6046d248234f55ceacec52f50abe2e38') in 0.0055221 seconds
Number of updated asset objects reloaded before import = 0Number of asset objects unloaded after import = 3

========================================================================
Received Import Request.
  Time since last request: 0.000010 seconds.
  path: Assets/Scenes/е»ҡжҲҝең°жқҝпјҲ224 Г— 192пјү_33 1.asset
  artifactKey: Guid(8ca84e1ea3329064f9f10d16fd6de4e0) Importer(815301076,1909f56bfc062723c751e8b465ee728b)
Start importing Assets/Scenes/е»ҡжҲҝең°жқҝпјҲ224 Г— 192пјү_33 1.asset using Guid(8ca84e1ea3329064f9f10d16fd6de4e0) Importer(815301076,1909f56bfc062723c751e8b465ee728b) (PreviewImporter) -> (artifact id: 'c59d26cc8a333258333c386bba487fc5') in 0.0047707 seconds
Number of updated asset objects reloaded before import = 0Number of asset objects unloaded after import = 3

========================================================================
Received Import Request.
  Time since last request: 0.000046 seconds.
  path: Assets/Scenes/е»ҡжҲҝең°жқҝпјҲ224 Г— 192пјү_32 1.asset
  artifactKey: Guid(5edbec06d83423c408c3928a1bd49c06) Importer(815301076,1909f56bfc062723c751e8b465ee728b)
Start importing Assets/Scenes/е»ҡжҲҝең°жқҝпјҲ224 Г— 192пјү_32 1.asset using Guid(5edbec06d83423c408c3928a1bd49c06) Importer(815301076,1909f56bfc062723c751e8b465ee728b) (PreviewImporter) -> (artifact id: '50cf435fcee0b60821b50c45e25da155') in 0.004818 seconds
Number of updated asset objects reloaded before import = 0Number of asset objects unloaded after import = 3

========================================================================
Received Import Request.
  Time since last request: 0.070599 seconds.
  path: Assets/Scenes/е»ҡжҲҝең°жқҝпјҲ224 Г— 192пјү_35 1.asset
  artifactKey: Guid(b858f580a89a2714ba70f559ca4bc839) Importer(815301076,1909f56bfc062723c751e8b465ee728b)
Start importing Assets/Scenes/е»ҡжҲҝең°жқҝпјҲ224 Г— 192пјү_35 1.asset using Guid(b858f580a89a2714ba70f559ca4bc839) Importer(815301076,1909f56bfc062723c751e8b465ee728b) (PreviewImporter) -> (artifact id: '655437de296ce111029ed049ad24f34d') in 0.0036255 seconds
Number of updated asset objects reloaded before import = 0Number of asset objects unloaded after import = 3

========================================================================
Received Import Request.
  Time since last request: 0.000017 seconds.
  path: Assets/Scenes/е»ҡжҲҝең°жқҝпјҲ224 Г— 192пјү_36 1.asset
  artifactKey: Guid(f576aeea60e1a214aa41ef271dd6822e) Importer(815301076,1909f56bfc062723c751e8b465ee728b)
Start importing Assets/Scenes/е»ҡжҲҝең°жқҝпјҲ224 Г— 192пјү_36 1.asset using Guid(f576aeea60e1a214aa41ef271dd6822e) Importer(815301076,1909f56bfc062723c751e8b465ee728b) (PreviewImporter) -> (artifact id: '9ca723c462af13825f9989dc14c0a3e1') in 0.00413 seconds
Number of updated asset objects reloaded before import = 0Number of asset objects unloaded after import = 3

========================================================================
Received Import Request.
  Time since last request: 0.000017 seconds.
  path: Assets/Scenes/е»ҡжҲҝең°жқҝпјҲ224 Г— 192пјү_38 1.asset
  artifactKey: Guid(b11ed337657df9c45be8b827e095b576) Importer(815301076,1909f56bfc062723c751e8b465ee728b)
Start importing Assets/Scenes/е»ҡжҲҝең°жқҝпјҲ224 Г— 192пјү_38 1.asset using Guid(b11ed337657df9c45be8b827e095b576) Importer(815301076,1909f56bfc062723c751e8b465ee728b) (PreviewImporter) -> (artifact id: '6067c708a88518815d3956315d12ae88') in 0.0036313 seconds
Number of updated asset objects reloaded before import = 0Number of asset objects unloaded after import = 3

Editor requested this worker to shutdown with reason: Scaling down because of idle timeout
AssetImportWorker is now disconnected from the server
Process exiting
Exiting without the bug reporter. Application will terminate with return code 0