[Licensing::Module] Trying to connect to existing licensing client channel...
Built from '6000.3/staging' branch; Version is '6000.3.10f1 (e35f0c77bd8e) revision 14901004'; Using compiler version '194234433'; Build Type 'Release'
OS: 'Windows 11  (10.0.26200) Core' Language: 'zh' Physical Memory: 48781 MB
BatchMode: 1, IsHumanControllingUs: 0, StartBugReporterOnCrash: 0, Is64bit: 1
System  architecture: x64
[Licensing::IpcConnector] Successfully connected to: "LicenseClient-qSRmLYszJlAg1d2U6xQ77" at "2026-03-10T14:31:14.1206487Z"
Process architecture: x64
Date: 2026-03-10T14:31:14Z

COMMAND LINE ARGUMENTS:
C:\Program Files\Unity\Hub\Editor\6000.3.10f1\Editor\Unity.exe
-adb2
-batchMode
-noUpm
-name
AssetImportWorker2
-projectPath
D:/Ś§ßŚ≠ł/šļļŚüĻŚģ§/The truth/The-truth
-logFile
Logs/AssetImportWorker2.log
-srvPort
63953
-licensingIpc
LicenseClient-qSRmLYszJlAg1d2U6xQ77
-job-worker-count
7
-background-job-worker-count
8
-gc-helper-count
1
-name
AssetImport
Successfully changed project path to: D:/Ś§ßŚ≠ł/šļļŚüĻŚģ§/The truth/The-truth
D:/Ś§ßŚ≠ł/šļļŚüĻŚģ§/The truth/The-truth
[UnityMemory] Configuration Parameters - Can be set up in boot.config
    "memorysetup-temp-allocator-size-nav-mesh-worker=65536"
    "memorysetup-temp-allocator-size-audio-worker=65536"
    "memorysetup-temp-allocator-size-gfx=262144"
    "memorysetup-allocator-temp-initial-block-size-main=262144"
    "memorysetup-allocator-temp-initial-block-size-worker=262144"
    "memorysetup-temp-allocator-size-background-worker=32768"
    "memorysetup-temp-allocator-size-job-worker=262144"
    "memorysetup-temp-allocator-size-preload-manager=33554432"
    "memorysetup-temp-allocator-size-gi-baking-worker=262144"
    "memorysetup-temp-allocator-size-gi-baking-worker=262144"
    "memorysetup-temp-allocator-size-gi-baking-worker=262144"
    "memorysetup-temp-allocator-size-gi-baking-worker=262144"
    "memorysetup-temp-allocator-size-gi-baking-worker=262144"
    "memorysetup-bucket-allocator-granularity=16"
    "memorysetup-bucket-allocator-bucket-count=8"
    "memorysetup-bucket-allocator-block-size=33554432"
    "memorysetup-bucket-allocator-block-count=8"
    "memorysetup-main-allocator-block-size=16777216"
    "memorysetup-thread-allocator-block-size=16777216"
    "memorysetup-gfx-main-allocator-block-size=16777216"
    "memorysetup-gfx-thread-allocator-block-size=16777216"
    "memorysetup-cache-allocator-block-size=4194304"
    "memorysetup-typetree-allocator-block-size=2097152"
    "memorysetup-profiler-bucket-allocator-granularity=16"
    "memorysetup-profiler-bucket-allocator-bucket-count=8"
    "memorysetup-profiler-bucket-allocator-block-size=33554432"
    "memorysetup-profiler-bucket-allocator-block-count=8"
    "memorysetup-profiler-allocator-block-size=16777216"
    "memorysetup-profiler-editor-allocator-block-size=1048576"
    "memorysetup-temp-allocator-size-main=16777216"
    "memorysetup-job-temp-allocator-block-size=2097152"
    "memorysetup-job-temp-allocator-block-size-background=1048576"
    "memorysetup-job-temp-allocator-reduction-small-platforms=262144"
    "memorysetup-temp-allocator-size-cloud-worker=32768"
Player connection [25268]  Target information:

Player connection [25268]  * "[IP] 26.105.232.86 [Port] 0 [Flags] 2 [Guid] 486177108 [EditorId] 486177108 [Version] 1048832 [Id] WindowsEditor(7,©ż) [Debug] 1 [PackageName] WindowsEditor [ProjectName] Editor" 

Player connection [25268]  * "[IP] 172.20.10.3 [Port] 0 [Flags] 2 [Guid] 486177108 [EditorId] 486177108 [Version] 1048832 [Id] WindowsEditor(7,©ż) [Debug] 1 [PackageName] WindowsEditor [ProjectName] Editor" 

Player connection [25268] Host joined multi-casting on [225.0.0.222:54997]...
Player connection [25268] Host joined alternative multi-casting on [225.0.0.222:34997]...
JobSystem: Creating JobQueue using job-worker-count value 7
Input System module state changed to: Initialized.
[Physics::Module] Initialized fallback backend.
[Physics::Module] Id: 0xdecafbad
Library Redirect Path: Library/
[Physics::Module] Selected backend.
[Physics::Module] Name: PhysX
[Physics::Module] Id: 0xf2b8ea05
[Physics::Module] SDK Version: 4.1.2
[Physics::Module] Integration Version: 1.0.0
[Physics::Module] Threading Mode: Multi-Threaded
Refreshing native plugins compatible for Editor in 3.27 ms, found 4 plugins.
Preloading 0 native plugins for Editor in 0.00 ms.
Initialize engine version: 6000.3.10f1 (e35f0c77bd8e)
[Subsystems] Discovering subsystems at path C:/Program Files/Unity/Hub/Editor/6000.3.10f1/Editor/Data/Resources/UnitySubsystems
[Subsystems] Discovering subsystems at path D:/Ś§ßŚ≠ł/šļļŚüĻŚģ§/The truth/The-truth/Assets
GfxDevice: creating device client; kGfxThreadingModeNonThreaded
Direct3D:
    Version:  Direct3D 11.0 [level 11.1]
    Renderer: NVIDIA GeForce RTX 5060 Laptop GPU (ID=0x2d19)
    Vendor:   NVIDIA
    VRAM:     7810 MB
    Driver:   32.0.15.8166
Initialize mono
Mono path[0] = 'C:/Program Files/Unity/Hub/Editor/6000.3.10f1/Editor/Data/Managed'
Mono path[1] = 'C:/Program Files/Unity/Hub/Editor/6000.3.10f1/Editor/Data/MonoBleedingEdge/lib/mono/unityjit-win32'
Mono config path = 'C:/Program Files/Unity/Hub/Editor/6000.3.10f1/Editor/Data/MonoBleedingEdge/etc'
Using monoOptions --debugger-agent=transport=dt_socket,embedding=1,server=y,suspend=n,address=127.0.0.1:56172
Begin MonoManager ReloadAssembly
Registering precompiled unity dll's ...
Register platform support module: C:/Program Files/Unity/Hub/Editor/6000.3.10f1/Editor/Data/PlaybackEngines/WebGLSupport/UnityEditor.WebGL.Extensions.dll
Register platform support module: C:/Program Files/Unity/Hub/Editor/6000.3.10f1/Editor/Data/PlaybackEngines/WindowsStandaloneSupport/UnityEditor.WindowsStandalone.Extensions.dll
[Licensing::Module] Licensing is not yet initialized.
[Licensing::Client] Error: HandshakeResponse reported an error:
	ResponseCode: 505
	ResponseStatus: Unsupported protocol version '1.17.4'.
[Licensing::Module] Error: Failed to handshake to channel: "LicenseClient-qSRmLYszJlAg1d2U6xQ77"
[Licensing::IpcConnector] LicenseClient-qSRmLYszJlAg1d2U6xQ77 channel disconnected successfully.
[Licensing::IpcConnector] Successfully connected to: "LicenseClient-HP-6000.3.10" at "2026-03-10T14:31:16.0735548Z"
[Licensing::Client] Handshaking with LicensingClient:
  Version:                 1.17.4+4293ba1
  Session Id:              d670d3596f574645acd58b77d231d63d
  Correlation Id:          7c4b95f36b6c1f182b51cfe4e2674a64
  External correlation Id: 8084310465960411652
  Machine Id:              RTQJqdM1o6K0WXNM9E0FTeCVfXM=
[Licensing::Module] Successfully connected to LicensingClient on channel: "LicenseClient-HP-6000.3.10" (connect: 0.00s, validation: 0.00s, handshake: 1.79s)
[Licensing::IpcConnector] Successfully connected to: "LicenseClient-HP-6000.3.10-notifications" at "2026-03-10T14:31:17.8701333Z"
[Licensing::Module] Licensing Background thread has ended after 3.75s
[Licensing::Module] Licensing is initialized (took 2.90s).
[Licensing::Client] Successfully resolved entitlement details
[Licensing::Module] License group:
  Id: F4-ASHM-9AHC-MNGY-H298-XXXX
  Product: Unity Personal
  Type: ULF
  Expiration: 2026-03-20T15:29:30Z
[Licensing::Module] License group:
  Id: ewogICJzdWJzR3JvdXAiIDogInVuaXR5IGVkaXRvciIsCiAgIm5hbWVzcGFjZSIgOiAidW5pdHlfZWRpdG9yIiwKICAidHlwZSIgOiAiRURJVE9SIiwKICAidGFnIiA6ICJVbml0eVBlcnNvbmFsXXXX
  Product: Unity Personal Version
  Type: Assigned
  Expiration: Unlimited
Register platform support module: C:/Program Files/Unity/Hub/Editor/6000.3.10f1/Editor/Data/PlaybackEngines/AndroidPlayer/UnityEditor.Android.Extensions.dll
Registered in 2.904704 seconds.
- Loaded All Assemblies, in  3.327 seconds
Native extension for Android target not found
Android Extension - Scanning For ADB Devices 214 ms
Native extension for WindowsStandalone target not found
Native extension for WebGL target not found
ScheduleIndexationOnStartup MainProcess:False IndexOnStartup:True
Mono: successfully reloaded assembly
- Finished resetting the current domain, in  0.641 seconds
Domain Reload Profiling: 3965ms
	BeginReloadAssembly (132ms)
		ExecutionOrderSort (0ms)
		DisableScriptedObjects (0ms)
		BackupInstance (0ms)
		ReleaseScriptingObjects (0ms)
		CreateAndSetChildDomain (1ms)
	RebuildCommonClasses (38ms)
	RebuildNativeTypeToScriptingClass (16ms)
	initialDomainReloadingComplete (2949ms)
	LoadAllAssembliesAndSetupDomain (190ms)
		LoadAssemblies (129ms)
		RebuildTransferFunctionScriptingTraits (0ms)
		AnalyzeDomain (185ms)
			TypeCache.Refresh (184ms)
				TypeCache.ScanAssembly (169ms)
			BuildScriptInfoCaches (0ms)
			ResolveRequiredComponents (0ms)
	FinalizeReload (641ms)
		ReleaseScriptCaches (0ms)
		RebuildScriptCaches (0ms)
		SetupLoadedEditorAssemblies (599ms)
			LogAssemblyErrors (0ms)
			InitializePlatformSupportModulesInManaged (307ms)
			SetLoadedEditorAssemblies (3ms)
			BeforeProcessingInitializeOnLoad (80ms)
			ProcessInitializeOnLoadAttributes (145ms)
			ProcessInitializeOnLoadMethodAttributes (64ms)
			AfterProcessingInitializeOnLoad (0ms)
			EditorAssembliesLoaded (0ms)
		ExecutionOrderSort2 (0ms)
		AwakeInstancesAfterBackupRestoration (0ms)
========================================================================
Worker process is ready to serve import requests
Import Worker Mode flag is 0x00
Begin MonoManager ReloadAssembly
[Licensing::Client] Successfully resolved entitlement details
[Licensing::Module] License group:
  Id: F4-ASHM-9AHC-MNGY-H298-XXXX
  Product: Unity Personal
  Type: ULF
  Expiration: 2026-03-20T15:29:30Z
[Licensing::Module] License group:
  Id: ewogICJzdWJzR3JvdXAiIDogInVuaXR5IGVkaXRvciIsCiAgIm5hbWVzcGFjZSIgOiAidW5pdHlfZWRpdG9yIiwKICAidHlwZSIgOiAiRURJVE9SIiwKICAidGFnIiA6ICJVbml0eVBlcnNvbmFsXXXX
  Product: Unity Personal Version
  Type: Assigned
  Expiration: Unlimited
- Loaded All Assemblies, in  0.648 seconds
Refreshing native plugins compatible for Editor in 1.19 ms, found 4 plugins.
Native extension for Android target not found
Native extension for WindowsStandalone target not found
Native extension for WebGL target not found
Package Manager log level set to [2]
[Package Manager] Failed to launch server process. Reason: Unity was launched with the -noUpm command-line argument
[Package Manager] Unable to send message (not connected to server process).
[Package Manager] Cannot connect to Unity Package Manager local server
ScheduleIndexationOnStartup MainProcess:False IndexOnStartup:True
Mono: successfully reloaded assembly
- Finished resetting the current domain, in  0.694 seconds
Domain Reload Profiling: 1340ms
	BeginReloadAssembly (164ms)
		ExecutionOrderSort (0ms)
		DisableScriptedObjects (6ms)
		BackupInstance (0ms)
		ReleaseScriptingObjects (0ms)
		CreateAndSetChildDomain (29ms)
	RebuildCommonClasses (34ms)
	RebuildNativeTypeToScriptingClass (11ms)
	initialDomainReloadingComplete (35ms)
	LoadAllAssembliesAndSetupDomain (401ms)
		LoadAssemblies (281ms)
		RebuildTransferFunctionScriptingTraits (0ms)
		AnalyzeDomain (204ms)
			TypeCache.Refresh (137ms)
				TypeCache.ScanAssembly (122ms)
			BuildScriptInfoCaches (57ms)
			ResolveRequiredComponents (6ms)
	FinalizeReload (695ms)
		ReleaseScriptCaches (0ms)
		RebuildScriptCaches (0ms)
		SetupLoadedEditorAssemblies (598ms)
			LogAssemblyErrors (0ms)
			InitializePlatformSupportModulesInManaged (10ms)
			SetLoadedEditorAssemblies (4ms)
			BeforeProcessingInitializeOnLoad (122ms)
			ProcessInitializeOnLoadAttributes (405ms)
			ProcessInitializeOnLoadMethodAttributes (53ms)
			AfterProcessingInitializeOnLoad (4ms)
			EditorAssembliesLoaded (0ms)
		ExecutionOrderSort2 (0ms)
		AwakeInstancesAfterBackupRestoration (5ms)
Launched and connected shader compiler UnityShaderCompiler.exe after 0.01 seconds
Refreshing native plugins compatible for Editor in 0.93 ms, found 4 plugins.
Preloading 0 native plugins for Editor in 0.00 ms.
Unloading 0 Unused Serialized files (Serialized files now loaded: 0)
Unloading 4601 unused Assets / (1.3 MB). Loaded Objects now: 5185.
Memory consumption went from 97.7 MB to 96.4 MB.
Total: 5.186400 ms (FindLiveObjects: 0.253600 ms CreateObjectMapping: 0.164100 ms MarkObjects: 4.024000 ms  DeleteObjects: 0.743900 ms)

========================================================================
Received Import Request.
  Time since last request: 8389.994367 seconds.
  path: Assets/Scenes
  artifactKey: Guid(131a6b21c8605f84396be9f6751fb6e3) Importer(815301076,1909f56bfc062723c751e8b465ee728b)
Start importing Assets/Scenes using Guid(131a6b21c8605f84396be9f6751fb6e3) Importer(815301076,1909f56bfc062723c751e8b465ee728b) (PreviewImporter) -> (artifact id: '093e80f67cd7ce4dfdff179e28c0a933') in 0.0037057 seconds
Number of updated asset objects reloaded before import = 0Number of asset objects unloaded after import = 0

========================================================================
Received Import Request.
  Time since last request: 0.059659 seconds.
  path: Assets/Scenes/ŚĽöśąŅśēīŚúĖÔľą224 √ó 256ÔľČ.png
  artifactKey: Guid(56e15ca18655cdb40a1d3d548ef464e8) Importer(815301076,1909f56bfc062723c751e8b465ee728b)
Start importing Assets/Scenes/ŚĽöśąŅśēīŚúĖÔľą224 √ó 256ÔľČ.png using Guid(56e15ca18655cdb40a1d3d548ef464e8) Importer(815301076,1909f56bfc062723c751e8b465ee728b) (PreviewImporter) -> (artifact id: '5d5313393023358968ea0acd83311048') in 0.0759668 seconds
Number of updated asset objects reloaded before import = 0Number of asset objects unloaded after import = 3

========================================================================
Received Import Request.
  Time since last request: 7.253260 seconds.
  path: Assets/Scenes/SampleScene.unity
  artifactKey: Guid(4fa2026cdab44b644bf14927087112ae) Importer(815301076,1909f56bfc062723c751e8b465ee728b)
Start importing Assets/Scenes/SampleScene.unity using Guid(4fa2026cdab44b644bf14927087112ae) Importer(815301076,1909f56bfc062723c751e8b465ee728b) (PreviewImporter) -> (artifact id: 'c03e83a70fea6bf3f8cd855c5259a071') in 0.000414 seconds
Number of updated asset objects reloaded before import = 0Number of asset objects unloaded after import = 0

========================================================================
Received Import Request.
  Time since last request: 35.897341 seconds.
  path: Assets/Scenes/MainScene.unity
  artifactKey: Guid(4daf5329da533674aa7396ead3c66977) Importer(815301076,1909f56bfc062723c751e8b465ee728b)
Start importing Assets/Scenes/MainScene.unity using Guid(4daf5329da533674aa7396ead3c66977) Importer(815301076,1909f56bfc062723c751e8b465ee728b) (PreviewImporter) -> (artifact id: '547c44a30615af699d386def6a4db5ad') in 0.0004305 seconds
Number of updated asset objects reloaded before import = 0Number of asset objects unloaded after import = 0

========================================================================
Received Prepare
Begin MonoManager ReloadAssembly
[Licensing::Client] Successfully resolved entitlement details
[Licensing::Module] License group:
  Id: F4-ASHM-9AHC-MNGY-H298-XXXX
  Product: Unity Personal
  Type: ULF
  Expiration: 2026-03-20T15:29:30Z
[Licensing::Module] License group:
  Id: ewogICJzdWJzR3JvdXAiIDogInVuaXR5IGVkaXRvciIsCiAgIm5hbWVzcGFjZSIgOiAidW5pdHlfZWRpdG9yIiwKICAidHlwZSIgOiAiRURJVE9SIiwKICAidGFnIiA6ICJVbml0eVBlcnNvbmFsXXXX
  Product: Unity Personal Version
  Type: Assigned
  Expiration: Unlimited
- Loaded All Assemblies, in  0.532 seconds
Refreshing native plugins compatible for Editor in 1.01 ms, found 4 plugins.
Native extension for Android target not found
Native extension for WindowsStandalone target not found
Native extension for WebGL target not found
[Package Manager] Failed to launch server process. Reason: Unity was launched with the -noUpm command-line argument
[Package Manager] Unable to send message (not connected to server process).
[Package Manager] Cannot connect to Unity Package Manager local server
ScheduleIndexationOnStartup MainProcess:False IndexOnStartup:True
Mono: successfully reloaded assembly
- Finished resetting the current domain, in  0.673 seconds
Domain Reload Profiling: 1204ms
	BeginReloadAssembly (172ms)
		ExecutionOrderSort (0ms)
		DisableScriptedObjects (11ms)
		BackupInstance (0ms)
		ReleaseScriptingObjects (0ms)
		CreateAndSetChildDomain (38ms)
	RebuildCommonClasses (30ms)
	RebuildNativeTypeToScriptingClass (11ms)
	initialDomainReloadingComplete (23ms)
	LoadAllAssembliesAndSetupDomain (297ms)
		LoadAssemblies (260ms)
		RebuildTransferFunctionScriptingTraits (0ms)
		AnalyzeDomain (120ms)
			TypeCache.Refresh (5ms)
				TypeCache.ScanAssembly (0ms)
			BuildScriptInfoCaches (108ms)
			ResolveRequiredComponents (4ms)
	FinalizeReload (673ms)
		ReleaseScriptCaches (0ms)
		RebuildScriptCaches (0ms)
		SetupLoadedEditorAssemblies (569ms)
			LogAssemblyErrors (0ms)
			InitializePlatformSupportModulesInManaged (8ms)
			SetLoadedEditorAssemblies (3ms)
			BeforeProcessingInitializeOnLoad (113ms)
			ProcessInitializeOnLoadAttributes (385ms)
			ProcessInitializeOnLoadMethodAttributes (53ms)
			AfterProcessingInitializeOnLoad (5ms)
			EditorAssembliesLoaded (0ms)
		ExecutionOrderSort2 (0ms)
		AwakeInstancesAfterBackupRestoration (7ms)
Refreshing native plugins compatible for Editor in 1.45 ms, found 4 plugins.
Preloading 0 native plugins for Editor in 0.00 ms.
Unloading 0 Unused Serialized files (Serialized files now loaded: 0)
Unloading 4599 unused Assets / (0.9 MB). Loaded Objects now: 5196.
Memory consumption went from 98.8 MB to 97.9 MB.
Total: 6.496000 ms (FindLiveObjects: 0.351900 ms CreateObjectMapping: 0.178200 ms MarkObjects: 5.092700 ms  DeleteObjects: 0.872100 ms)

Prepare: number of updated asset objects reloaded= 0
========================================================================
Received Import Request.
  Time since last request: 302.075541 seconds.
  path: Assets/Scenes/ŚĽöśąŅŚúįśĚŅÔľą224 √ó 192ÔľČ.png
  artifactKey: Guid(734600916dc4b104c8b92008047a34fe) Importer(815301076,1909f56bfc062723c751e8b465ee728b)
Start importing Assets/Scenes/ŚĽöśąŅŚúįśĚŅÔľą224 √ó 192ÔľČ.png using Guid(734600916dc4b104c8b92008047a34fe) Importer(815301076,1909f56bfc062723c751e8b465ee728b) (PreviewImporter) -> (artifact id: '657998f021b5a1950be2c260fec303c6') in 0.0585343 seconds
Number of updated asset objects reloaded before import = 0Number of asset objects unloaded after import = 3

========================================================================
Received Import Request.
  Time since last request: 0.396254 seconds.
  path: Assets/Scenes/ŚĽöśąŅŚúįśĚŅÔľą224 √ó 192ÔľČ.png
  artifactKey: Guid(734600916dc4b104c8b92008047a34fe) Importer(2089858483,b0f066a214c2f5e87bad3c948f4d605d)
Start importing Assets/Scenes/ŚĽöśąŅŚúįśĚŅÔľą224 √ó 192ÔľČ.png using Guid(734600916dc4b104c8b92008047a34fe) Importer(2089858483,b0f066a214c2f5e87bad3c948f4d605d) (ScriptedImporter) -> (artifact id: '6315f8faeea693a6cf625a2ec835f27c') in 0.1228776 seconds
Number of updated asset objects reloaded before import = 0Number of asset objects unloaded after import = 3

========================================================================
Received Import Request.
  Time since last request: 64.308411 seconds.
  path: Assets/Scenes/ŚĽöśąŅŚúįśĚŅÔľą224 √ó 192ÔľČ.png
  artifactKey: Guid(734600916dc4b104c8b92008047a34fe) Importer(815301076,1909f56bfc062723c751e8b465ee728b)
Start importing Assets/Scenes/ŚĽöśąŅŚúįśĚŅÔľą224 √ó 192ÔľČ.png using Guid(734600916dc4b104c8b92008047a34fe) Importer(815301076,1909f56bfc062723c751e8b465ee728b) (PreviewImporter) -> (artifact id: '67b6a173f3e3abb62504996218e92d52') in 0.0243704 seconds
Number of updated asset objects reloaded before import = 0Number of asset objects unloaded after import = 3

========================================================================
Received Import Request.
  Time since last request: 0.967917 seconds.
  path: Assets/Scenes/ŚĽöśąŅŚúįśĚŅÔľą224 √ó 192ÔľČ.png
  artifactKey: Guid(734600916dc4b104c8b92008047a34fe) Importer(2089858483,b0f066a214c2f5e87bad3c948f4d605d)
Start importing Assets/Scenes/ŚĽöśąŅŚúįśĚŅÔľą224 √ó 192ÔľČ.png using Guid(734600916dc4b104c8b92008047a34fe) Importer(2089858483,b0f066a214c2f5e87bad3c948f4d605d) (ScriptedImporter) -> (artifact id: 'df269477603285342315bdf5e52df819') in 0.0230889 seconds
Number of updated asset objects reloaded before import = 0Number of asset objects unloaded after import = 3

========================================================================
Received Import Request.
  Time since last request: 78.450067 seconds.
  path: Assets/Scenes/ŚĽöśąŅŚúįśĚŅÔľą224 √ó 192ÔľČ.png
  artifactKey: Guid(734600916dc4b104c8b92008047a34fe) Importer(815301076,1909f56bfc062723c751e8b465ee728b)
Start importing Assets/Scenes/ŚĽöśąŅŚúįśĚŅÔľą224 √ó 192ÔľČ.png using Guid(734600916dc4b104c8b92008047a34fe) Importer(815301076,1909f56bfc062723c751e8b465ee728b) (PreviewImporter) -> (artifact id: '6f323b19191cd045072e61b062531719') in 0.08906 seconds
Number of updated asset objects reloaded before import = 0Number of asset objects unloaded after import = 43

========================================================================
Received Import Request.
  Time since last request: 0.857641 seconds.
  path: Assets/Scenes/ŚĽöśąŅŚúįśĚŅÔľą224 √ó 192ÔľČ.png
  artifactKey: Guid(734600916dc4b104c8b92008047a34fe) Importer(2089858483,b0f066a214c2f5e87bad3c948f4d605d)
Start importing Assets/Scenes/ŚĽöśąŅŚúįśĚŅÔľą224 √ó 192ÔľČ.png using Guid(734600916dc4b104c8b92008047a34fe) Importer(2089858483,b0f066a214c2f5e87bad3c948f4d605d) (ScriptedImporter) -> (artifact id: '36c2142c5169e2c833cbbfbb35808c41') in 0.0553592 seconds
Number of updated asset objects reloaded before import = 0Number of asset objects unloaded after import = 43

========================================================================
Received Import Request.
  Time since last request: 835.129497 seconds.
  path: Assets/Scenes/ŚúįśĚŅ.prefab
  artifactKey: Guid(5ae2021f0b9255846a6eddf6c7b8bd52) Importer(815301076,1909f56bfc062723c751e8b465ee728b)
Start importing Assets/Scenes/ŚúįśĚŅ.prefab using Guid(5ae2021f0b9255846a6eddf6c7b8bd52) Importer(815301076,1909f56bfc062723c751e8b465ee728b) (PreviewImporter) -> (artifact id: '632385f3fe53299312b8a07a3a88e884') in 0.082327 seconds
Number of updated asset objects reloaded before import = 0Number of asset objects unloaded after import = 10

========================================================================
Received Import Request.
  Time since last request: 0.860942 seconds.
  path: Assets/Scenes/ŚúįśĚŅ.prefab
  artifactKey: Guid(5ae2021f0b9255846a6eddf6c7b8bd52) Importer(2089858483,b0f066a214c2f5e87bad3c948f4d605d)
Start importing Assets/Scenes/ŚúįśĚŅ.prefab using Guid(5ae2021f0b9255846a6eddf6c7b8bd52) Importer(2089858483,b0f066a214c2f5e87bad3c948f4d605d) (ScriptedImporter) -> (artifact id: '40382e28c39e14c4be71ddd2c4858c18') in 0.0348761 seconds
Number of updated asset objects reloaded before import = 0Number of asset objects unloaded after import = 10

========================================================================
Received Import Request.
  Time since last request: 18.696728 seconds.
  path: Assets/Scenes/ŚúįśĚŅ.prefab
  artifactKey: Guid(5ae2021f0b9255846a6eddf6c7b8bd52) Importer(815301076,1909f56bfc062723c751e8b465ee728b)
Start importing Assets/Scenes/ŚúįśĚŅ.prefab using Guid(5ae2021f0b9255846a6eddf6c7b8bd52) Importer(815301076,1909f56bfc062723c751e8b465ee728b) (PreviewImporter) -> (artifact id: '694df6204e72736da8e26d2543c00dd8') in 0.0267211 seconds
Number of updated asset objects reloaded before import = 0Number of asset objects unloaded after import = 93

========================================================================
Received Import Request.
  Time since last request: 0.000019 seconds.
  path: Assets/Scenes/ŚĽöśąŅŚúįśĚŅÔľą224 √ó 192ÔľČ_12.asset
  artifactKey: Guid(3ee1c25bb6af0bc4c97024bdce05e0d6) Importer(815301076,1909f56bfc062723c751e8b465ee728b)
Start importing Assets/Scenes/ŚĽöśąŅŚúįśĚŅÔľą224 √ó 192ÔľČ_12.asset using Guid(3ee1c25bb6af0bc4c97024bdce05e0d6) Importer(815301076,1909f56bfc062723c751e8b465ee728b) (PreviewImporter) -> (artifact id: '66b07e03435cab5d91f7caed26d02287') in 0.0144972 seconds
Number of updated asset objects reloaded before import = 0Number of asset objects unloaded after import = 3

========================================================================
Received Import Request.
  Time since last request: 0.000015 seconds.
  path: Assets/Scenes/ŚĽöśąŅŚúįśĚŅÔľą224 √ó 192ÔľČ_16.asset
  artifactKey: Guid(1db8ea17ad662bf45be9a31cc78a7211) Importer(815301076,1909f56bfc062723c751e8b465ee728b)
Start importing Assets/Scenes/ŚĽöśąŅŚúįśĚŅÔľą224 √ó 192ÔľČ_16.asset using Guid(1db8ea17ad662bf45be9a31cc78a7211) Importer(815301076,1909f56bfc062723c751e8b465ee728b) (PreviewImporter) -> (artifact id: '069b01373d728719affea5d2fd48122d') in 0.0044169 seconds
Number of updated asset objects reloaded before import = 0Number of asset objects unloaded after import = 3

========================================================================
Received Import Request.
  Time since last request: 0.000027 seconds.
  path: Assets/Scenes/ŚĽöśąŅŚúįśĚŅÔľą224 √ó 192ÔľČ_2.asset
  artifactKey: Guid(4a4a0b3f8069f1d4f98de5aa8ff17da7) Importer(815301076,1909f56bfc062723c751e8b465ee728b)
Start importing Assets/Scenes/ŚĽöśąŅŚúįśĚŅÔľą224 √ó 192ÔľČ_2.asset using Guid(4a4a0b3f8069f1d4f98de5aa8ff17da7) Importer(815301076,1909f56bfc062723c751e8b465ee728b) (PreviewImporter) -> (artifact id: '34c104bea6955cb2da51e3486c707c85') in 0.0049804 seconds
Number of updated asset objects reloaded before import = 0Number of asset objects unloaded after import = 3

========================================================================
Received Import Request.
  Time since last request: 0.000018 seconds.
  path: Assets/Scenes/ŚĽöśąŅŚúįśĚŅÔľą224 √ó 192ÔľČ_24.asset
  artifactKey: Guid(115fad60e942e1344bf0cc75eafbc291) Importer(815301076,1909f56bfc062723c751e8b465ee728b)
Start importing Assets/Scenes/ŚĽöśąŅŚúįśĚŅÔľą224 √ó 192ÔľČ_24.asset using Guid(115fad60e942e1344bf0cc75eafbc291) Importer(815301076,1909f56bfc062723c751e8b465ee728b) (PreviewImporter) -> (artifact id: '3ac24a7c81908ff8d6a14718414e8d44') in 0.0085581 seconds
Number of updated asset objects reloaded before import = 0Number of asset objects unloaded after import = 3

========================================================================
Received Import Request.
  Time since last request: 0.000015 seconds.
  path: Assets/Scenes/ŚĽöśąŅŚúįśĚŅÔľą224 √ó 192ÔľČ_6.asset
  artifactKey: Guid(b099c42f7b7df6747a1642fb160b847a) Importer(815301076,1909f56bfc062723c751e8b465ee728b)
Start importing Assets/Scenes/ŚĽöśąŅŚúįśĚŅÔľą224 √ó 192ÔľČ_6.asset using Guid(b099c42f7b7df6747a1642fb160b847a) Importer(815301076,1909f56bfc062723c751e8b465ee728b) (PreviewImporter) -> (artifact id: 'deb3499692d52adf681e2470891162e1') in 0.0050646 seconds
Number of updated asset objects reloaded before import = 0Number of asset objects unloaded after import = 3

========================================================================
Received Import Request.
  Time since last request: 0.000016 seconds.
  path: Assets/Scenes/ŚĽöśąŅŚúįśĚŅÔľą224 √ó 192ÔľČ_32.asset
  artifactKey: Guid(0d3bcad6132498d4da526c5f6a3e0a5c) Importer(815301076,1909f56bfc062723c751e8b465ee728b)
Start importing Assets/Scenes/ŚĽöśąŅŚúįśĚŅÔľą224 √ó 192ÔľČ_32.asset using Guid(0d3bcad6132498d4da526c5f6a3e0a5c) Importer(815301076,1909f56bfc062723c751e8b465ee728b) (PreviewImporter) -> (artifact id: 'a5d242317176dd219774abdbd7034735') in 0.005054 seconds
Number of updated asset objects reloaded before import = 0Number of asset objects unloaded after import = 3

========================================================================
Received Import Request.
  Time since last request: 0.000018 seconds.
  path: Assets/Scenes/ŚĽöśąŅŚúįśĚŅÔľą224 √ó 192ÔľČ_22.asset
  artifactKey: Guid(dfedb87e33ae35d4fb699c3544e308e9) Importer(815301076,1909f56bfc062723c751e8b465ee728b)
Start importing Assets/Scenes/ŚĽöśąŅŚúįśĚŅÔľą224 √ó 192ÔľČ_22.asset using Guid(dfedb87e33ae35d4fb699c3544e308e9) Importer(815301076,1909f56bfc062723c751e8b465ee728b) (PreviewImporter) -> (artifact id: '8c5c8f46404c97ce5d0851019a6acbb6') in 0.0062339 seconds
Number of updated asset objects reloaded before import = 0Number of asset objects unloaded after import = 3

========================================================================
Received Import Request.
  Time since last request: 0.000019 seconds.
  path: Assets/Scenes/ŚĽöśąŅŚúįśĚŅÔľą224 √ó 192ÔľČ_26.asset
  artifactKey: Guid(f1e6f88ef1703e24da9338bb9e7b2186) Importer(815301076,1909f56bfc062723c751e8b465ee728b)
Start importing Assets/Scenes/ŚĽöśąŅŚúįśĚŅÔľą224 √ó 192ÔľČ_26.asset using Guid(f1e6f88ef1703e24da9338bb9e7b2186) Importer(815301076,1909f56bfc062723c751e8b465ee728b) (PreviewImporter) -> (artifact id: '0d585260b0adc83f0aada6b3654b3ae8') in 0.0047663 seconds
Number of updated asset objects reloaded before import = 0Number of asset objects unloaded after import = 3

========================================================================
Received Import Request.
  Time since last request: 0.000017 seconds.
  path: Assets/Scenes/ŚĽöśąŅŚúįśĚŅÔľą224 √ó 192ÔľČ_13.asset
  artifactKey: Guid(a0e74c4567a6bb54ba70131780883cc8) Importer(815301076,1909f56bfc062723c751e8b465ee728b)
Start importing Assets/Scenes/ŚĽöśąŅŚúįśĚŅÔľą224 √ó 192ÔľČ_13.asset using Guid(a0e74c4567a6bb54ba70131780883cc8) Importer(815301076,1909f56bfc062723c751e8b465ee728b) (PreviewImporter) -> (artifact id: '6f4641fbb6d1c5d0bed838e2fd9eb517') in 0.0050396 seconds
Number of updated asset objects reloaded before import = 0Number of asset objects unloaded after import = 3

========================================================================
Received Import Request.
  Time since last request: 0.000018 seconds.
  path: Assets/Scenes/ŚĽöśąŅŚúįśĚŅÔľą224 √ó 192ÔľČ_15.asset
  artifactKey: Guid(a7d8f9712aeeb36459abf11702d05d2a) Importer(815301076,1909f56bfc062723c751e8b465ee728b)
Start importing Assets/Scenes/ŚĽöśąŅŚúįśĚŅÔľą224 √ó 192ÔľČ_15.asset using Guid(a7d8f9712aeeb36459abf11702d05d2a) Importer(815301076,1909f56bfc062723c751e8b465ee728b) (PreviewImporter) -> (artifact id: '90cffe586c00e57cd6d1b012c41761a5') in 0.0055332 seconds
Number of updated asset objects reloaded before import = 0Number of asset objects unloaded after import = 3

========================================================================
Received Import Request.
  Time since last request: 0.000015 seconds.
  path: Assets/Scenes/ŚĽöśąŅŚúįśĚŅÔľą224 √ó 192ÔľČ_19.asset
  artifactKey: Guid(b4d1ed825a334b04ea9c613c8d50913f) Importer(815301076,1909f56bfc062723c751e8b465ee728b)
Start importing Assets/Scenes/ŚĽöśąŅŚúįśĚŅÔľą224 √ó 192ÔľČ_19.asset using Guid(b4d1ed825a334b04ea9c613c8d50913f) Importer(815301076,1909f56bfc062723c751e8b465ee728b) (PreviewImporter) -> (artifact id: 'b0647f8e0eaf34586bc451d5428fab35') in 0.0047695 seconds
Number of updated asset objects reloaded before import = 0Number of asset objects unloaded after import = 3

========================================================================
Received Import Request.
  Time since last request: 0.000017 seconds.
  path: Assets/Scenes/ŚĽöśąŅŚúįśĚŅÔľą224 √ó 192ÔľČ_5.asset
  artifactKey: Guid(c69e2bfa3196de748ac0f1fe349e56b2) Importer(815301076,1909f56bfc062723c751e8b465ee728b)
Start importing Assets/Scenes/ŚĽöśąŅŚúįśĚŅÔľą224 √ó 192ÔľČ_5.asset using Guid(c69e2bfa3196de748ac0f1fe349e56b2) Importer(815301076,1909f56bfc062723c751e8b465ee728b) (PreviewImporter) -> (artifact id: 'd1d5595a6cb0be01072dc99ba2ae0c44') in 0.0036948 seconds
Number of updated asset objects reloaded before import = 0Number of asset objects unloaded after import = 3

========================================================================
Received Import Request.
  Time since last request: 0.000015 seconds.
  path: Assets/Scenes/ŚĽöśąŅŚúįśĚŅÔľą224 √ó 192ÔľČ_17.asset
  artifactKey: Guid(ba3ce29306686be40a8fdbc5d4c820c9) Importer(815301076,1909f56bfc062723c751e8b465ee728b)
Start importing Assets/Scenes/ŚĽöśąŅŚúįśĚŅÔľą224 √ó 192ÔľČ_17.asset using Guid(ba3ce29306686be40a8fdbc5d4c820c9) Importer(815301076,1909f56bfc062723c751e8b465ee728b) (PreviewImporter) -> (artifact id: 'b8ec15ab50e1b842912d9a71a1f27c38') in 0.0052662 seconds
Number of updated asset objects reloaded before import = 0Number of asset objects unloaded after import = 3

========================================================================
Received Import Request.
  Time since last request: 0.000016 seconds.
  path: Assets/Scenes/ŚĽöśąŅŚúįśĚŅÔľą224 √ó 192ÔľČ_25.asset
  artifactKey: Guid(aaf2e59df2430d4468d77819ba5496dc) Importer(815301076,1909f56bfc062723c751e8b465ee728b)
Start importing Assets/Scenes/ŚĽöśąŅŚúįśĚŅÔľą224 √ó 192ÔľČ_25.asset using Guid(aaf2e59df2430d4468d77819ba5496dc) Importer(815301076,1909f56bfc062723c751e8b465ee728b) (PreviewImporter) -> (artifact id: '9608bf3bb5e05a41e6a29ab14d2a6f1a') in 0.0076906 seconds
Number of updated asset objects reloaded before import = 0Number of asset objects unloaded after import = 3

========================================================================
Received Import Request.
  Time since last request: 0.000017 seconds.
  path: Assets/Scenes/ŚĽöśąŅŚúįśĚŅÔľą224 √ó 192ÔľČ_27.asset
  artifactKey: Guid(a7fe125c04f23e14faad57375ca007cf) Importer(815301076,1909f56bfc062723c751e8b465ee728b)
Start importing Assets/Scenes/ŚĽöśąŅŚúįśĚŅÔľą224 √ó 192ÔľČ_27.asset using Guid(a7fe125c04f23e14faad57375ca007cf) Importer(815301076,1909f56bfc062723c751e8b465ee728b) (PreviewImporter) -> (artifact id: '445b719896cca031f71fb5d5998fb3a5') in 0.0062222 seconds
Number of updated asset objects reloaded before import = 0Number of asset objects unloaded after import = 3

========================================================================
Received Import Request.
  Time since last request: 0.000017 seconds.
  path: Assets/Scenes/ŚĽöśąŅŚúįśĚŅÔľą224 √ó 192ÔľČ_31.asset
  artifactKey: Guid(0fdd706e69b8c2342810662e9439b4d0) Importer(815301076,1909f56bfc062723c751e8b465ee728b)
Start importing Assets/Scenes/ŚĽöśąŅŚúįśĚŅÔľą224 √ó 192ÔľČ_31.asset using Guid(0fdd706e69b8c2342810662e9439b4d0) Importer(815301076,1909f56bfc062723c751e8b465ee728b) (PreviewImporter) -> (artifact id: 'bc151d4dabca1ec92631020374d834d9') in 0.005924 seconds
Number of updated asset objects reloaded before import = 0Number of asset objects unloaded after import = 3

========================================================================
Received Import Request.
  Time since last request: 0.000016 seconds.
  path: Assets/Scenes/ŚĽöśąŅŚúįśĚŅÔľą224 √ó 192ÔľČ_8.asset
  artifactKey: Guid(743970d710dd50f4fb80303ad6934596) Importer(815301076,1909f56bfc062723c751e8b465ee728b)
Start importing Assets/Scenes/ŚĽöśąŅŚúįśĚŅÔľą224 √ó 192ÔľČ_8.asset using Guid(743970d710dd50f4fb80303ad6934596) Importer(815301076,1909f56bfc062723c751e8b465ee728b) (PreviewImporter) -> (artifact id: 'b26b4fca7b4125c0caa94be4560a461d') in 0.0044844 seconds
Number of updated asset objects reloaded before import = 0Number of asset objects unloaded after import = 3

========================================================================
Received Import Request.
  Time since last request: 0.000015 seconds.
  path: Assets/Scenes/ŚĽöśąŅŚúįśĚŅÔľą224 √ó 192ÔľČ_1.asset
  artifactKey: Guid(2d878959761821c45ba5e309f7bbf256) Importer(815301076,1909f56bfc062723c751e8b465ee728b)
Start importing Assets/Scenes/ŚĽöśąŅŚúįśĚŅÔľą224 √ó 192ÔľČ_1.asset using Guid(2d878959761821c45ba5e309f7bbf256) Importer(815301076,1909f56bfc062723c751e8b465ee728b) (PreviewImporter) -> (artifact id: '86c1fccb18432f9d599bb9bfdb3481ca') in 0.0053308 seconds
Number of updated asset objects reloaded before import = 0Number of asset objects unloaded after import = 3

========================================================================
Received Import Request.
  Time since last request: 0.000017 seconds.
  path: Assets/Scenes/ŚĽöśąŅŚúįśĚŅÔľą224 √ó 192ÔľČ_10.asset
  artifactKey: Guid(2dff2e45eb50fb6448bec68952e12eb2) Importer(815301076,1909f56bfc062723c751e8b465ee728b)
Start importing Assets/Scenes/ŚĽöśąŅŚúįśĚŅÔľą224 √ó 192ÔľČ_10.asset using Guid(2dff2e45eb50fb6448bec68952e12eb2) Importer(815301076,1909f56bfc062723c751e8b465ee728b) (PreviewImporter) -> (artifact id: '9e847945b441106c966d398297dd7f12') in 0.0048054 seconds
Number of updated asset objects reloaded before import = 0Number of asset objects unloaded after import = 3

========================================================================
Received Import Request.
  Time since last request: 0.000041 seconds.
  path: Assets/Scenes/ŚĽöśąŅŚúįśĚŅÔľą224 √ó 192ÔľČ_7.asset
  artifactKey: Guid(6b48032b392bf4d4bab2f7bbc7b0cba8) Importer(815301076,1909f56bfc062723c751e8b465ee728b)
Start importing Assets/Scenes/ŚĽöśąŅŚúįśĚŅÔľą224 √ó 192ÔľČ_7.asset using Guid(6b48032b392bf4d4bab2f7bbc7b0cba8) Importer(815301076,1909f56bfc062723c751e8b465ee728b) (PreviewImporter) -> (artifact id: 'e42e00c2834bbc7eb026820463b4a450') in 0.0059436 seconds
Number of updated asset objects reloaded before import = 0Number of asset objects unloaded after import = 3

========================================================================
Received Import Request.
  Time since last request: 0.831515 seconds.
  path: Assets/Scenes/ŚĽöśąŅŚúįśĚŅÔľą224 √ó 192ÔľČ_7.asset
  artifactKey: Guid(6b48032b392bf4d4bab2f7bbc7b0cba8) Importer(2089858483,b0f066a214c2f5e87bad3c948f4d605d)
Start importing Assets/Scenes/ŚĽöśąŅŚúįśĚŅÔľą224 √ó 192ÔľČ_7.asset using Guid(6b48032b392bf4d4bab2f7bbc7b0cba8) Importer(2089858483,b0f066a214c2f5e87bad3c948f4d605d) (ScriptedImporter) -> (artifact id: 'c0b4b33f2c475e62133a2f188635d926') in 0.0288119 seconds
Number of updated asset objects reloaded before import = 0Number of asset objects unloaded after import = 2

========================================================================
Received Import Request.
  Time since last request: 0.000014 seconds.
  path: Assets/Scenes/ŚĽöśąŅŚúįśĚŅÔľą224 √ó 192ÔľČ_2.asset
  artifactKey: Guid(4a4a0b3f8069f1d4f98de5aa8ff17da7) Importer(2089858483,b0f066a214c2f5e87bad3c948f4d605d)
Start importing Assets/Scenes/ŚĽöśąŅŚúįśĚŅÔľą224 √ó 192ÔľČ_2.asset using Guid(4a4a0b3f8069f1d4f98de5aa8ff17da7) Importer(2089858483,b0f066a214c2f5e87bad3c948f4d605d) (ScriptedImporter) -> (artifact id: 'fd6b245d2481d284f7d0a4f80fbd24f5') in 0.0193697 seconds
Number of updated asset objects reloaded before import = 0Number of asset objects unloaded after import = 2

========================================================================
Received Import Request.
  Time since last request: 0.000266 seconds.
  path: Assets/Scenes/ŚĽöśąŅŚúįśĚŅÔľą224 √ó 192ÔľČ_29.asset
  artifactKey: Guid(e592b2754870b134f9ab4b8b08efda30) Importer(2089858483,b0f066a214c2f5e87bad3c948f4d605d)
Start importing Assets/Scenes/ŚĽöśąŅŚúįśĚŅÔľą224 √ó 192ÔľČ_29.asset using Guid(e592b2754870b134f9ab4b8b08efda30) Importer(2089858483,b0f066a214c2f5e87bad3c948f4d605d) (ScriptedImporter) -> (artifact id: '7e1592c9fa0f0fc4f5ebd2e3e0d9cfee') in 0.0217466 seconds
Number of updated asset objects reloaded before import = 0Number of asset objects unloaded after import = 2

========================================================================
Received Import Request.
  Time since last request: 0.000014 seconds.
  path: Assets/Scenes/ŚĽöśąŅŚúįśĚŅÔľą224 √ó 192ÔľČ_0.asset
  artifactKey: Guid(251737cd3a1b09b4ea633b66cc1241b2) Importer(2089858483,b0f066a214c2f5e87bad3c948f4d605d)
Start importing Assets/Scenes/ŚĽöśąŅŚúįśĚŅÔľą224 √ó 192ÔľČ_0.asset using Guid(251737cd3a1b09b4ea633b66cc1241b2) Importer(2089858483,b0f066a214c2f5e87bad3c948f4d605d) (ScriptedImporter) -> (artifact id: '3983a126f201feb8e05ccde45382df76') in 0.016033 seconds
Number of updated asset objects reloaded before import = 0Number of asset objects unloaded after import = 2

========================================================================
Received Import Request.
  Time since last request: 0.000016 seconds.
  path: Assets/Scenes/ŚĽöśąŅŚúįśĚŅÔľą224 √ó 192ÔľČ_25.asset
  artifactKey: Guid(aaf2e59df2430d4468d77819ba5496dc) Importer(2089858483,b0f066a214c2f5e87bad3c948f4d605d)
Start importing Assets/Scenes/ŚĽöśąŅŚúįśĚŅÔľą224 √ó 192ÔľČ_25.asset using Guid(aaf2e59df2430d4468d77819ba5496dc) Importer(2089858483,b0f066a214c2f5e87bad3c948f4d605d) (ScriptedImporter) -> (artifact id: 'f9981a604256dc54bc73af8a298ecc01') in 0.0204393 seconds
Number of updated asset objects reloaded before import = 0Number of asset objects unloaded after import = 2

========================================================================
Received Import Request.
  Time since last request: 0.000013 seconds.
  path: Assets/Scenes/ŚúįśĚŅ.prefab
  artifactKey: Guid(5ae2021f0b9255846a6eddf6c7b8bd52) Importer(2089858483,b0f066a214c2f5e87bad3c948f4d605d)
Start importing Assets/Scenes/ŚúįśĚŅ.prefab using Guid(5ae2021f0b9255846a6eddf6c7b8bd52) Importer(2089858483,b0f066a214c2f5e87bad3c948f4d605d) (ScriptedImporter) -> (artifact id: 'fe2701c92b66853ec124cb71c0e25fb5') in 0.0224616 seconds
Number of updated asset objects reloaded before import = 0Number of asset objects unloaded after import = 10

========================================================================
Received Import Request.
  Time since last request: 0.000020 seconds.
  path: Assets/Scenes/ŚĽöśąŅŚúįśĚŅÔľą224 √ó 192ÔľČ_20.asset
  artifactKey: Guid(e059fdce666c6b6489d46e2e2a3aaf9e) Importer(2089858483,b0f066a214c2f5e87bad3c948f4d605d)
Start importing Assets/Scenes/ŚĽöśąŅŚúįśĚŅÔľą224 √ó 192ÔľČ_20.asset using Guid(e059fdce666c6b6489d46e2e2a3aaf9e) Importer(2089858483,b0f066a214c2f5e87bad3c948f4d605d) (ScriptedImporter) -> (artifact id: '37fa79da862cd55822a62951b0af1a20') in 0.0177821 seconds
Number of updated asset objects reloaded before import = 0Number of asset objects unloaded after import = 2

========================================================================
Received Import Request.
  Time since last request: 0.000073 seconds.
  path: Assets/Scenes/ŚĽöśąŅŚúįśĚŅÔľą224 √ó 192ÔľČ_10.asset
  artifactKey: Guid(2dff2e45eb50fb6448bec68952e12eb2) Importer(2089858483,b0f066a214c2f5e87bad3c948f4d605d)
Start importing Assets/Scenes/ŚĽöśąŅŚúįśĚŅÔľą224 √ó 192ÔľČ_10.asset using Guid(2dff2e45eb50fb6448bec68952e12eb2) Importer(2089858483,b0f066a214c2f5e87bad3c948f4d605d) (ScriptedImporter) -> (artifact id: '925c2a17f9cbe65354fa5852bc2ee484') in 0.0159263 seconds
Number of updated asset objects reloaded before import = 0Number of asset objects unloaded after import = 2

========================================================================
Received Import Request.
  Time since last request: 0.000017 seconds.
  path: Assets/Scenes/ŚĽöśąŅŚúįśĚŅÔľą224 √ó 192ÔľČ_12.asset
  artifactKey: Guid(3ee1c25bb6af0bc4c97024bdce05e0d6) Importer(2089858483,b0f066a214c2f5e87bad3c948f4d605d)
Start importing Assets/Scenes/ŚĽöśąŅŚúįśĚŅÔľą224 √ó 192ÔľČ_12.asset using Guid(3ee1c25bb6af0bc4c97024bdce05e0d6) Importer(2089858483,b0f066a214c2f5e87bad3c948f4d605d) (ScriptedImporter) -> (artifact id: 'b7216a0f0edb461352a4abb88338f248') in 0.01589 seconds
Number of updated asset objects reloaded before import = 0Number of asset objects unloaded after import = 2

========================================================================
Received Import Request.
  Time since last request: 0.000016 seconds.
  path: Assets/Scenes/ŚĽöśąŅŚúįśĚŅÔľą224 √ó 192ÔľČ_19.asset
  artifactKey: Guid(b4d1ed825a334b04ea9c613c8d50913f) Importer(2089858483,b0f066a214c2f5e87bad3c948f4d605d)
Start importing Assets/Scenes/ŚĽöśąŅŚúįśĚŅÔľą224 √ó 192ÔľČ_19.asset using Guid(b4d1ed825a334b04ea9c613c8d50913f) Importer(2089858483,b0f066a214c2f5e87bad3c948f4d605d) (ScriptedImporter) -> (artifact id: 'e64ccc758b3b479064be4c4b04aaf643') in 0.0167606 seconds
Number of updated asset objects reloaded before import = 0Number of asset objects unloaded after import = 2

========================================================================
Received Import Request.
  Time since last request: 0.000019 seconds.
  path: Assets/Scenes/ŚĽöśąŅŚúįśĚŅÔľą224 √ó 192ÔľČ_22.asset
  artifactKey: Guid(dfedb87e33ae35d4fb699c3544e308e9) Importer(2089858483,b0f066a214c2f5e87bad3c948f4d605d)
Start importing Assets/Scenes/ŚĽöśąŅŚúįśĚŅÔľą224 √ó 192ÔľČ_22.asset using Guid(dfedb87e33ae35d4fb699c3544e308e9) Importer(2089858483,b0f066a214c2f5e87bad3c948f4d605d) (ScriptedImporter) -> (artifact id: '5caf1d1a5073840815d1876a68fcc08f') in 0.0166232 seconds
Number of updated asset objects reloaded before import = 0Number of asset objects unloaded after import = 2

========================================================================
Received Import Request.
  Time since last request: 0.000024 seconds.
  path: Assets/Scenes/ŚĽöśąŅŚúįśĚŅÔľą224 √ó 192ÔľČ_4.asset
  artifactKey: Guid(4fbea7381123ba84f933d5af9cb4a5af) Importer(2089858483,b0f066a214c2f5e87bad3c948f4d605d)
Start importing Assets/Scenes/ŚĽöśąŅŚúįśĚŅÔľą224 √ó 192ÔľČ_4.asset using Guid(4fbea7381123ba84f933d5af9cb4a5af) Importer(2089858483,b0f066a214c2f5e87bad3c948f4d605d) (ScriptedImporter) -> (artifact id: '9305951254c86a8c9650ba183af2d658') in 0.0135805 seconds
Number of updated asset objects reloaded before import = 0Number of asset objects unloaded after import = 2

========================================================================
Received Import Request.
  Time since last request: 0.000018 seconds.
  path: Assets/Scenes/ŚĽöśąŅŚúįśĚŅÔľą224 √ó 192ÔľČ_26.asset
  artifactKey: Guid(f1e6f88ef1703e24da9338bb9e7b2186) Importer(2089858483,b0f066a214c2f5e87bad3c948f4d605d)
Start importing Assets/Scenes/ŚĽöśąŅŚúįśĚŅÔľą224 √ó 192ÔľČ_26.asset using Guid(f1e6f88ef1703e24da9338bb9e7b2186) Importer(2089858483,b0f066a214c2f5e87bad3c948f4d605d) (ScriptedImporter) -> (artifact id: '1f531f8c3d0fc8a07e910b7122cd8edf') in 0.026528 seconds
Number of updated asset objects reloaded before import = 0Number of asset objects unloaded after import = 2

========================================================================
Received Import Request.
  Time since last request: 0.000019 seconds.
  path: Assets/Scenes/ŚĽöśąŅŚúįśĚŅÔľą224 √ó 192ÔľČ_13.asset
  artifactKey: Guid(a0e74c4567a6bb54ba70131780883cc8) Importer(2089858483,b0f066a214c2f5e87bad3c948f4d605d)
Start importing Assets/Scenes/ŚĽöśąŅŚúįśĚŅÔľą224 √ó 192ÔľČ_13.asset using Guid(a0e74c4567a6bb54ba70131780883cc8) Importer(2089858483,b0f066a214c2f5e87bad3c948f4d605d) (ScriptedImporter) -> (artifact id: 'df0d45df51001ffde71f0785e4870941') in 0.0175287 seconds
Number of updated asset objects reloaded before import = 0Number of asset objects unloaded after import = 2

========================================================================
Received Import Request.
  Time since last request: 0.000023 seconds.
  path: Assets/Scenes/ŚĽöśąŅŚúįśĚŅÔľą224 √ó 192ÔľČ_6.asset
  artifactKey: Guid(b099c42f7b7df6747a1642fb160b847a) Importer(2089858483,b0f066a214c2f5e87bad3c948f4d605d)
Start importing Assets/Scenes/ŚĽöśąŅŚúįśĚŅÔľą224 √ó 192ÔľČ_6.asset using Guid(b099c42f7b7df6747a1642fb160b847a) Importer(2089858483,b0f066a214c2f5e87bad3c948f4d605d) (ScriptedImporter) -> (artifact id: 'aed8e08047a65c311e4cbac0bfe5a9dd') in 0.0163772 seconds
Number of updated asset objects reloaded before import = 0Number of asset objects unloaded after import = 2

========================================================================
Received Import Request.
  Time since last request: 0.000013 seconds.
  path: Assets/Scenes/ŚĽöśąŅŚúįśĚŅÔľą224 √ó 192ÔľČ_5.asset
  artifactKey: Guid(c69e2bfa3196de748ac0f1fe349e56b2) Importer(2089858483,b0f066a214c2f5e87bad3c948f4d605d)
Start importing Assets/Scenes/ŚĽöśąŅŚúįśĚŅÔľą224 √ó 192ÔľČ_5.asset using Guid(c69e2bfa3196de748ac0f1fe349e56b2) Importer(2089858483,b0f066a214c2f5e87bad3c948f4d605d) (ScriptedImporter) -> (artifact id: '5e609b84c74e4edd27612999a81a1029') in 0.0153494 seconds
Number of updated asset objects reloaded before import = 0Number of asset objects unloaded after import = 2

========================================================================
Received Import Request.
  Time since last request: 0.000055 seconds.
  path: Assets/Scenes/ŚĽöśąŅŚúįśĚŅÔľą224 √ó 192ÔľČ_21.asset
  artifactKey: Guid(44244090b30f7e74a9b71bae280f3fa1) Importer(2089858483,b0f066a214c2f5e87bad3c948f4d605d)
Start importing Assets/Scenes/ŚĽöśąŅŚúįśĚŅÔľą224 √ó 192ÔľČ_21.asset using Guid(44244090b30f7e74a9b71bae280f3fa1) Importer(2089858483,b0f066a214c2f5e87bad3c948f4d605d) (ScriptedImporter) -> (artifact id: '97eefa8a08ac24271e76f8eac4f7010a') in 0.0157627 seconds
Number of updated asset objects reloaded before import = 0Number of asset objects unloaded after import = 2

========================================================================
Received Import Request.
  Time since last request: 0.000034 seconds.
  path: Assets/Scenes/ŚĽöśąŅŚúįśĚŅÔľą224 √ó 192ÔľČ_33.asset
  artifactKey: Guid(c5be8779b1368784eb1a3d9d3e085bf1) Importer(2089858483,b0f066a214c2f5e87bad3c948f4d605d)
Start importing Assets/Scenes/ŚĽöśąŅŚúįśĚŅÔľą224 √ó 192ÔľČ_33.asset using Guid(c5be8779b1368784eb1a3d9d3e085bf1) Importer(2089858483,b0f066a214c2f5e87bad3c948f4d605d) (ScriptedImporter) -> (artifact id: '8feae699f1ca0b4420db824186b5406e') in 0.0181186 seconds
Number of updated asset objects reloaded before import = 0Number of asset objects unloaded after import = 2

========================================================================
Received Import Request.
  Time since last request: 0.000045 seconds.
  path: Assets/Scenes/ŚĽöśąŅŚúįśĚŅÔľą224 √ó 192ÔľČ_23.asset
  artifactKey: Guid(11d9daa13cec28148b66f9f90efd59b0) Importer(2089858483,b0f066a214c2f5e87bad3c948f4d605d)
Start importing Assets/Scenes/ŚĽöśąŅŚúįśĚŅÔľą224 √ó 192ÔľČ_23.asset using Guid(11d9daa13cec28148b66f9f90efd59b0) Importer(2089858483,b0f066a214c2f5e87bad3c948f4d605d) (ScriptedImporter) -> (artifact id: '1eed0ea255c19e01098665661431d853') in 0.0179258 seconds
Number of updated asset objects reloaded before import = 0Number of asset objects unloaded after import = 2

========================================================================
Received Import Request.
  Time since last request: 0.000014 seconds.
  path: Assets/Scenes/ŚĽöśąŅŚúįśĚŅÔľą224 √ó 192ÔľČ_38.asset
  artifactKey: Guid(89abf9df322cbfc469e2abfa35889029) Importer(2089858483,b0f066a214c2f5e87bad3c948f4d605d)
Start importing Assets/Scenes/ŚĽöśąŅŚúįśĚŅÔľą224 √ó 192ÔľČ_38.asset using Guid(89abf9df322cbfc469e2abfa35889029) Importer(2089858483,b0f066a214c2f5e87bad3c948f4d605d) (ScriptedImporter) -> (artifact id: '6a29f262e9c52b74bfacd3225e09d4bf') in 0.0180604 seconds
Number of updated asset objects reloaded before import = 0Number of asset objects unloaded after import = 2

========================================================================
Received Import Request.
  Time since last request: 0.000019 seconds.
  path: Assets/Scenes/ŚĽöśąŅŚúįśĚŅÔľą224 √ó 192ÔľČ_27.asset
  artifactKey: Guid(a7fe125c04f23e14faad57375ca007cf) Importer(2089858483,b0f066a214c2f5e87bad3c948f4d605d)
Start importing Assets/Scenes/ŚĽöśąŅŚúįśĚŅÔľą224 √ó 192ÔľČ_27.asset using Guid(a7fe125c04f23e14faad57375ca007cf) Importer(2089858483,b0f066a214c2f5e87bad3c948f4d605d) (ScriptedImporter) -> (artifact id: 'f3b29bd72ca19b03975446b155206c30') in 0.0194961 seconds
Number of updated asset objects reloaded before import = 0Number of asset objects unloaded after import = 2

========================================================================
Received Import Request.
  Time since last request: 0.000021 seconds.
  path: Assets/Scenes/ŚĽöśąŅŚúįśĚŅÔľą224 √ó 192ÔľČ_15.asset
  artifactKey: Guid(a7d8f9712aeeb36459abf11702d05d2a) Importer(2089858483,b0f066a214c2f5e87bad3c948f4d605d)
Start importing Assets/Scenes/ŚĽöśąŅŚúįśĚŅÔľą224 √ó 192ÔľČ_15.asset using Guid(a7d8f9712aeeb36459abf11702d05d2a) Importer(2089858483,b0f066a214c2f5e87bad3c948f4d605d) (ScriptedImporter) -> (artifact id: '24ccb9b041dc4b56534558ac8ab77f1d') in 0.0169716 seconds
Number of updated asset objects reloaded before import = 0Number of asset objects unloaded after import = 2

========================================================================
Received Import Request.
  Time since last request: 1.528104 seconds.
  path: Assets/Scenes/ŚĽöśąŅŚúįśĚŅÔľą224 √ó 192ÔľČ_33.asset
  artifactKey: Guid(c5be8779b1368784eb1a3d9d3e085bf1) Importer(815301076,1909f56bfc062723c751e8b465ee728b)
Start importing Assets/Scenes/ŚĽöśąŅŚúįśĚŅÔľą224 √ó 192ÔľČ_33.asset using Guid(c5be8779b1368784eb1a3d9d3e085bf1) Importer(815301076,1909f56bfc062723c751e8b465ee728b) (PreviewImporter) -> (artifact id: '8b20d90513cc6d59578c89015a00388d') in 0.0072837 seconds
Number of updated asset objects reloaded before import = 0Number of asset objects unloaded after import = 3

========================================================================
Received Import Request.
  Time since last request: 0.000011 seconds.
  path: Assets/Scenes/ŚĽöśąŅŚúįśĚŅÔľą224 √ó 192ÔľČ_38.asset
  artifactKey: Guid(89abf9df322cbfc469e2abfa35889029) Importer(815301076,1909f56bfc062723c751e8b465ee728b)
Start importing Assets/Scenes/ŚĽöśąŅŚúįśĚŅÔľą224 √ó 192ÔľČ_38.asset using Guid(89abf9df322cbfc469e2abfa35889029) Importer(815301076,1909f56bfc062723c751e8b465ee728b) (PreviewImporter) -> (artifact id: '8858480877e289d7df2fdd1882537ac4') in 0.0075007 seconds
Number of updated asset objects reloaded before import = 0Number of asset objects unloaded after import = 3

========================================================================
Received Import Request.
  Time since last request: 0.000012 seconds.
  path: Assets/Scenes/ŚĽöśąŅŚúįśĚŅÔľą224 √ó 192ÔľČ_40.asset
  artifactKey: Guid(150bfb37ae1f8df478c5dc019cc0f92b) Importer(815301076,1909f56bfc062723c751e8b465ee728b)
Start importing Assets/Scenes/ŚĽöśąŅŚúįśĚŅÔľą224 √ó 192ÔľČ_40.asset using Guid(150bfb37ae1f8df478c5dc019cc0f92b) Importer(815301076,1909f56bfc062723c751e8b465ee728b) (PreviewImporter) -> (artifact id: '324badef8cc12dbdf9c2d261563a788f') in 0.0071283 seconds
Number of updated asset objects reloaded before import = 0Number of asset objects unloaded after import = 3

========================================================================
Received Import Request.
  Time since last request: 0.000016 seconds.
  path: Assets/Scenes/ŚĽöśąŅŚúįśĚŅÔľą224 √ó 192ÔľČ_35.asset
  artifactKey: Guid(c87e4199ddc355f45a9853f2551a2ad7) Importer(815301076,1909f56bfc062723c751e8b465ee728b)
Start importing Assets/Scenes/ŚĽöśąŅŚúįśĚŅÔľą224 √ó 192ÔľČ_35.asset using Guid(c87e4199ddc355f45a9853f2551a2ad7) Importer(815301076,1909f56bfc062723c751e8b465ee728b) (PreviewImporter) -> (artifact id: '97eeaf32a95521ed0a51e4d7a2339d99') in 0.0046337 seconds
Number of updated asset objects reloaded before import = 0Number of asset objects unloaded after import = 3

========================================================================
Received Import Request.
  Time since last request: 0.000015 seconds.
  path: Assets/Scenes/ŚĽöśąŅŚúįśĚŅÔľą224 √ó 192ÔľČ_36.asset
  artifactKey: Guid(d319b1f215f7bf94cbb3e12bdab6f9c3) Importer(815301076,1909f56bfc062723c751e8b465ee728b)
Start importing Assets/Scenes/ŚĽöśąŅŚúįśĚŅÔľą224 √ó 192ÔľČ_36.asset using Guid(d319b1f215f7bf94cbb3e12bdab6f9c3) Importer(815301076,1909f56bfc062723c751e8b465ee728b) (PreviewImporter) -> (artifact id: '3a46a47a8b1bb9e54d922f8462e27aed') in 0.0043893 seconds
Number of updated asset objects reloaded before import = 0Number of asset objects unloaded after import = 3

Editor requested this worker to shutdown with reason: Scaling down because of idle timeout
AssetImportWorkerClient::OnTransportError - code=2 error=End of file
AssetImportWorker is now disconnected from the server
Process exiting
Exiting without the bug reporter. Application will terminate with return code 0