[Licensing::Module] Trying to connect to existing licensing client channel...
Built from '6000.3/staging' branch; Version is '6000.3.10f1 (e35f0c77bd8e) revision 14901004'; Using compiler version '194234433'; Build Type 'Release'
[Licensing::IpcConnector] Successfully connected to: "LicenseClient-qSRmLYszJlAg1d2U6xQ77" at "2026-03-10T15:14:52.6127969Z"
OS: 'Windows 11  (10.0.26200) Core' Language: 'zh' Physical Memory: 48781 MB
BatchMode: 1, IsHumanControllingUs: 0, StartBugReporterOnCrash: 0, Is64bit: 1
System  architecture: x64
Process architecture: x64
Date: 2026-03-10T15:14:52Z

COMMAND LINE ARGUMENTS:
C:\Program Files\Unity\Hub\Editor\6000.3.10f1\Editor\Unity.exe
-adb2
-batchMode
-noUpm
-name
AssetImportWorker10
-projectPath
D:/е¤§е­ё/дєєеџ№е®¤/The truth/The-truth
-logFile
Logs/AssetImportWorker10.log
-srvPort
63953
-licensingIpc
LicenseClient-qSRmLYszJlAg1d2U6xQ77
-job-worker-count
7
-background-job-worker-count
8
-gc-helper-count
1
-name
AssetImport
Successfully changed project path to: D:/е¤§е­ё/дєєеџ№е®¤/The truth/The-truth
D:/е¤§е­ё/дєєеџ№е®¤/The truth/The-truth
[UnityMemory] Configuration Parameters - Can be set up in boot.config
    "memorysetup-temp-allocator-size-nav-mesh-worker=65536"
    "memorysetup-temp-allocator-size-audio-worker=65536"
    "memorysetup-temp-allocator-size-gfx=262144"
    "memorysetup-allocator-temp-initial-block-size-main=262144"
    "memorysetup-allocator-temp-initial-block-size-worker=262144"
    "memorysetup-temp-allocator-size-background-worker=32768"
    "memorysetup-temp-allocator-size-job-worker=262144"
    "memorysetup-temp-allocator-size-preload-manager=33554432"
    "memorysetup-temp-allocator-size-gi-baking-worker=262144"
    "memorysetup-temp-allocator-size-gi-baking-worker=262144"
    "memorysetup-temp-allocator-size-gi-baking-worker=262144"
    "memorysetup-temp-allocator-size-gi-baking-worker=262144"
    "memorysetup-temp-allocator-size-gi-baking-worker=262144"
    "memorysetup-bucket-allocator-granularity=16"
    "memorysetup-bucket-allocator-bucket-count=8"
    "memorysetup-bucket-allocator-block-size=33554432"
    "memorysetup-bucket-allocator-block-count=8"
    "memorysetup-main-allocator-block-size=16777216"
    "memorysetup-thread-allocator-block-size=16777216"
    "memorysetup-gfx-main-allocator-block-size=16777216"
    "memorysetup-gfx-thread-allocator-block-size=16777216"
    "memorysetup-cache-allocator-block-size=4194304"
    "memorysetup-typetree-allocator-block-size=2097152"
    "memorysetup-profiler-bucket-allocator-granularity=16"
    "memorysetup-profiler-bucket-allocator-bucket-count=8"
    "memorysetup-profiler-bucket-allocator-block-size=33554432"
    "memorysetup-profiler-bucket-allocator-block-count=8"
    "memorysetup-profiler-allocator-block-size=16777216"
    "memorysetup-profiler-editor-allocator-block-size=1048576"
    "memorysetup-temp-allocator-size-main=16777216"
    "memorysetup-job-temp-allocator-block-size=2097152"
    "memorysetup-job-temp-allocator-block-size-background=1048576"
    "memorysetup-job-temp-allocator-reduction-small-platforms=262144"
    "memorysetup-temp-allocator-size-cloud-worker=32768"
Player connection [29728]  Target information:

Player connection [29728]  * "[IP] 26.105.232.86 [Port] 0 [Flags] 2 [Guid] 2242400801 [EditorId] 2242400801 [Version] 1048832 [Id] WindowsEditor(7,©э) [Debug] 1 [PackageName] WindowsEditor [ProjectName] Editor" 

Player connection [29728]  * "[IP] 172.20.10.3 [Port] 0 [Flags] 2 [Guid] 2242400801 [EditorId] 2242400801 [Version] 1048832 [Id] WindowsEditor(7,©э) [Debug] 1 [PackageName] WindowsEditor [ProjectName] Editor" 

Player connection [29728] Host joined multi-casting on [225.0.0.222:54997]...
Player connection [29728] Host joined alternative multi-casting on [225.0.0.222:34997]...
JobSystem: Creating JobQueue using job-worker-count value 7
Input System module state changed to: Initialized.
[Physics::Module] Initialized fallback backend.
[Physics::Module] Id: 0xdecafbad
Library Redirect Path: Library/
[Physics::Module] Selected backend.
[Physics::Module] Name: PhysX
[Physics::Module] Id: 0xf2b8ea05
[Physics::Module] SDK Version: 4.1.2
[Physics::Module] Integration Version: 1.0.0
[Physics::Module] Threading Mode: Multi-Threaded
Refreshing native plugins compatible for Editor in 3.56 ms, found 4 plugins.
Preloading 0 native plugins for Editor in 0.00 ms.
Initialize engine version: 6000.3.10f1 (e35f0c77bd8e)
[Subsystems] Discovering subsystems at path C:/Program Files/Unity/Hub/Editor/6000.3.10f1/Editor/Data/Resources/UnitySubsystems
[Subsystems] Discovering subsystems at path D:/е¤§е­ё/дєєеџ№е®¤/The truth/The-truth/Assets
GfxDevice: creating device client; kGfxThreadingModeNonThreaded
Direct3D:
    Version:  Direct3D 11.0 [level 11.1]
    Renderer: NVIDIA GeForce RTX 5060 Laptop GPU (ID=0x2d19)
    Vendor:   NVIDIA
    VRAM:     7810 MB
    Driver:   32.0.15.8166
Initialize mono
Mono path[0] = 'C:/Program Files/Unity/Hub/Editor/6000.3.10f1/Editor/Data/Managed'
Mono path[1] = 'C:/Program Files/Unity/Hub/Editor/6000.3.10f1/Editor/Data/MonoBleedingEdge/lib/mono/unityjit-win32'
Mono config path = 'C:/Program Files/Unity/Hub/Editor/6000.3.10f1/Editor/Data/MonoBleedingEdge/etc'
Using monoOptions --debugger-agent=transport=dt_socket,embedding=1,server=y,suspend=n,address=127.0.0.1:56652
Begin MonoManager ReloadAssembly
Registering precompiled unity dll's ...
Register platform support module: C:/Program Files/Unity/Hub/Editor/6000.3.10f1/Editor/Data/PlaybackEngines/WebGLSupport/UnityEditor.WebGL.Extensions.dll
Register platform support module: C:/Program Files/Unity/Hub/Editor/6000.3.10f1/Editor/Data/PlaybackEngines/WindowsStandaloneSupport/UnityEditor.WindowsStandalone.Extensions.dll
[Licensing::Module] Licensing is not yet initialized.
[Licensing::Client] Error: HandshakeResponse reported an error:
	ResponseCode: 505
	ResponseStatus: Unsupported protocol version '1.17.4'.
[Licensing::Module] Error: Failed to handshake to channel: "LicenseClient-qSRmLYszJlAg1d2U6xQ77"
[Licensing::IpcConnector] LicenseClient-qSRmLYszJlAg1d2U6xQ77 channel disconnected successfully.
[Licensing::IpcConnector] Successfully connected to: "LicenseClient-HP-6000.3.10" at "2026-03-10T15:14:54.37438Z"
[Licensing::Client] Handshaking with LicensingClient:
  Version:                 1.17.4+4293ba1
  Session Id:              a425b57a788f46aba973f90861e5e100
  Correlation Id:          7c4b95f36b6c1f182b51cfe4e2674a64
  External correlation Id: 7814441886186887589
  Machine Id:              RTQJqdM1o6K0WXNM9E0FTeCVfXM=
[Licensing::Module] Successfully connected to LicensingClient on channel: "LicenseClient-HP-6000.3.10" (connect: 0.00s, validation: 0.00s, handshake: 1.57s)
[Licensing::IpcConnector] Successfully connected to: "LicenseClient-HP-6000.3.10-notifications" at "2026-03-10T15:14:55.9479199Z"
[Licensing::Module] Licensing Background thread has ended after 3.34s
[Licensing::Module] Licensing is initialized (took 2.53s).
[Licensing::Client] Successfully resolved entitlement details
[Licensing::Module] License group:
  Id: F4-ASHM-9AHC-MNGY-H298-XXXX
  Product: Unity Personal
  Type: ULF
  Expiration: 2026-03-20T15:29:30Z
[Licensing::Module] License group:
  Id: ewogICJzdWJzR3JvdXAiIDogInVuaXR5IGVkaXRvciIsCiAgIm5hbWVzcGFjZSIgOiAidW5pdHlfZWRpdG9yIiwKICAidHlwZSIgOiAiRURJVE9SIiwKICAidGFnIiA6ICJVbml0eVBlcnNvbmFsXXXX
  Product: Unity Personal Version
  Type: Assigned
  Expiration: Unlimited
Register platform support module: C:/Program Files/Unity/Hub/Editor/6000.3.10f1/Editor/Data/PlaybackEngines/AndroidPlayer/UnityEditor.Android.Extensions.dll
Registered in 2.528794 seconds.
- Loaded All Assemblies, in  2.843 seconds
Native extension for Android target not found
Android Extension - Scanning For ADB Devices 200 ms
Native extension for WindowsStandalone target not found
Native extension for WebGL target not found
ScheduleIndexationOnStartup MainProcess:False IndexOnStartup:True
Mono: successfully reloaded assembly
- Finished resetting the current domain, in  0.542 seconds
Domain Reload Profiling: 3384ms
	BeginReloadAssembly (99ms)
		ExecutionOrderSort (0ms)
		DisableScriptedObjects (0ms)
		BackupInstance (0ms)
		ReleaseScriptingObjects (0ms)
		CreateAndSetChildDomain (1ms)
	RebuildCommonClasses (29ms)
	RebuildNativeTypeToScriptingClass (10ms)
	initialDomainReloadingComplete (2563ms)
	LoadAllAssembliesAndSetupDomain (140ms)
		LoadAssemblies (98ms)
		RebuildTransferFunctionScriptingTraits (0ms)
		AnalyzeDomain (137ms)
			TypeCache.Refresh (135ms)
				TypeCache.ScanAssembly (125ms)
			BuildScriptInfoCaches (0ms)
			ResolveRequiredComponents (0ms)
	FinalizeReload (543ms)
		ReleaseScriptCaches (0ms)
		RebuildScriptCaches (0ms)
		SetupLoadedEditorAssemblies (510ms)
			LogAssemblyErrors (0ms)
			InitializePlatformSupportModulesInManaged (272ms)
			SetLoadedEditorAssemblies (4ms)
			BeforeProcessingInitializeOnLoad (60ms)
			ProcessInitializeOnLoadAttributes (117ms)
			ProcessInitializeOnLoadMethodAttributes (56ms)
			AfterProcessingInitializeOnLoad (0ms)
			EditorAssembliesLoaded (0ms)
		ExecutionOrderSort2 (0ms)
		AwakeInstancesAfterBackupRestoration (0ms)
========================================================================
Worker process is ready to serve import requests
Import Worker Mode flag is 0x00
Begin MonoManager ReloadAssembly
[Licensing::Client] Successfully resolved entitlement details
[Licensing::Module] License group:
  Id: F4-ASHM-9AHC-MNGY-H298-XXXX
  Product: Unity Personal
  Type: ULF
  Expiration: 2026-03-20T15:29:30Z
[Licensing::Module] License group:
  Id: ewogICJzdWJzR3JvdXAiIDogInVuaXR5IGVkaXRvciIsCiAgIm5hbWVzcGFjZSIgOiAidW5pdHlfZWRpdG9yIiwKICAidHlwZSIgOiAiRURJVE9SIiwKICAidGFnIiA6ICJVbml0eVBlcnNvbmFsXXXX
  Product: Unity Personal Version
  Type: Assigned
  Expiration: Unlimited
- Loaded All Assemblies, in  0.558 seconds
Refreshing native plugins compatible for Editor in 0.95 ms, found 4 plugins.
Native extension for Android target not found
Native extension for WindowsStandalone target not found
Native extension for WebGL target not found
Package Manager log level set to [2]
[Package Manager] Failed to launch server process. Reason: Unity was launched with the -noUpm command-line argument
[Package Manager] Unable to send message (not connected to server process).
[Package Manager] Cannot connect to Unity Package Manager local server
ScheduleIndexationOnStartup MainProcess:False IndexOnStartup:True
Mono: successfully reloaded assembly
- Finished resetting the current domain, in  0.584 seconds
Domain Reload Profiling: 1140ms
	BeginReloadAssembly (138ms)
		ExecutionOrderSort (0ms)
		DisableScriptedObjects (5ms)
		BackupInstance (0ms)
		ReleaseScriptingObjects (0ms)
		CreateAndSetChildDomain (23ms)
	RebuildCommonClasses (36ms)
	RebuildNativeTypeToScriptingClass (10ms)
	initialDomainReloadingComplete (31ms)
	LoadAllAssembliesAndSetupDomain (340ms)
		LoadAssemblies (258ms)
		RebuildTransferFunctionScriptingTraits (0ms)
		AnalyzeDomain (159ms)
			TypeCache.Refresh (117ms)
				TypeCache.ScanAssembly (105ms)
			BuildScriptInfoCaches (36ms)
			ResolveRequiredComponents (3ms)
	FinalizeReload (584ms)
		ReleaseScriptCaches (0ms)
		RebuildScriptCaches (0ms)
		SetupLoadedEditorAssemblies (500ms)
			LogAssemblyErrors (0ms)
			InitializePlatformSupportModulesInManaged (8ms)
			SetLoadedEditorAssemblies (4ms)
			BeforeProcessingInitializeOnLoad (107ms)
			ProcessInitializeOnLoadAttributes (332ms)
			ProcessInitializeOnLoadMethodAttributes (45ms)
			AfterProcessingInitializeOnLoad (4ms)
			EditorAssembliesLoaded (0ms)
		ExecutionOrderSort2 (0ms)
		AwakeInstancesAfterBackupRestoration (5ms)
Launched and connected shader compiler UnityShaderCompiler.exe after 0.02 seconds
Refreshing native plugins compatible for Editor in 0.90 ms, found 4 plugins.
Preloading 0 native plugins for Editor in 0.00 ms.
Unloading 0 Unused Serialized files (Serialized files now loaded: 0)
Unloading 4601 unused Assets / (1.3 MB). Loaded Objects now: 5186.
Memory consumption went from 99.7 MB to 98.4 MB.
Total: 5.048200 ms (FindLiveObjects: 0.241300 ms CreateObjectMapping: 0.157200 ms MarkObjects: 3.904400 ms  DeleteObjects: 0.744800 ms)

========================================================================
Received Import Request.
  Time since last request: 11004.502710 seconds.
  path: Assets/Scenes/ењ°жќї/е»љж€їењ°жќїпј€224 Г— 192пј‰_1.asset
  artifactKey: Guid(2409af40c25e9b643975c3279119d664) Importer(815301076,1909f56bfc062723c751e8b465ee728b)
Start importing Assets/Scenes/ењ°жќї/е»љж€їењ°жќїпј€224 Г— 192пј‰_1.asset using Guid(2409af40c25e9b643975c3279119d664) Importer(815301076,1909f56bfc062723c751e8b465ee728b) (PreviewImporter) -> (artifact id: 'faccf0bcb532ea88525c58397a9689aa') in 0.0912079 seconds
Number of updated asset objects reloaded before import = 0Number of asset objects unloaded after import = 3

========================================================================
Received Import Request.
  Time since last request: 0.000019 seconds.
  path: Assets/Scenes/ењ°жќї/е»љж€їењ°жќїпј€224 Г— 192пј‰_7.asset
  artifactKey: Guid(6ef98dc9a6cd933419cccab16ffeb1ca) Importer(815301076,1909f56bfc062723c751e8b465ee728b)
Start importing Assets/Scenes/ењ°жќї/е»љж€їењ°жќїпј€224 Г— 192пј‰_7.asset using Guid(6ef98dc9a6cd933419cccab16ffeb1ca) Importer(815301076,1909f56bfc062723c751e8b465ee728b) (PreviewImporter) -> (artifact id: '0a4413e80630cee6a53e58455c454e26') in 0.0052159 seconds
Number of updated asset objects reloaded before import = 0Number of asset objects unloaded after import = 3

========================================================================
Received Import Request.
  Time since last request: 0.000016 seconds.
  path: Assets/Scenes/ењ°жќї/е»љж€їењ°жќїпј€224 Г— 192пј‰_24.asset
  artifactKey: Guid(2410ed22bd546634596108343eadf33d) Importer(815301076,1909f56bfc062723c751e8b465ee728b)
Start importing Assets/Scenes/ењ°жќї/е»љж€їењ°жќїпј€224 Г— 192пј‰_24.asset using Guid(2410ed22bd546634596108343eadf33d) Importer(815301076,1909f56bfc062723c751e8b465ee728b) (PreviewImporter) -> (artifact id: '6168c5daa1fb4da9f40edb9e01771bd3') in 0.0048699 seconds
Number of updated asset objects reloaded before import = 0Number of asset objects unloaded after import = 3

========================================================================
Received Import Request.
  Time since last request: 0.000019 seconds.
  path: Assets/Scenes/ењ°жќї/е»љж€їењ°жќїпј€224 Г— 192пј‰_28.asset
  artifactKey: Guid(bf997812b5e22264c95d882fc1f15566) Importer(815301076,1909f56bfc062723c751e8b465ee728b)
Start importing Assets/Scenes/ењ°жќї/е»љж€їењ°жќїпј€224 Г— 192пј‰_28.asset using Guid(bf997812b5e22264c95d882fc1f15566) Importer(815301076,1909f56bfc062723c751e8b465ee728b) (PreviewImporter) -> (artifact id: '244f8ea5960a4fd80224d591400ca6de') in 0.0047135 seconds
Number of updated asset objects reloaded before import = 0Number of asset objects unloaded after import = 3

========================================================================
Received Import Request.
  Time since last request: 0.000014 seconds.
  path: Assets/Scenes/ењ°жќї/е»љж€їењ°жќїпј€224 Г— 192пј‰_9.asset
  artifactKey: Guid(08ce1528b02fe5b40a1823907206ea9c) Importer(815301076,1909f56bfc062723c751e8b465ee728b)
Start importing Assets/Scenes/ењ°жќї/е»љж€їењ°жќїпј€224 Г— 192пј‰_9.asset using Guid(08ce1528b02fe5b40a1823907206ea9c) Importer(815301076,1909f56bfc062723c751e8b465ee728b) (PreviewImporter) -> (artifact id: '51d36cb420a4352379ddcb5632e9ce0a') in 0.0048884 seconds
Number of updated asset objects reloaded before import = 0Number of asset objects unloaded after import = 3

========================================================================
Received Import Request.
  Time since last request: 0.000018 seconds.
  path: Assets/Scenes/ењ°жќї/е»љж€їењ°жќїпј€224 Г— 192пј‰_12.asset
  artifactKey: Guid(5a69c3fffa210de43b67b77d482e6dc7) Importer(815301076,1909f56bfc062723c751e8b465ee728b)
Start importing Assets/Scenes/ењ°жќї/е»љж€їењ°жќїпј€224 Г— 192пј‰_12.asset using Guid(5a69c3fffa210de43b67b77d482e6dc7) Importer(815301076,1909f56bfc062723c751e8b465ee728b) (PreviewImporter) -> (artifact id: '97604b461792d33187c9bc61e27994f3') in 0.0041261 seconds
Number of updated asset objects reloaded before import = 0Number of asset objects unloaded after import = 3

========================================================================
Received Import Request.
  Time since last request: 0.000013 seconds.
  path: Assets/Scenes/ењ°жќї/е»љж€їењ°жќїпј€224 Г— 192пј‰_5.asset
  artifactKey: Guid(fc21fb38bc950d742a763d279b8c1971) Importer(815301076,1909f56bfc062723c751e8b465ee728b)
Start importing Assets/Scenes/ењ°жќї/е»љж€їењ°жќїпј€224 Г— 192пј‰_5.asset using Guid(fc21fb38bc950d742a763d279b8c1971) Importer(815301076,1909f56bfc062723c751e8b465ee728b) (PreviewImporter) -> (artifact id: 'f0e8b0da1b1f7fd48ca30fc4be3f56b0') in 0.0037559 seconds
Number of updated asset objects reloaded before import = 0Number of asset objects unloaded after import = 3

========================================================================
Received Import Request.
  Time since last request: 0.000027 seconds.
  path: Assets/Scenes/ењ°жќї/е»љж€їењ°жќїпј€224 Г— 192пј‰_16.asset
  artifactKey: Guid(880e17986e5054c40864009d7adb65e8) Importer(815301076,1909f56bfc062723c751e8b465ee728b)
Start importing Assets/Scenes/ењ°жќї/е»љж€їењ°жќїпј€224 Г— 192пј‰_16.asset using Guid(880e17986e5054c40864009d7adb65e8) Importer(815301076,1909f56bfc062723c751e8b465ee728b) (PreviewImporter) -> (artifact id: '3ffd84a691ddc7998fbfca5345628b3e') in 0.0053318 seconds
Number of updated asset objects reloaded before import = 0Number of asset objects unloaded after import = 3

========================================================================
Received Import Request.
  Time since last request: 53.643112 seconds.
  path: Assets/Scenes/ењ°жќї/е»љж€їењ°жќїпј€224 Г— 192пј‰_38.asset
  artifactKey: Guid(c3325b4d3de9aa24b9f14f688f7b31dd) Importer(815301076,1909f56bfc062723c751e8b465ee728b)
Start importing Assets/Scenes/ењ°жќї/е»љж€їењ°жќїпј€224 Г— 192пј‰_38.asset using Guid(c3325b4d3de9aa24b9f14f688f7b31dd) Importer(815301076,1909f56bfc062723c751e8b465ee728b) (PreviewImporter) -> (artifact id: 'aca6506807c32375731a0be1a8035111') in 0.0112975 seconds
Number of updated asset objects reloaded before import = 0Number of asset objects unloaded after import = 3

========================================================================
Received Import Request.
  Time since last request: 0.000321 seconds.
  path: Assets/Scenes/ењ°жќї/е»љж€їењ°жќїпј€224 Г— 192пј‰_40.asset
  artifactKey: Guid(90818127578133b4fae6270bbc3e0bf1) Importer(815301076,1909f56bfc062723c751e8b465ee728b)
Start importing Assets/Scenes/ењ°жќї/е»љж€їењ°жќїпј€224 Г— 192пј‰_40.asset using Guid(90818127578133b4fae6270bbc3e0bf1) Importer(815301076,1909f56bfc062723c751e8b465ee728b) (PreviewImporter) -> (artifact id: 'e2110313caba46947f87b2f5d00c4666') in 0.0103977 seconds
Number of updated asset objects reloaded before import = 0Number of asset objects unloaded after import = 3

========================================================================
Received Import Request.
  Time since last request: 114.249489 seconds.
  path: Assets/Scenes/Materials/е»љж€їењ°жќїпј€224 Г— 192пј‰.mat
  artifactKey: Guid(1aab0c9116dab8a4991170976eb2c44a) Importer(2089858483,b0f066a214c2f5e87bad3c948f4d605d)
Start importing Assets/Scenes/Materials/е»љж€їењ°жќїпј€224 Г— 192пј‰.mat using Guid(1aab0c9116dab8a4991170976eb2c44a) Importer(2089858483,b0f066a214c2f5e87bad3c948f4d605d) (ScriptedImporter) -> (artifact id: '4a42522eaa8470587ec6f93c3fa04918') in 0.1183292 seconds
Number of updated asset objects reloaded before import = 0Number of asset objects unloaded after import = 2

========================================================================
Received Import Request.
  Time since last request: 351.991121 seconds.
  path: Assets/Scenes/ењ°жќї/ж‹–ж‹Ѕз—•и·Ў.prefab
  artifactKey: Guid(57db21189a47e1f42bf6a47288883a9f) Importer(2089858483,b0f066a214c2f5e87bad3c948f4d605d)
Start importing Assets/Scenes/ењ°жќї/ж‹–ж‹Ѕз—•и·Ў.prefab using Guid(57db21189a47e1f42bf6a47288883a9f) Importer(2089858483,b0f066a214c2f5e87bad3c948f4d605d) (ScriptedImporter) -> (artifact id: '9915852381ebeecec577b47b8f797a16') in 0.0595777 seconds
Number of updated asset objects reloaded before import = 0Number of asset objects unloaded after import = 10

========================================================================
Received Import Request.
  Time since last request: 529.420845 seconds.
  path: Assets/Scenes/е»љж€ї
  artifactKey: Guid(24f00126da95d7342a6f836b701abbe7) Importer(2089858483,b0f066a214c2f5e87bad3c948f4d605d)
Start importing Assets/Scenes/е»љж€ї using Guid(24f00126da95d7342a6f836b701abbe7) Importer(2089858483,b0f066a214c2f5e87bad3c948f4d605d) (ScriptedImporter) -> (artifact id: '4d1402baf3354c4ef9d8fe3e28de8119') in 0.0174893 seconds
Number of updated asset objects reloaded before import = 0Number of asset objects unloaded after import = 1

========================================================================
Received Import Request.
  Time since last request: 0.000032 seconds.
  path: Assets/Scenes/е»љж€ї/е»љж€їењ°жќїпј€224 Г— 192пј‰_32.asset
  artifactKey: Guid(fc142695351832042a3359fc2f5065cb) Importer(2089858483,b0f066a214c2f5e87bad3c948f4d605d)
Start importing Assets/Scenes/е»љж€ї/е»љж€їењ°жќїпј€224 Г— 192пј‰_32.asset using Guid(fc142695351832042a3359fc2f5065cb) Importer(2089858483,b0f066a214c2f5e87bad3c948f4d605d) (ScriptedImporter) -> (artifact id: 'a55f851314329785895279387b0f2b38') in 0.0302705 seconds
Number of updated asset objects reloaded before import = 0Number of asset objects unloaded after import = 2

========================================================================
Received Import Request.
  Time since last request: 0.000025 seconds.
  path: Assets/Scenes/е»љж€ї/е»љж€їењ°жќїпј€224 Г— 192пј‰_29.asset
  artifactKey: Guid(66f1f96eab01ec14d9bb63c534a288bb) Importer(2089858483,b0f066a214c2f5e87bad3c948f4d605d)
Start importing Assets/Scenes/е»љж€ї/е»љж€їењ°жќїпј€224 Г— 192пј‰_29.asset using Guid(66f1f96eab01ec14d9bb63c534a288bb) Importer(2089858483,b0f066a214c2f5e87bad3c948f4d605d) (ScriptedImporter) -> (artifact id: 'e47e0d8885331b92ef5cd090d08aa3cd') in 0.0266149 seconds
Number of updated asset objects reloaded before import = 0Number of asset objects unloaded after import = 2

========================================================================
Received Import Request.
  Time since last request: 0.000024 seconds.
  path: Assets/Scenes/е»љж€ї/е»љж€їењ°жќїпј€224 Г— 192пј‰_15.asset
  artifactKey: Guid(b133cb4bd7441f245810222bd46832ed) Importer(2089858483,b0f066a214c2f5e87bad3c948f4d605d)
Start importing Assets/Scenes/е»љж€ї/е»љж€їењ°жќїпј€224 Г— 192пј‰_15.asset using Guid(b133cb4bd7441f245810222bd46832ed) Importer(2089858483,b0f066a214c2f5e87bad3c948f4d605d) (ScriptedImporter) -> (artifact id: 'c6c305d830151b18d25e7dfbe06936a1') in 0.023634 seconds
Number of updated asset objects reloaded before import = 0Number of asset objects unloaded after import = 2

========================================================================
Received Import Request.
  Time since last request: 0.000022 seconds.
  path: Assets/Scenes/е»љж€ї/е»љж€їењ°жќїпј€224 Г— 192пј‰_26.asset
  artifactKey: Guid(5b1b2b20d7ed6954ca22d2759edf7d94) Importer(2089858483,b0f066a214c2f5e87bad3c948f4d605d)
Start importing Assets/Scenes/е»љж€ї/е»љж€їењ°жќїпј€224 Г— 192пј‰_26.asset using Guid(5b1b2b20d7ed6954ca22d2759edf7d94) Importer(2089858483,b0f066a214c2f5e87bad3c948f4d605d) (ScriptedImporter) -> (artifact id: '7293902e5bd717081537ab386e77c51f') in 0.0256378 seconds
Number of updated asset objects reloaded before import = 0Number of asset objects unloaded after import = 2

========================================================================
Received Import Request.
  Time since last request: 0.000020 seconds.
  path: Assets/Scenes/е»љж€ї/е»љж€їењ°жќїпј€224 Г— 192пј‰_22.asset
  artifactKey: Guid(fec1833078e006b46b728acb1dbbb179) Importer(2089858483,b0f066a214c2f5e87bad3c948f4d605d)
Start importing Assets/Scenes/е»љж€ї/е»љж€їењ°жќїпј€224 Г— 192пј‰_22.asset using Guid(fec1833078e006b46b728acb1dbbb179) Importer(2089858483,b0f066a214c2f5e87bad3c948f4d605d) (ScriptedImporter) -> (artifact id: '785277d8e3fc530d8d8226daf07ad33c') in 0.0187044 seconds
Number of updated asset objects reloaded before import = 0Number of asset objects unloaded after import = 2

========================================================================
Received Import Request.
  Time since last request: 0.000073 seconds.
  path: Assets/Scenes/е»љж€ї/е»љж€їењ°жќїпј€224 Г— 192пј‰_34.asset
  artifactKey: Guid(30ca9c5bca19897478f5cad40c73e9e3) Importer(2089858483,b0f066a214c2f5e87bad3c948f4d605d)
Start importing Assets/Scenes/е»љж€ї/е»љж€їењ°жќїпј€224 Г— 192пј‰_34.asset using Guid(30ca9c5bca19897478f5cad40c73e9e3) Importer(2089858483,b0f066a214c2f5e87bad3c948f4d605d) (ScriptedImporter) -> (artifact id: 'ba95fd4200253ef2a83282c0d450036e') in 0.0218059 seconds
Number of updated asset objects reloaded before import = 0Number of asset objects unloaded after import = 2

========================================================================
Received Import Request.
  Time since last request: 0.000019 seconds.
  path: Assets/Scenes/е»љж€ї/е»љж€їењ°жќїпј€224 Г— 192пј‰_10.asset
  artifactKey: Guid(ef17408831f56a74fbfc110d6c400c8b) Importer(2089858483,b0f066a214c2f5e87bad3c948f4d605d)
Start importing Assets/Scenes/е»љж€ї/е»љж€їењ°жќїпј€224 Г— 192пј‰_10.asset using Guid(ef17408831f56a74fbfc110d6c400c8b) Importer(2089858483,b0f066a214c2f5e87bad3c948f4d605d) (ScriptedImporter) -> (artifact id: 'b0e8bad535445a04ef613c12ade0fd99') in 0.0271052 seconds
Number of updated asset objects reloaded before import = 0Number of asset objects unloaded after import = 2

========================================================================
Received Import Request.
  Time since last request: 0.000017 seconds.
  path: Assets/Scenes/е»љж€ї/е»љж€їењ°жќїпј€224 Г— 192пј‰_27.asset
  artifactKey: Guid(6547b0078a017f848871eaa861f7e98f) Importer(2089858483,b0f066a214c2f5e87bad3c948f4d605d)
Start importing Assets/Scenes/е»љж€ї/е»љж€їењ°жќїпј€224 Г— 192пј‰_27.asset using Guid(6547b0078a017f848871eaa861f7e98f) Importer(2089858483,b0f066a214c2f5e87bad3c948f4d605d) (ScriptedImporter) -> (artifact id: 'b9f9ac6a415ffc55777d3313fe7e3632') in 0.0242428 seconds
Number of updated asset objects reloaded before import = 0Number of asset objects unloaded after import = 2

========================================================================
Received Import Request.
  Time since last request: 0.000018 seconds.
  path: Assets/Scenes/е»љж€ї/е»љж€їењ°жќїпј€224 Г— 192пј‰_7.asset
  artifactKey: Guid(6ef98dc9a6cd933419cccab16ffeb1ca) Importer(2089858483,b0f066a214c2f5e87bad3c948f4d605d)
Start importing Assets/Scenes/е»љж€ї/е»љж€їењ°жќїпј€224 Г— 192пј‰_7.asset using Guid(6ef98dc9a6cd933419cccab16ffeb1ca) Importer(2089858483,b0f066a214c2f5e87bad3c948f4d605d) (ScriptedImporter) -> (artifact id: '798ee0b72ea1ddb53ed3f975471c8d57') in 0.019642 seconds
Number of updated asset objects reloaded before import = 0Number of asset objects unloaded after import = 2

========================================================================
Received Import Request.
  Time since last request: 0.000020 seconds.
  path: Assets/Scenes/е»љж€ї/е»љж€їењ°жќїпј€224 Г— 192пј‰_6.asset
  artifactKey: Guid(8d014b5a05da34d46a5d5658d827be4d) Importer(2089858483,b0f066a214c2f5e87bad3c948f4d605d)
Start importing Assets/Scenes/е»љж€ї/е»љж€їењ°жќїпј€224 Г— 192пј‰_6.asset using Guid(8d014b5a05da34d46a5d5658d827be4d) Importer(2089858483,b0f066a214c2f5e87bad3c948f4d605d) (ScriptedImporter) -> (artifact id: '01ad6bedae082f345bbfc2f15622f3dd') in 0.0209601 seconds
Number of updated asset objects reloaded before import = 0Number of asset objects unloaded after import = 2

========================================================================
Received Import Request.
  Time since last request: 0.000134 seconds.
  path: Assets/Scenes/е»љж€ї/ењ°жќї.prefab
  artifactKey: Guid(5b5019b4377b47a44a9457036b6c3e5d) Importer(2089858483,b0f066a214c2f5e87bad3c948f4d605d)
Start importing Assets/Scenes/е»љж€ї/ењ°жќї.prefab using Guid(5b5019b4377b47a44a9457036b6c3e5d) Importer(2089858483,b0f066a214c2f5e87bad3c948f4d605d) (ScriptedImporter) -> (artifact id: '1539ab1d5706a04a9f3644bda789007f') in 0.022426 seconds
Number of updated asset objects reloaded before import = 0Number of asset objects unloaded after import = 10

========================================================================
Received Import Request.
  Time since last request: 0.000018 seconds.
  path: Assets/Scenes/е»љж€ї/е»љж€їењ°жќїпј€224 Г— 192пј‰_25.asset
  artifactKey: Guid(e13f5bc915cd27243ad0b3a24f595aca) Importer(2089858483,b0f066a214c2f5e87bad3c948f4d605d)
Start importing Assets/Scenes/е»љж€ї/е»љж€їењ°жќїпј€224 Г— 192пј‰_25.asset using Guid(e13f5bc915cd27243ad0b3a24f595aca) Importer(2089858483,b0f066a214c2f5e87bad3c948f4d605d) (ScriptedImporter) -> (artifact id: 'f875e85f102b67ceaa550abad0f77182') in 0.0196435 seconds
Number of updated asset objects reloaded before import = 0Number of asset objects unloaded after import = 2

========================================================================
Received Import Request.
  Time since last request: 0.000023 seconds.
  path: Assets/Scenes/е»љж€ї/е»љж€їењ°жќїпј€224 Г— 192пј‰_1.asset
  artifactKey: Guid(2409af40c25e9b643975c3279119d664) Importer(2089858483,b0f066a214c2f5e87bad3c948f4d605d)
Start importing Assets/Scenes/е»љж€ї/е»љж€їењ°жќїпј€224 Г— 192пј‰_1.asset using Guid(2409af40c25e9b643975c3279119d664) Importer(2089858483,b0f066a214c2f5e87bad3c948f4d605d) (ScriptedImporter) -> (artifact id: 'b3abe772f1e55dde71cb72e545337b05') in 0.0257072 seconds
Number of updated asset objects reloaded before import = 0Number of asset objects unloaded after import = 2

========================================================================
Received Import Request.
  Time since last request: 0.000029 seconds.
  path: Assets/Scenes/е»љж€ї/е»љж€їењ°жќїпј€224 Г— 192пј‰_17.asset
  artifactKey: Guid(f9b1f7e18bf588941988541df3b0d0d7) Importer(2089858483,b0f066a214c2f5e87bad3c948f4d605d)
Start importing Assets/Scenes/е»љж€ї/е»љж€їењ°жќїпј€224 Г— 192пј‰_17.asset using Guid(f9b1f7e18bf588941988541df3b0d0d7) Importer(2089858483,b0f066a214c2f5e87bad3c948f4d605d) (ScriptedImporter) -> (artifact id: '4769133a2e83621646230b2194ed02a3') in 0.0379669 seconds
Number of updated asset objects reloaded before import = 0Number of asset objects unloaded after import = 2

========================================================================
Received Import Request.
  Time since last request: 0.000015 seconds.
  path: Assets/Scenes/е»љж€ї/е»љж€їењ°жќїпј€224 Г— 192пј‰_24.asset
  artifactKey: Guid(2410ed22bd546634596108343eadf33d) Importer(2089858483,b0f066a214c2f5e87bad3c948f4d605d)
Start importing Assets/Scenes/е»љж€ї/е»љж€їењ°жќїпј€224 Г— 192пј‰_24.asset using Guid(2410ed22bd546634596108343eadf33d) Importer(2089858483,b0f066a214c2f5e87bad3c948f4d605d) (ScriptedImporter) -> (artifact id: '9477e5e585647409030570532415ce17') in 0.0347849 seconds
Number of updated asset objects reloaded before import = 0Number of asset objects unloaded after import = 2

========================================================================
Received Import Request.
  Time since last request: 0.000015 seconds.
  path: Assets/Scenes/е»љж€ї/е»љж€їењ°жќїпј€224 Г— 192пј‰_0.asset
  artifactKey: Guid(577701bc8dba041439d138a933a1f9c9) Importer(2089858483,b0f066a214c2f5e87bad3c948f4d605d)
Start importing Assets/Scenes/е»љж€ї/е»љж€їењ°жќїпј€224 Г— 192пј‰_0.asset using Guid(577701bc8dba041439d138a933a1f9c9) Importer(2089858483,b0f066a214c2f5e87bad3c948f4d605d) (ScriptedImporter) -> (artifact id: 'e0c1672eae5a609d557b8ca4a69ebdbb') in 0.023237 seconds
Number of updated asset objects reloaded before import = 0Number of asset objects unloaded after import = 2

========================================================================
Received Import Request.
  Time since last request: 0.000019 seconds.
  path: Assets/Scenes/е»љж€ї/е»љж€їењ°жќїпј€224 Г— 192пј‰_4.asset
  artifactKey: Guid(ba99982895379da4e868bd708eb4090b) Importer(2089858483,b0f066a214c2f5e87bad3c948f4d605d)
Start importing Assets/Scenes/е»љж€ї/е»љж€їењ°жќїпј€224 Г— 192пј‰_4.asset using Guid(ba99982895379da4e868bd708eb4090b) Importer(2089858483,b0f066a214c2f5e87bad3c948f4d605d) (ScriptedImporter) -> (artifact id: '61504c67936c7e90029f1c04b4432da5') in 0.0154238 seconds
Number of updated asset objects reloaded before import = 0Number of asset objects unloaded after import = 2

========================================================================
Received Import Request.
  Time since last request: 0.000016 seconds.
  path: Assets/Scenes/е»љж€ї/е»љж€їењ°жќїпј€224 Г— 192пј‰_40.asset
  artifactKey: Guid(90818127578133b4fae6270bbc3e0bf1) Importer(2089858483,b0f066a214c2f5e87bad3c948f4d605d)
Start importing Assets/Scenes/е»љж€ї/е»љж€їењ°жќїпј€224 Г— 192пј‰_40.asset using Guid(90818127578133b4fae6270bbc3e0bf1) Importer(2089858483,b0f066a214c2f5e87bad3c948f4d605d) (ScriptedImporter) -> (artifact id: '5f38d3d6d7f9788834f4def3c94f6c6a') in 0.0149472 seconds
Number of updated asset objects reloaded before import = 0Number of asset objects unloaded after import = 2

========================================================================
Received Import Request.
  Time since last request: 0.000017 seconds.
  path: Assets/Scenes/е»љж€ї/е»љж€їењ°жќїпј€224 Г— 192пј‰_23.asset
  artifactKey: Guid(b86f4e41923f16a4e97eb61f22954d34) Importer(2089858483,b0f066a214c2f5e87bad3c948f4d605d)
Start importing Assets/Scenes/е»љж€ї/е»љж€їењ°жќїпј€224 Г— 192пј‰_23.asset using Guid(b86f4e41923f16a4e97eb61f22954d34) Importer(2089858483,b0f066a214c2f5e87bad3c948f4d605d) (ScriptedImporter) -> (artifact id: '22eb8e8beaf0f71031b20273e7e46552') in 0.015627 seconds
Number of updated asset objects reloaded before import = 0Number of asset objects unloaded after import = 2

========================================================================
Received Import Request.
  Time since last request: 0.000018 seconds.
  path: Assets/Scenes/е»љж€ї/ж‹–ж‹Ѕз—•и·Ў.prefab
  artifactKey: Guid(57db21189a47e1f42bf6a47288883a9f) Importer(2089858483,b0f066a214c2f5e87bad3c948f4d605d)
Start importing Assets/Scenes/е»љж€ї/ж‹–ж‹Ѕз—•и·Ў.prefab using Guid(57db21189a47e1f42bf6a47288883a9f) Importer(2089858483,b0f066a214c2f5e87bad3c948f4d605d) (ScriptedImporter) -> (artifact id: 'dd881cce1ded8b7983193590ef79f92d') in 0.0141644 seconds
Number of updated asset objects reloaded before import = 0Number of asset objects unloaded after import = 10

========================================================================
Received Import Request.
  Time since last request: 0.000050 seconds.
  path: Assets/Scenes/е»љж€ї/е»љж€їењ°жќїпј€224 Г— 192пј‰_19.asset
  artifactKey: Guid(9fb2900fb458d0f4abd57d10a67be91a) Importer(2089858483,b0f066a214c2f5e87bad3c948f4d605d)
Start importing Assets/Scenes/е»љж€ї/е»љж€їењ°жќїпј€224 Г— 192пј‰_19.asset using Guid(9fb2900fb458d0f4abd57d10a67be91a) Importer(2089858483,b0f066a214c2f5e87bad3c948f4d605d) (ScriptedImporter) -> (artifact id: 'f090163fdd6e7b634cc81dd3d94345f0') in 0.0150206 seconds
Number of updated asset objects reloaded before import = 0Number of asset objects unloaded after import = 2

========================================================================
Received Import Request.
  Time since last request: 0.000050 seconds.
  path: Assets/Scenes/е»љж€ї/е»љж€їењ°жќїпј€224 Г— 192пј‰_35.asset
  artifactKey: Guid(80f81a6b59cf6a64596b8d31abd8b152) Importer(2089858483,b0f066a214c2f5e87bad3c948f4d605d)
Start importing Assets/Scenes/е»љж€ї/е»љж€їењ°жќїпј€224 Г— 192пј‰_35.asset using Guid(80f81a6b59cf6a64596b8d31abd8b152) Importer(2089858483,b0f066a214c2f5e87bad3c948f4d605d) (ScriptedImporter) -> (artifact id: 'a9c269fee71a63103ff52faf62767ba4') in 0.0166997 seconds
Number of updated asset objects reloaded before import = 0Number of asset objects unloaded after import = 2

Editor requested this worker to shutdown with reason: Scaling down because of idle timeout
AssetImportWorker is now disconnected from the server
Process exiting
Exiting without the bug reporter. Application will terminate with return code 0