[Licensing::Module] Trying to connect to existing licensing client channel...
Built from '6000.3/staging' branch; Version is '6000.3.10f1 (e35f0c77bd8e) revision 14901004'; Using compiler version '194234433'; Build Type 'Release'
OS: 'Windows 11  (10.0.26200) Core' Language: 'zh' Physical Memory: 48781 MB
[Licensing::IpcConnector] Successfully connected to: "LicenseClient-qSRmLYszJlAg1d2U6xQ77" at "2026-03-10T14:31:13.7349282Z"
BatchMode: 1, IsHumanControllingUs: 0, StartBugReporterOnCrash: 0, Is64bit: 1
System  architecture: x64
Process architecture: x64
Date: 2026-03-10T14:31:13Z

COMMAND LINE ARGUMENTS:
C:\Program Files\Unity\Hub\Editor\6000.3.10f1\Editor\Unity.exe
-adb2
-batchMode
-noUpm
-name
AssetImportWorker1
-projectPath
D:/Â§ßÂ≠∏/‰∫∫ÂüπÂÆ§/The truth/The-truth
-logFile
Logs/AssetImportWorker1.log
-srvPort
63953
-licensingIpc
LicenseClient-qSRmLYszJlAg1d2U6xQ77
-job-worker-count
7
-background-job-worker-count
8
-gc-helper-count
1
-name
AssetImport
Successfully changed project path to: D:/Â§ßÂ≠∏/‰∫∫ÂüπÂÆ§/The truth/The-truth
D:/Â§ßÂ≠∏/‰∫∫ÂüπÂÆ§/The truth/The-truth
[UnityMemory] Configuration Parameters - Can be set up in boot.config
    "memorysetup-temp-allocator-size-nav-mesh-worker=65536"
    "memorysetup-temp-allocator-size-audio-worker=65536"
    "memorysetup-temp-allocator-size-gfx=262144"
    "memorysetup-allocator-temp-initial-block-size-main=262144"
    "memorysetup-allocator-temp-initial-block-size-worker=262144"
    "memorysetup-temp-allocator-size-background-worker=32768"
    "memorysetup-temp-allocator-size-job-worker=262144"
    "memorysetup-temp-allocator-size-preload-manager=33554432"
    "memorysetup-temp-allocator-size-gi-baking-worker=262144"
    "memorysetup-temp-allocator-size-gi-baking-worker=262144"
    "memorysetup-temp-allocator-size-gi-baking-worker=262144"
    "memorysetup-temp-allocator-size-gi-baking-worker=262144"
    "memorysetup-temp-allocator-size-gi-baking-worker=262144"
    "memorysetup-bucket-allocator-granularity=16"
    "memorysetup-bucket-allocator-bucket-count=8"
    "memorysetup-bucket-allocator-block-size=33554432"
    "memorysetup-bucket-allocator-block-count=8"
    "memorysetup-main-allocator-block-size=16777216"
    "memorysetup-thread-allocator-block-size=16777216"
    "memorysetup-gfx-main-allocator-block-size=16777216"
    "memorysetup-gfx-thread-allocator-block-size=16777216"
    "memorysetup-cache-allocator-block-size=4194304"
    "memorysetup-typetree-allocator-block-size=2097152"
    "memorysetup-profiler-bucket-allocator-granularity=16"
    "memorysetup-profiler-bucket-allocator-bucket-count=8"
    "memorysetup-profiler-bucket-allocator-block-size=33554432"
    "memorysetup-profiler-bucket-allocator-block-count=8"
    "memorysetup-profiler-allocator-block-size=16777216"
    "memorysetup-profiler-editor-allocator-block-size=1048576"
    "memorysetup-temp-allocator-size-main=16777216"
    "memorysetup-job-temp-allocator-block-size=2097152"
    "memorysetup-job-temp-allocator-block-size-background=1048576"
    "memorysetup-job-temp-allocator-reduction-small-platforms=262144"
    "memorysetup-temp-allocator-size-cloud-worker=32768"
Player connection [10636]  Target information:

Player connection [10636]  * "[IP] 26.105.232.86 [Port] 0 [Flags] 2 [Guid] 3437938273 [EditorId] 3437938273 [Version] 1048832 [Id] WindowsEditor(7,©˝) [Debug] 1 [PackageName] WindowsEditor [ProjectName] Editor" 

Player connection [10636]  * "[IP] 172.20.10.3 [Port] 0 [Flags] 2 [Guid] 3437938273 [EditorId] 3437938273 [Version] 1048832 [Id] WindowsEditor(7,©˝) [Debug] 1 [PackageName] WindowsEditor [ProjectName] Editor" 

Player connection [10636] Host joined multi-casting on [225.0.0.222:54997]...
Player connection [10636] Host joined alternative multi-casting on [225.0.0.222:34997]...
JobSystem: Creating JobQueue using job-worker-count value 7
Input System module state changed to: Initialized.
[Physics::Module] Initialized fallback backend.
[Physics::Module] Id: 0xdecafbad
Library Redirect Path: Library/
[Physics::Module] Selected backend.
[Physics::Module] Name: PhysX
[Physics::Module] Id: 0xf2b8ea05
[Physics::Module] SDK Version: 4.1.2
[Physics::Module] Integration Version: 1.0.0
[Physics::Module] Threading Mode: Multi-Threaded
Refreshing native plugins compatible for Editor in 4.66 ms, found 4 plugins.
Preloading 0 native plugins for Editor in 0.00 ms.
Initialize engine version: 6000.3.10f1 (e35f0c77bd8e)
[Subsystems] Discovering subsystems at path C:/Program Files/Unity/Hub/Editor/6000.3.10f1/Editor/Data/Resources/UnitySubsystems
[Subsystems] Discovering subsystems at path D:/Â§ßÂ≠∏/‰∫∫ÂüπÂÆ§/The truth/The-truth/Assets
GfxDevice: creating device client; kGfxThreadingModeNonThreaded
Direct3D:
    Version:  Direct3D 11.0 [level 11.1]
    Renderer: NVIDIA GeForce RTX 5060 Laptop GPU (ID=0x2d19)
    Vendor:   NVIDIA
    VRAM:     7810 MB
    Driver:   32.0.15.8166
Initialize mono
Mono path[0] = 'C:/Program Files/Unity/Hub/Editor/6000.3.10f1/Editor/Data/Managed'
Mono path[1] = 'C:/Program Files/Unity/Hub/Editor/6000.3.10f1/Editor/Data/MonoBleedingEdge/lib/mono/unityjit-win32'
Mono config path = 'C:/Program Files/Unity/Hub/Editor/6000.3.10f1/Editor/Data/MonoBleedingEdge/etc'
Using monoOptions --debugger-agent=transport=dt_socket,embedding=1,server=y,suspend=n,address=127.0.0.1:56348
Begin MonoManager ReloadAssembly
Registering precompiled unity dll's ...
Register platform support module: C:/Program Files/Unity/Hub/Editor/6000.3.10f1/Editor/Data/PlaybackEngines/WebGLSupport/UnityEditor.WebGL.Extensions.dll
Register platform support module: C:/Program Files/Unity/Hub/Editor/6000.3.10f1/Editor/Data/PlaybackEngines/WindowsStandaloneSupport/UnityEditor.WindowsStandalone.Extensions.dll
[Licensing::Module] Licensing is not yet initialized.
[Licensing::Client] Error: HandshakeResponse reported an error:
	ResponseCode: 505
	ResponseStatus: Unsupported protocol version '1.17.4'.
[Licensing::Module] Error: Failed to handshake to channel: "LicenseClient-qSRmLYszJlAg1d2U6xQ77"
[Licensing::IpcConnector] LicenseClient-qSRmLYszJlAg1d2U6xQ77 channel disconnected successfully.
[Licensing::IpcConnector] Successfully connected to: "LicenseClient-HP-6000.3.10" at "2026-03-10T14:31:15.688442Z"
[Licensing::Client] Handshaking with LicensingClient:
  Version:                 1.17.4+4293ba1
  Session Id:              383f4b3321204780a611983b12a13fcc
  Correlation Id:          7c4b95f36b6c1f182b51cfe4e2674a64
  External correlation Id: 5333071699464629614
  Machine Id:              RTQJqdM1o6K0WXNM9E0FTeCVfXM=
[Licensing::Module] Successfully connected to LicensingClient on channel: "LicenseClient-HP-6000.3.10" (connect: 0.00s, validation: 0.00s, handshake: 1.80s)
[Licensing::IpcConnector] Successfully connected to: "LicenseClient-HP-6000.3.10-notifications" at "2026-03-10T14:31:17.4941351Z"
[Licensing::Module] Licensing Background thread has ended after 3.76s
[Licensing::Module] Licensing is initialized (took 2.84s).
[Licensing::Client] Successfully resolved entitlement details
[Licensing::Module] License group:
  Id: F4-ASHM-9AHC-MNGY-H298-XXXX
  Product: Unity Personal
  Type: ULF
  Expiration: 2026-03-20T15:29:30Z
[Licensing::Module] License group:
  Id: ewogICJzdWJzR3JvdXAiIDogInVuaXR5IGVkaXRvciIsCiAgIm5hbWVzcGFjZSIgOiAidW5pdHlfZWRpdG9yIiwKICAidHlwZSIgOiAiRURJVE9SIiwKICAidGFnIiA6ICJVbml0eVBlcnNvbmFsXXXX
  Product: Unity Personal Version
  Type: Assigned
  Expiration: Unlimited
Register platform support module: C:/Program Files/Unity/Hub/Editor/6000.3.10f1/Editor/Data/PlaybackEngines/AndroidPlayer/UnityEditor.Android.Extensions.dll
Registered in 2.843537 seconds.
- Loaded All Assemblies, in  3.260 seconds
Native extension for Android target not found
Android Extension - Scanning For ADB Devices 223 ms
Native extension for WindowsStandalone target not found
Native extension for WebGL target not found
ScheduleIndexationOnStartup MainProcess:False IndexOnStartup:True
Mono: successfully reloaded assembly
- Finished resetting the current domain, in  0.655 seconds
Domain Reload Profiling: 3913ms
	BeginReloadAssembly (143ms)
		ExecutionOrderSort (0ms)
		DisableScriptedObjects (0ms)
		BackupInstance (0ms)
		ReleaseScriptingObjects (0ms)
		CreateAndSetChildDomain (1ms)
	RebuildCommonClasses (40ms)
	RebuildNativeTypeToScriptingClass (14ms)
	initialDomainReloadingComplete (2890ms)
	LoadAllAssembliesAndSetupDomain (169ms)
		LoadAssemblies (141ms)
		RebuildTransferFunctionScriptingTraits (0ms)
		AnalyzeDomain (165ms)
			TypeCache.Refresh (164ms)
				TypeCache.ScanAssembly (150ms)
			BuildScriptInfoCaches (0ms)
			ResolveRequiredComponents (0ms)
	FinalizeReload (655ms)
		ReleaseScriptCaches (0ms)
		RebuildScriptCaches (0ms)
		SetupLoadedEditorAssemblies (615ms)
			LogAssemblyErrors (0ms)
			InitializePlatformSupportModulesInManaged (306ms)
			SetLoadedEditorAssemblies (3ms)
			BeforeProcessingInitializeOnLoad (88ms)
			ProcessInitializeOnLoadAttributes (153ms)
			ProcessInitializeOnLoadMethodAttributes (65ms)
			AfterProcessingInitializeOnLoad (0ms)
			EditorAssembliesLoaded (0ms)
		ExecutionOrderSort2 (0ms)
		AwakeInstancesAfterBackupRestoration (0ms)
========================================================================
Worker process is ready to serve import requests
Import Worker Mode flag is 0x00
Begin MonoManager ReloadAssembly
[Licensing::Client] Successfully resolved entitlement details
[Licensing::Module] License group:
  Id: F4-ASHM-9AHC-MNGY-H298-XXXX
  Product: Unity Personal
  Type: ULF
  Expiration: 2026-03-20T15:29:30Z
[Licensing::Module] License group:
  Id: ewogICJzdWJzR3JvdXAiIDogInVuaXR5IGVkaXRvciIsCiAgIm5hbWVzcGFjZSIgOiAidW5pdHlfZWRpdG9yIiwKICAidHlwZSIgOiAiRURJVE9SIiwKICAidGFnIiA6ICJVbml0eVBlcnNvbmFsXXXX
  Product: Unity Personal Version
  Type: Assigned
  Expiration: Unlimited
- Loaded All Assemblies, in  0.637 seconds
Refreshing native plugins compatible for Editor in 1.08 ms, found 4 plugins.
Native extension for Android target not found
Native extension for WindowsStandalone target not found
Native extension for WebGL target not found
Package Manager log level set to [2]
[Package Manager] Failed to launch server process. Reason: Unity was launched with the -noUpm command-line argument
[Package Manager] Unable to send message (not connected to server process).
[Package Manager] Cannot connect to Unity Package Manager local server
ScheduleIndexationOnStartup MainProcess:False IndexOnStartup:True
Mono: successfully reloaded assembly
- Finished resetting the current domain, in  0.713 seconds
Domain Reload Profiling: 1347ms
	BeginReloadAssembly (164ms)
		ExecutionOrderSort (0ms)
		DisableScriptedObjects (7ms)
		BackupInstance (0ms)
		ReleaseScriptingObjects (0ms)
		CreateAndSetChildDomain (26ms)
	RebuildCommonClasses (34ms)
	RebuildNativeTypeToScriptingClass (11ms)
	initialDomainReloadingComplete (35ms)
	LoadAllAssembliesAndSetupDomain (390ms)
		LoadAssemblies (293ms)
		RebuildTransferFunctionScriptingTraits (0ms)
		AnalyzeDomain (184ms)
			TypeCache.Refresh (133ms)
				TypeCache.ScanAssembly (120ms)
			BuildScriptInfoCaches (44ms)
			ResolveRequiredComponents (4ms)
	FinalizeReload (713ms)
		ReleaseScriptCaches (0ms)
		RebuildScriptCaches (0ms)
		SetupLoadedEditorAssemblies (611ms)
			LogAssemblyErrors (0ms)
			InitializePlatformSupportModulesInManaged (10ms)
			SetLoadedEditorAssemblies (5ms)
			BeforeProcessingInitializeOnLoad (127ms)
			ProcessInitializeOnLoadAttributes (405ms)
			ProcessInitializeOnLoadMethodAttributes (58ms)
			AfterProcessingInitializeOnLoad (6ms)
			EditorAssembliesLoaded (0ms)
		ExecutionOrderSort2 (0ms)
		AwakeInstancesAfterBackupRestoration (5ms)
Launched and connected shader compiler UnityShaderCompiler.exe after 0.01 seconds
Refreshing native plugins compatible for Editor in 1.25 ms, found 4 plugins.
Preloading 0 native plugins for Editor in 0.00 ms.
Unloading 0 Unused Serialized files (Serialized files now loaded: 0)
Unloading 4601 unused Assets / (1.3 MB). Loaded Objects now: 5185.
Memory consumption went from 97.7 MB to 96.4 MB.
Total: 5.821700 ms (FindLiveObjects: 0.307900 ms CreateObjectMapping: 0.400300 ms MarkObjects: 4.268800 ms  DeleteObjects: 0.843500 ms)

========================================================================
Received Import Request.
  Time since last request: 8384.418460 seconds.
  path: Assets/Settings/Scenes/URP2DSceneTemplate.unity
  artifactKey: Guid(52a00d4be8c58044f8126b32d3ee51f3) Importer(2089858483,b0f066a214c2f5e87bad3c948f4d605d)
Start importing Assets/Settings/Scenes/URP2DSceneTemplate.unity using Guid(52a00d4be8c58044f8126b32d3ee51f3) Importer(2089858483,b0f066a214c2f5e87bad3c948f4d605d) (ScriptedImporter) -> (artifact id: '77b590a45d6dda64fc434d692332e155') in 0.0652889 seconds
Number of updated asset objects reloaded before import = 0Number of asset objects unloaded after import = 1

========================================================================
Received Import Request.
  Time since last request: 0.000015 seconds.
  path: Assets/Settings/Lit2DSceneTemplate.scenetemplate
  artifactKey: Guid(d03ed43fc9d8a4f2e9fa70c1c7916eb9) Importer(2089858483,b0f066a214c2f5e87bad3c948f4d605d)
Start importing Assets/Settings/Lit2DSceneTemplate.scenetemplate using Guid(d03ed43fc9d8a4f2e9fa70c1c7916eb9) Importer(2089858483,b0f066a214c2f5e87bad3c948f4d605d) (ScriptedImporter) -> (artifact id: '276128d7a278cebc52e2922be2b41d17') in 0.081864 seconds
Number of updated asset objects reloaded before import = 0Number of asset objects unloaded after import = 2

========================================================================
Received Import Request.
  Time since last request: 0.000161 seconds.
  path: Assets/PlayerMovement.cs
  artifactKey: Guid(098f19bd5e6cfa340b70b17f957652a9) Importer(2089858483,b0f066a214c2f5e87bad3c948f4d605d)
Start importing Assets/PlayerMovement.cs using Guid(098f19bd5e6cfa340b70b17f957652a9) Importer(2089858483,b0f066a214c2f5e87bad3c948f4d605d) (ScriptedImporter) -> (artifact id: 'e974c2fb2f1f1754fbf50b5a7bf78543') in 0.0164697 seconds
Number of updated asset objects reloaded before import = 0Number of asset objects unloaded after import = 0

========================================================================
Received Import Request.
  Time since last request: 0.000182 seconds.
  path: Assets/Scenes/MainScene.unity
  artifactKey: Guid(4daf5329da533674aa7396ead3c66977) Importer(2089858483,b0f066a214c2f5e87bad3c948f4d605d)
Start importing Assets/Scenes/MainScene.unity using Guid(4daf5329da533674aa7396ead3c66977) Importer(2089858483,b0f066a214c2f5e87bad3c948f4d605d) (ScriptedImporter) -> (artifact id: '40b6441690a7d362e6d473498a92b2a8') in 0.0187072 seconds
Number of updated asset objects reloaded before import = 0Number of asset objects unloaded after import = 1

========================================================================
Received Import Request.
  Time since last request: 0.000081 seconds.
  path: Assets/UniversalRenderPipelineGlobalSettings.asset
  artifactKey: Guid(93b439a37f63240aca3dd4e01d978a9f) Importer(815301076,1909f56bfc062723c751e8b465ee728b)
Start importing Assets/UniversalRenderPipelineGlobalSettings.asset using Guid(93b439a37f63240aca3dd4e01d978a9f) Importer(815301076,1909f56bfc062723c751e8b465ee728b) (PreviewImporter) -> (artifact id: '5d16ce317dc530d71938d38bf760f556') in 0.0053172 seconds
Number of updated asset objects reloaded before import = 0Number of asset objects unloaded after import = 1

========================================================================
Received Import Request.
  Time since last request: 0.000013 seconds.
  path: Assets/InputSystem_Actions.inputactions
  artifactKey: Guid(2bcd2660ca9b64942af0de543d8d7100) Importer(2089858483,b0f066a214c2f5e87bad3c948f4d605d)
Start importing Assets/InputSystem_Actions.inputactions using Guid(2bcd2660ca9b64942af0de543d8d7100) Importer(2089858483,b0f066a214c2f5e87bad3c948f4d605d) (ScriptedImporter) -> (artifact id: 'cd110654e31abf07bcee348d08ed40af') in 0.0142753 seconds
Number of updated asset objects reloaded before import = 0Number of asset objects unloaded after import = 1

========================================================================
Received Import Request.
  Time since last request: 0.000042 seconds.
  path: Assets/DefaultVolumeProfile.asset
  artifactKey: Guid(3f9215ea0144899419cfbc0957140d3f) Importer(2089858483,b0f066a214c2f5e87bad3c948f4d605d)
Start importing Assets/DefaultVolumeProfile.asset using Guid(3f9215ea0144899419cfbc0957140d3f) Importer(2089858483,b0f066a214c2f5e87bad3c948f4d605d) (ScriptedImporter) -> (artifact id: '74c665814e8503e1afbc08e24c03cc2d') in 0.0185257 seconds
Number of updated asset objects reloaded before import = 0Number of asset objects unloaded after import = 1

========================================================================
Received Import Request.
  Time since last request: 0.000031 seconds.
  path: Assets/ÂÜ∞ÁÆ± 30 √ó73.png
  artifactKey: Guid(3c6f6ce6200458545bd2504cb38c1453) Importer(2089858483,b0f066a214c2f5e87bad3c948f4d605d)
Start importing Assets/ÂÜ∞ÁÆ± 30 √ó73.png using Guid(3c6f6ce6200458545bd2504cb38c1453) Importer(2089858483,b0f066a214c2f5e87bad3c948f4d605d) (ScriptedImporter) -> (artifact id: '88709d0f8bbc87811a74ab4a53e13555') in 0.0427702 seconds
Number of updated asset objects reloaded before import = 0Number of asset objects unloaded after import = 3

========================================================================
Received Import Request.
  Time since last request: 0.000015 seconds.
  path: Assets/Scenes/SampleScene.unity
  artifactKey: Guid(4fa2026cdab44b644bf14927087112ae) Importer(2089858483,b0f066a214c2f5e87bad3c948f4d605d)
Start importing Assets/Scenes/SampleScene.unity using Guid(4fa2026cdab44b644bf14927087112ae) Importer(2089858483,b0f066a214c2f5e87bad3c948f4d605d) (ScriptedImporter) -> (artifact id: '4bcb72cec2b89e0fcb4e4ffb07f26b85') in 0.0181073 seconds
Number of updated asset objects reloaded before import = 0Number of asset objects unloaded after import = 1

========================================================================
Received Prepare
Begin MonoManager ReloadAssembly
[Licensing::Client] Successfully resolved entitlement details
[Licensing::Module] License group:
  Id: F4-ASHM-9AHC-MNGY-H298-XXXX
  Product: Unity Personal
  Type: ULF
  Expiration: 2026-03-20T15:29:30Z
[Licensing::Module] License group:
  Id: ewogICJzdWJzR3JvdXAiIDogInVuaXR5IGVkaXRvciIsCiAgIm5hbWVzcGFjZSIgOiAidW5pdHlfZWRpdG9yIiwKICAidHlwZSIgOiAiRURJVE9SIiwKICAidGFnIiA6ICJVbml0eVBlcnNvbmFsXXXX
  Product: Unity Personal Version
  Type: Assigned
  Expiration: Unlimited
- Loaded All Assemblies, in  0.537 seconds
Refreshing native plugins compatible for Editor in 1.29 ms, found 4 plugins.
Native extension for Android target not found
Native extension for WindowsStandalone target not found
Native extension for WebGL target not found
[Package Manager] Failed to launch server process. Reason: Unity was launched with the -noUpm command-line argument
[Package Manager] Unable to send message (not connected to server process).
[Package Manager] Cannot connect to Unity Package Manager local server
ScheduleIndexationOnStartup MainProcess:False IndexOnStartup:True
Mono: successfully reloaded assembly
- Finished resetting the current domain, in  0.683 seconds
Domain Reload Profiling: 1219ms
	BeginReloadAssembly (172ms)
		ExecutionOrderSort (0ms)
		DisableScriptedObjects (12ms)
		BackupInstance (0ms)
		ReleaseScriptingObjects (0ms)
		CreateAndSetChildDomain (39ms)
	RebuildCommonClasses (30ms)
	RebuildNativeTypeToScriptingClass (11ms)
	initialDomainReloadingComplete (24ms)
	LoadAllAssembliesAndSetupDomain (299ms)
		LoadAssemblies (256ms)
		RebuildTransferFunctionScriptingTraits (0ms)
		AnalyzeDomain (122ms)
			TypeCache.Refresh (5ms)
				TypeCache.ScanAssembly (0ms)
			BuildScriptInfoCaches (110ms)
			ResolveRequiredComponents (4ms)
	FinalizeReload (683ms)
		ReleaseScriptCaches (0ms)
		RebuildScriptCaches (0ms)
		SetupLoadedEditorAssemblies (579ms)
			LogAssemblyErrors (0ms)
			InitializePlatformSupportModulesInManaged (8ms)
			SetLoadedEditorAssemblies (4ms)
			BeforeProcessingInitializeOnLoad (116ms)
			ProcessInitializeOnLoadAttributes (391ms)
			ProcessInitializeOnLoadMethodAttributes (55ms)
			AfterProcessingInitializeOnLoad (5ms)
			EditorAssembliesLoaded (0ms)
		ExecutionOrderSort2 (0ms)
		AwakeInstancesAfterBackupRestoration (6ms)
Refreshing native plugins compatible for Editor in 1.40 ms, found 4 plugins.
Preloading 0 native plugins for Editor in 0.00 ms.
Unloading 0 Unused Serialized files (Serialized files now loaded: 0)
Unloading 4599 unused Assets / (1.1 MB). Loaded Objects now: 5192.
Memory consumption went from 98.6 MB to 97.5 MB.
Total: 5.911400 ms (FindLiveObjects: 0.275600 ms CreateObjectMapping: 0.379600 ms MarkObjects: 4.490000 ms  DeleteObjects: 0.765400 ms)

Prepare: number of updated asset objects reloaded= 0
========================================================================
Received Import Request.
  Time since last request: 1350.824104 seconds.
  path: Assets/Scenes/ÂªöÊàøÂú∞ÊùøÔºà224 √ó 192Ôºâ_0.asset
  artifactKey: Guid(251737cd3a1b09b4ea633b66cc1241b2) Importer(815301076,1909f56bfc062723c751e8b465ee728b)
Start importing Assets/Scenes/ÂªöÊàøÂú∞ÊùøÔºà224 √ó 192Ôºâ_0.asset using Guid(251737cd3a1b09b4ea633b66cc1241b2) Importer(815301076,1909f56bfc062723c751e8b465ee728b) (PreviewImporter) -> (artifact id: '3e8459a71017083655bf56b7a10d0987') in 0.0787035 seconds
Number of updated asset objects reloaded before import = 0Number of asset objects unloaded after import = 3

========================================================================
Received Import Request.
  Time since last request: 0.000027 seconds.
  path: Assets/Scenes/ÂªöÊàøÂú∞ÊùøÔºà224 √ó 192Ôºâ_23.asset
  artifactKey: Guid(11d9daa13cec28148b66f9f90efd59b0) Importer(815301076,1909f56bfc062723c751e8b465ee728b)
Start importing Assets/Scenes/ÂªöÊàøÂú∞ÊùøÔºà224 √ó 192Ôºâ_23.asset using Guid(11d9daa13cec28148b66f9f90efd59b0) Importer(815301076,1909f56bfc062723c751e8b465ee728b) (PreviewImporter) -> (artifact id: '9a2dbb2a0ef68958c8a0ced48b85ae3a') in 0.0062478 seconds
Number of updated asset objects reloaded before import = 0Number of asset objects unloaded after import = 3

========================================================================
Received Import Request.
  Time since last request: 0.000019 seconds.
  path: Assets/Scenes/ÂªöÊàøÂú∞ÊùøÔºà224 √ó 192Ôºâ_9.asset
  artifactKey: Guid(ab9d46ea19784b74cac3941286fd8a68) Importer(815301076,1909f56bfc062723c751e8b465ee728b)
Start importing Assets/Scenes/ÂªöÊàøÂú∞ÊùøÔºà224 √ó 192Ôºâ_9.asset using Guid(ab9d46ea19784b74cac3941286fd8a68) Importer(815301076,1909f56bfc062723c751e8b465ee728b) (PreviewImporter) -> (artifact id: '2b6984a91d841bd316ce90a8b3180691') in 0.0053989 seconds
Number of updated asset objects reloaded before import = 0Number of asset objects unloaded after import = 3

========================================================================
Received Import Request.
  Time since last request: 0.000021 seconds.
  path: Assets/Scenes/ÂªöÊàøÂú∞ÊùøÔºà224 √ó 192Ôºâ_20.asset
  artifactKey: Guid(e059fdce666c6b6489d46e2e2a3aaf9e) Importer(815301076,1909f56bfc062723c751e8b465ee728b)
Start importing Assets/Scenes/ÂªöÊàøÂú∞ÊùøÔºà224 √ó 192Ôºâ_20.asset using Guid(e059fdce666c6b6489d46e2e2a3aaf9e) Importer(815301076,1909f56bfc062723c751e8b465ee728b) (PreviewImporter) -> (artifact id: '3fed44c0ffb713b82c79a218e187c985') in 0.0046503 seconds
Number of updated asset objects reloaded before import = 0Number of asset objects unloaded after import = 3

========================================================================
Received Import Request.
  Time since last request: 0.000021 seconds.
  path: Assets/Scenes/ÂªöÊàøÂú∞ÊùøÔºà224 √ó 192Ôºâ_11.asset
  artifactKey: Guid(df07d3b062e4da94f9fb37973befd089) Importer(815301076,1909f56bfc062723c751e8b465ee728b)
Start importing Assets/Scenes/ÂªöÊàøÂú∞ÊùøÔºà224 √ó 192Ôºâ_11.asset using Guid(df07d3b062e4da94f9fb37973befd089) Importer(815301076,1909f56bfc062723c751e8b465ee728b) (PreviewImporter) -> (artifact id: 'a07daa023cc0b6c19bc9a68b092564df') in 0.0054155 seconds
Number of updated asset objects reloaded before import = 0Number of asset objects unloaded after import = 3

========================================================================
Received Import Request.
  Time since last request: 0.000026 seconds.
  path: Assets/Scenes/ÂªöÊàøÂú∞ÊùøÔºà224 √ó 192Ôºâ_28.asset
  artifactKey: Guid(1301e0fff5d04ac4b8fa350192601a37) Importer(815301076,1909f56bfc062723c751e8b465ee728b)
Start importing Assets/Scenes/ÂªöÊàøÂú∞ÊùøÔºà224 √ó 192Ôºâ_28.asset using Guid(1301e0fff5d04ac4b8fa350192601a37) Importer(815301076,1909f56bfc062723c751e8b465ee728b) (PreviewImporter) -> (artifact id: '72a7e914072998cb0e64df551f079e21') in 0.0073436 seconds
Number of updated asset objects reloaded before import = 0Number of asset objects unloaded after import = 3

========================================================================
Received Import Request.
  Time since last request: 0.000023 seconds.
  path: Assets/Scenes/ÂªöÊàøÂú∞ÊùøÔºà224 √ó 192Ôºâ_3.asset
  artifactKey: Guid(18b24cbf63be30d4ea82a2ab8edf9d85) Importer(815301076,1909f56bfc062723c751e8b465ee728b)
Start importing Assets/Scenes/ÂªöÊàøÂú∞ÊùøÔºà224 √ó 192Ôºâ_3.asset using Guid(18b24cbf63be30d4ea82a2ab8edf9d85) Importer(815301076,1909f56bfc062723c751e8b465ee728b) (PreviewImporter) -> (artifact id: '66407bfc96c4c6cd57384ae375ae1791') in 0.0064562 seconds
Number of updated asset objects reloaded before import = 0Number of asset objects unloaded after import = 3

========================================================================
Received Import Request.
  Time since last request: 0.000020 seconds.
  path: Assets/Scenes/ÂªöÊàøÂú∞ÊùøÔºà224 √ó 192Ôºâ_21.asset
  artifactKey: Guid(44244090b30f7e74a9b71bae280f3fa1) Importer(815301076,1909f56bfc062723c751e8b465ee728b)
Start importing Assets/Scenes/ÂªöÊàøÂú∞ÊùøÔºà224 √ó 192Ôºâ_21.asset using Guid(44244090b30f7e74a9b71bae280f3fa1) Importer(815301076,1909f56bfc062723c751e8b465ee728b) (PreviewImporter) -> (artifact id: '49f28f610963b45e876a1f9c2a923b99') in 0.0051771 seconds
Number of updated asset objects reloaded before import = 0Number of asset objects unloaded after import = 3

========================================================================
Received Import Request.
  Time since last request: 0.000022 seconds.
  path: Assets/Scenes/ÂªöÊàøÂú∞ÊùøÔºà224 √ó 192Ôºâ_4.asset
  artifactKey: Guid(4fbea7381123ba84f933d5af9cb4a5af) Importer(815301076,1909f56bfc062723c751e8b465ee728b)
Start importing Assets/Scenes/ÂªöÊàøÂú∞ÊùøÔºà224 √ó 192Ôºâ_4.asset using Guid(4fbea7381123ba84f933d5af9cb4a5af) Importer(815301076,1909f56bfc062723c751e8b465ee728b) (PreviewImporter) -> (artifact id: '718e6c3b69a1cc0295dd1bf7a6a9dba4') in 0.0047619 seconds
Number of updated asset objects reloaded before import = 0Number of asset objects unloaded after import = 3

========================================================================
Received Import Request.
  Time since last request: 0.000021 seconds.
  path: Assets/Scenes/ÂªöÊàøÂú∞ÊùøÔºà224 √ó 192Ôºâ_18.asset
  artifactKey: Guid(319241c2c83b2d54cae50d5ce965d780) Importer(815301076,1909f56bfc062723c751e8b465ee728b)
Start importing Assets/Scenes/ÂªöÊàøÂú∞ÊùøÔºà224 √ó 192Ôºâ_18.asset using Guid(319241c2c83b2d54cae50d5ce965d780) Importer(815301076,1909f56bfc062723c751e8b465ee728b) (PreviewImporter) -> (artifact id: '421d52af179a563b60b5542bfd0cf6f7') in 0.0042879 seconds
Number of updated asset objects reloaded before import = 0Number of asset objects unloaded after import = 3

========================================================================
Received Import Request.
  Time since last request: 0.000021 seconds.
  path: Assets/Scenes/ÂªöÊàøÂú∞ÊùøÔºà224 √ó 192Ôºâ_30.asset
  artifactKey: Guid(4ad73b5ce1cf3e44493594f98ce150e6) Importer(815301076,1909f56bfc062723c751e8b465ee728b)
Start importing Assets/Scenes/ÂªöÊàøÂú∞ÊùøÔºà224 √ó 192Ôºâ_30.asset using Guid(4ad73b5ce1cf3e44493594f98ce150e6) Importer(815301076,1909f56bfc062723c751e8b465ee728b) (PreviewImporter) -> (artifact id: 'e830cc48ac509944e22d141df602e8b5') in 0.0103333 seconds
Number of updated asset objects reloaded before import = 0Number of asset objects unloaded after import = 3

========================================================================
Received Import Request.
  Time since last request: 0.000022 seconds.
  path: Assets/Scenes/ÂªöÊàøÂú∞ÊùøÔºà224 √ó 192Ôºâ_14.asset
  artifactKey: Guid(fb5fd20076c5c4541a8b50802ab905aa) Importer(815301076,1909f56bfc062723c751e8b465ee728b)
Start importing Assets/Scenes/ÂªöÊàøÂú∞ÊùøÔºà224 √ó 192Ôºâ_14.asset using Guid(fb5fd20076c5c4541a8b50802ab905aa) Importer(815301076,1909f56bfc062723c751e8b465ee728b) (PreviewImporter) -> (artifact id: '992d5835cecf7ca14d3bd3e2346b8374') in 0.0059178 seconds
Number of updated asset objects reloaded before import = 0Number of asset objects unloaded after import = 3

========================================================================
Received Import Request.
  Time since last request: 0.000020 seconds.
  path: Assets/Scenes/ÂªöÊàøÂú∞ÊùøÔºà224 √ó 192Ôºâ_29.asset
  artifactKey: Guid(e592b2754870b134f9ab4b8b08efda30) Importer(815301076,1909f56bfc062723c751e8b465ee728b)
Start importing Assets/Scenes/ÂªöÊàøÂú∞ÊùøÔºà224 √ó 192Ôºâ_29.asset using Guid(e592b2754870b134f9ab4b8b08efda30) Importer(815301076,1909f56bfc062723c751e8b465ee728b) (PreviewImporter) -> (artifact id: 'f7a01701916e1823ed25748710c4a85d') in 0.0045225 seconds
Number of updated asset objects reloaded before import = 0Number of asset objects unloaded after import = 3

========================================================================
Received Import Request.
  Time since last request: 0.830240 seconds.
  path: Assets/Scenes/ÂªöÊàøÂú∞ÊùøÔºà224 √ó 192Ôºâ_11.asset
  artifactKey: Guid(df07d3b062e4da94f9fb37973befd089) Importer(2089858483,b0f066a214c2f5e87bad3c948f4d605d)
Start importing Assets/Scenes/ÂªöÊàøÂú∞ÊùøÔºà224 √ó 192Ôºâ_11.asset using Guid(df07d3b062e4da94f9fb37973befd089) Importer(2089858483,b0f066a214c2f5e87bad3c948f4d605d) (ScriptedImporter) -> (artifact id: '465237eb1304c4d52e8a2773327a7d76') in 0.097492 seconds
Number of updated asset objects reloaded before import = 0Number of asset objects unloaded after import = 2

========================================================================
Received Import Request.
  Time since last request: 0.000022 seconds.
  path: Assets/Scenes/ÂªöÊàøÂú∞ÊùøÔºà224 √ó 192Ôºâ_31.asset
  artifactKey: Guid(0fdd706e69b8c2342810662e9439b4d0) Importer(2089858483,b0f066a214c2f5e87bad3c948f4d605d)
Start importing Assets/Scenes/ÂªöÊàøÂú∞ÊùøÔºà224 √ó 192Ôºâ_31.asset using Guid(0fdd706e69b8c2342810662e9439b4d0) Importer(2089858483,b0f066a214c2f5e87bad3c948f4d605d) (ScriptedImporter) -> (artifact id: 'f8956953658afd0f4a6e32146e0917e7') in 0.0176889 seconds
Number of updated asset objects reloaded before import = 0Number of asset objects unloaded after import = 2

========================================================================
Received Import Request.
  Time since last request: 0.000026 seconds.
  path: Assets/Scenes/ÂªöÊàøÂú∞ÊùøÔºà224 √ó 192Ôºâ_35.asset
  artifactKey: Guid(c87e4199ddc355f45a9853f2551a2ad7) Importer(2089858483,b0f066a214c2f5e87bad3c948f4d605d)
Start importing Assets/Scenes/ÂªöÊàøÂú∞ÊùøÔºà224 √ó 192Ôºâ_35.asset using Guid(c87e4199ddc355f45a9853f2551a2ad7) Importer(2089858483,b0f066a214c2f5e87bad3c948f4d605d) (ScriptedImporter) -> (artifact id: '8cc82dc0a1b69f69231052d64c3d005e') in 0.021786 seconds
Number of updated asset objects reloaded before import = 0Number of asset objects unloaded after import = 2

========================================================================
Received Import Request.
  Time since last request: 0.000070 seconds.
  path: Assets/Scenes/ÂªöÊàøÂú∞ÊùøÔºà224 √ó 192Ôºâ_30.asset
  artifactKey: Guid(4ad73b5ce1cf3e44493594f98ce150e6) Importer(2089858483,b0f066a214c2f5e87bad3c948f4d605d)
Start importing Assets/Scenes/ÂªöÊàøÂú∞ÊùøÔºà224 √ó 192Ôºâ_30.asset using Guid(4ad73b5ce1cf3e44493594f98ce150e6) Importer(2089858483,b0f066a214c2f5e87bad3c948f4d605d) (ScriptedImporter) -> (artifact id: '4c3979c08dda9e060a13de42f67916f4') in 0.0153583 seconds
Number of updated asset objects reloaded before import = 0Number of asset objects unloaded after import = 2

========================================================================
Received Import Request.
  Time since last request: 0.000020 seconds.
  path: Assets/Scenes/ÂªöÊàøÂú∞ÊùøÔºà224 √ó 192Ôºâ_34.asset
  artifactKey: Guid(cc32dce98a28b544c98bea7de24aa354) Importer(2089858483,b0f066a214c2f5e87bad3c948f4d605d)
Start importing Assets/Scenes/ÂªöÊàøÂú∞ÊùøÔºà224 √ó 192Ôºâ_34.asset using Guid(cc32dce98a28b544c98bea7de24aa354) Importer(2089858483,b0f066a214c2f5e87bad3c948f4d605d) (ScriptedImporter) -> (artifact id: '377ff71c9dbe046b7a2ec6ee4a30ff06') in 0.0164548 seconds
Number of updated asset objects reloaded before import = 0Number of asset objects unloaded after import = 2

========================================================================
Received Import Request.
  Time since last request: 0.000026 seconds.
  path: Assets/Scenes/ÂªöÊàøÂú∞ÊùøÔºà224 √ó 192Ôºâ_36.asset
  artifactKey: Guid(d319b1f215f7bf94cbb3e12bdab6f9c3) Importer(2089858483,b0f066a214c2f5e87bad3c948f4d605d)
Start importing Assets/Scenes/ÂªöÊàøÂú∞ÊùøÔºà224 √ó 192Ôºâ_36.asset using Guid(d319b1f215f7bf94cbb3e12bdab6f9c3) Importer(2089858483,b0f066a214c2f5e87bad3c948f4d605d) (ScriptedImporter) -> (artifact id: '7949685ce5c8aa831fee1e99135d7050') in 0.016605 seconds
Number of updated asset objects reloaded before import = 0Number of asset objects unloaded after import = 2

========================================================================
Received Import Request.
  Time since last request: 0.000187 seconds.
  path: Assets/Scenes/ÂªöÊàøÂú∞ÊùøÔºà224 √ó 192Ôºâ_24.asset
  artifactKey: Guid(115fad60e942e1344bf0cc75eafbc291) Importer(2089858483,b0f066a214c2f5e87bad3c948f4d605d)
Start importing Assets/Scenes/ÂªöÊàøÂú∞ÊùøÔºà224 √ó 192Ôºâ_24.asset using Guid(115fad60e942e1344bf0cc75eafbc291) Importer(2089858483,b0f066a214c2f5e87bad3c948f4d605d) (ScriptedImporter) -> (artifact id: 'd1a8cfcef6d17964a531c40d526cdac7') in 0.017796 seconds
Number of updated asset objects reloaded before import = 0Number of asset objects unloaded after import = 2

========================================================================
Received Import Request.
  Time since last request: 0.000018 seconds.
  path: Assets/Scenes/ÂªöÊàøÂú∞ÊùøÔºà224 √ó 192Ôºâ_37.asset
  artifactKey: Guid(69d32820910754b41857d5b536afb7e9) Importer(2089858483,b0f066a214c2f5e87bad3c948f4d605d)
Start importing Assets/Scenes/ÂªöÊàøÂú∞ÊùøÔºà224 √ó 192Ôºâ_37.asset using Guid(69d32820910754b41857d5b536afb7e9) Importer(2089858483,b0f066a214c2f5e87bad3c948f4d605d) (ScriptedImporter) -> (artifact id: '57e4f327c6d9fc811da86137e17e9b17') in 0.0161908 seconds
Number of updated asset objects reloaded before import = 0Number of asset objects unloaded after import = 2

========================================================================
Received Import Request.
  Time since last request: 0.000015 seconds.
  path: Assets/Scenes/ÂªöÊàøÂú∞ÊùøÔºà224 √ó 192Ôºâ_16.asset
  artifactKey: Guid(1db8ea17ad662bf45be9a31cc78a7211) Importer(2089858483,b0f066a214c2f5e87bad3c948f4d605d)
Start importing Assets/Scenes/ÂªöÊàøÂú∞ÊùøÔºà224 √ó 192Ôºâ_16.asset using Guid(1db8ea17ad662bf45be9a31cc78a7211) Importer(2089858483,b0f066a214c2f5e87bad3c948f4d605d) (ScriptedImporter) -> (artifact id: 'cceda65024c7471d00012bc84b7749e1') in 0.0158946 seconds
Number of updated asset objects reloaded before import = 0Number of asset objects unloaded after import = 2

========================================================================
Received Import Request.
  Time since last request: 0.000039 seconds.
  path: Assets/Scenes/ÂªöÊàøÂú∞ÊùøÔºà224 √ó 192Ôºâ_8.asset
  artifactKey: Guid(743970d710dd50f4fb80303ad6934596) Importer(2089858483,b0f066a214c2f5e87bad3c948f4d605d)
Start importing Assets/Scenes/ÂªöÊàøÂú∞ÊùøÔºà224 √ó 192Ôºâ_8.asset using Guid(743970d710dd50f4fb80303ad6934596) Importer(2089858483,b0f066a214c2f5e87bad3c948f4d605d) (ScriptedImporter) -> (artifact id: 'becdaaf6bf85e53089de563dd17ba8c7') in 0.0184819 seconds
Number of updated asset objects reloaded before import = 0Number of asset objects unloaded after import = 2

========================================================================
Received Import Request.
  Time since last request: 0.000017 seconds.
  path: Assets/Scenes/ÂªöÊàøÂú∞ÊùøÔºà224 √ó 192Ôºâ_40.asset
  artifactKey: Guid(150bfb37ae1f8df478c5dc019cc0f92b) Importer(2089858483,b0f066a214c2f5e87bad3c948f4d605d)
Start importing Assets/Scenes/ÂªöÊàøÂú∞ÊùøÔºà224 √ó 192Ôºâ_40.asset using Guid(150bfb37ae1f8df478c5dc019cc0f92b) Importer(2089858483,b0f066a214c2f5e87bad3c948f4d605d) (ScriptedImporter) -> (artifact id: 'f6ffe0b6571c4e646030a99d06ef3499') in 0.0169546 seconds
Number of updated asset objects reloaded before import = 0Number of asset objects unloaded after import = 2

========================================================================
Received Import Request.
  Time since last request: 0.000131 seconds.
  path: Assets/Scenes/ÂªöÊàøÂú∞ÊùøÔºà224 √ó 192Ôºâ_39.asset
  artifactKey: Guid(5660a5ab9a5edd54f83a44e60b6e5d03) Importer(2089858483,b0f066a214c2f5e87bad3c948f4d605d)
Start importing Assets/Scenes/ÂªöÊàøÂú∞ÊùøÔºà224 √ó 192Ôºâ_39.asset using Guid(5660a5ab9a5edd54f83a44e60b6e5d03) Importer(2089858483,b0f066a214c2f5e87bad3c948f4d605d) (ScriptedImporter) -> (artifact id: 'b6527cba646ed5426181d0be36592b35') in 0.0160662 seconds
Number of updated asset objects reloaded before import = 0Number of asset objects unloaded after import = 2

========================================================================
Received Import Request.
  Time since last request: 0.000077 seconds.
  path: Assets/Scenes/ÂªöÊàøÂú∞ÊùøÔºà224 √ó 192Ôºâ_1.asset
  artifactKey: Guid(2d878959761821c45ba5e309f7bbf256) Importer(2089858483,b0f066a214c2f5e87bad3c948f4d605d)
Start importing Assets/Scenes/ÂªöÊàøÂú∞ÊùøÔºà224 √ó 192Ôºâ_1.asset using Guid(2d878959761821c45ba5e309f7bbf256) Importer(2089858483,b0f066a214c2f5e87bad3c948f4d605d) (ScriptedImporter) -> (artifact id: '4aa2a86c1911431bce9ec660105f27d9') in 0.0157298 seconds
Number of updated asset objects reloaded before import = 0Number of asset objects unloaded after import = 2

========================================================================
Received Import Request.
  Time since last request: 0.000013 seconds.
  path: Assets/Scenes/ÂªöÊàøÂú∞ÊùøÔºà224 √ó 192Ôºâ_9.asset
  artifactKey: Guid(ab9d46ea19784b74cac3941286fd8a68) Importer(2089858483,b0f066a214c2f5e87bad3c948f4d605d)
Start importing Assets/Scenes/ÂªöÊàøÂú∞ÊùøÔºà224 √ó 192Ôºâ_9.asset using Guid(ab9d46ea19784b74cac3941286fd8a68) Importer(2089858483,b0f066a214c2f5e87bad3c948f4d605d) (ScriptedImporter) -> (artifact id: '0b87fcfa32371356435393a1efe91c63') in 0.0158775 seconds
Number of updated asset objects reloaded before import = 0Number of asset objects unloaded after import = 2

========================================================================
Received Import Request.
  Time since last request: 0.000014 seconds.
  path: Assets/Scenes/ÂªöÊàøÂú∞ÊùøÔºà224 √ó 192Ôºâ_28.asset
  artifactKey: Guid(1301e0fff5d04ac4b8fa350192601a37) Importer(2089858483,b0f066a214c2f5e87bad3c948f4d605d)
Start importing Assets/Scenes/ÂªöÊàøÂú∞ÊùøÔºà224 √ó 192Ôºâ_28.asset using Guid(1301e0fff5d04ac4b8fa350192601a37) Importer(2089858483,b0f066a214c2f5e87bad3c948f4d605d) (ScriptedImporter) -> (artifact id: 'f9cd1b7f7c5a34845f39343f6a25b156') in 0.0183436 seconds
Number of updated asset objects reloaded before import = 0Number of asset objects unloaded after import = 2

========================================================================
Received Import Request.
  Time since last request: 0.000066 seconds.
  path: Assets/Scenes/ÂªöÊàøÂú∞ÊùøÔºà224 √ó 192Ôºâ_18.asset
  artifactKey: Guid(319241c2c83b2d54cae50d5ce965d780) Importer(2089858483,b0f066a214c2f5e87bad3c948f4d605d)
Start importing Assets/Scenes/ÂªöÊàøÂú∞ÊùøÔºà224 √ó 192Ôºâ_18.asset using Guid(319241c2c83b2d54cae50d5ce965d780) Importer(2089858483,b0f066a214c2f5e87bad3c948f4d605d) (ScriptedImporter) -> (artifact id: '66dd781868930319e3970480570cbade') in 0.0183124 seconds
Number of updated asset objects reloaded before import = 0Number of asset objects unloaded after import = 2

========================================================================
Received Import Request.
  Time since last request: 0.000014 seconds.
  path: Assets/Scenes/ÂªöÊàøÂú∞ÊùøÔºà224 √ó 192Ôºâ_14.asset
  artifactKey: Guid(fb5fd20076c5c4541a8b50802ab905aa) Importer(2089858483,b0f066a214c2f5e87bad3c948f4d605d)
Start importing Assets/Scenes/ÂªöÊàøÂú∞ÊùøÔºà224 √ó 192Ôºâ_14.asset using Guid(fb5fd20076c5c4541a8b50802ab905aa) Importer(2089858483,b0f066a214c2f5e87bad3c948f4d605d) (ScriptedImporter) -> (artifact id: 'd42189bef2e9ee203635d400e44a5ae7') in 0.0177307 seconds
Number of updated asset objects reloaded before import = 0Number of asset objects unloaded after import = 2

========================================================================
Received Import Request.
  Time since last request: 0.000023 seconds.
  path: Assets/Scenes/ÂªöÊàøÂú∞ÊùøÔºà224 √ó 192Ôºâ_32.asset
  artifactKey: Guid(0d3bcad6132498d4da526c5f6a3e0a5c) Importer(2089858483,b0f066a214c2f5e87bad3c948f4d605d)
Start importing Assets/Scenes/ÂªöÊàøÂú∞ÊùøÔºà224 √ó 192Ôºâ_32.asset using Guid(0d3bcad6132498d4da526c5f6a3e0a5c) Importer(2089858483,b0f066a214c2f5e87bad3c948f4d605d) (ScriptedImporter) -> (artifact id: 'c21a15e9cac85c1d4017df165ecd77ff') in 0.0195483 seconds
Number of updated asset objects reloaded before import = 0Number of asset objects unloaded after import = 2

========================================================================
Received Import Request.
  Time since last request: 0.000041 seconds.
  path: Assets/Scenes/ÂªöÊàøÂú∞ÊùøÔºà224 √ó 192Ôºâ_3.asset
  artifactKey: Guid(18b24cbf63be30d4ea82a2ab8edf9d85) Importer(2089858483,b0f066a214c2f5e87bad3c948f4d605d)
Start importing Assets/Scenes/ÂªöÊàøÂú∞ÊùøÔºà224 √ó 192Ôºâ_3.asset using Guid(18b24cbf63be30d4ea82a2ab8edf9d85) Importer(2089858483,b0f066a214c2f5e87bad3c948f4d605d) (ScriptedImporter) -> (artifact id: '31c3389943f56da52fe5d8a3d8fee80b') in 0.01713 seconds
Number of updated asset objects reloaded before import = 0Number of asset objects unloaded after import = 2

========================================================================
Received Import Request.
  Time since last request: 0.000018 seconds.
  path: Assets/Scenes/ÂªöÊàøÂú∞ÊùøÔºà224 √ó 192Ôºâ_17.asset
  artifactKey: Guid(ba3ce29306686be40a8fdbc5d4c820c9) Importer(2089858483,b0f066a214c2f5e87bad3c948f4d605d)
Start importing Assets/Scenes/ÂªöÊàøÂú∞ÊùøÔºà224 √ó 192Ôºâ_17.asset using Guid(ba3ce29306686be40a8fdbc5d4c820c9) Importer(2089858483,b0f066a214c2f5e87bad3c948f4d605d) (ScriptedImporter) -> (artifact id: '76dfc97fe0f4423b60f3c29e41424d14') in 0.0181196 seconds
Number of updated asset objects reloaded before import = 0Number of asset objects unloaded after import = 2

========================================================================
Received Import Request.
  Time since last request: 1.514506 seconds.
  path: Assets/Scenes/ÂªöÊàøÂú∞ÊùøÔºà224 √ó 192Ôºâ_34.asset
  artifactKey: Guid(cc32dce98a28b544c98bea7de24aa354) Importer(815301076,1909f56bfc062723c751e8b465ee728b)
Start importing Assets/Scenes/ÂªöÊàøÂú∞ÊùøÔºà224 √ó 192Ôºâ_34.asset using Guid(cc32dce98a28b544c98bea7de24aa354) Importer(815301076,1909f56bfc062723c751e8b465ee728b) (PreviewImporter) -> (artifact id: 'fc06fa2a92d036a87eefcf483add8255') in 0.0099222 seconds
Number of updated asset objects reloaded before import = 0Number of asset objects unloaded after import = 3

========================================================================
Received Import Request.
  Time since last request: 0.000059 seconds.
  path: Assets/Scenes/ÂªöÊàøÂú∞ÊùøÔºà224 √ó 192Ôºâ_37.asset
  artifactKey: Guid(69d32820910754b41857d5b536afb7e9) Importer(815301076,1909f56bfc062723c751e8b465ee728b)
Start importing Assets/Scenes/ÂªöÊàøÂú∞ÊùøÔºà224 √ó 192Ôºâ_37.asset using Guid(69d32820910754b41857d5b536afb7e9) Importer(815301076,1909f56bfc062723c751e8b465ee728b) (PreviewImporter) -> (artifact id: '67a5e8b3b177547048aae4754c89a044') in 0.0080064 seconds
Number of updated asset objects reloaded before import = 0Number of asset objects unloaded after import = 3

========================================================================
Received Import Request.
  Time since last request: 0.000014 seconds.
  path: Assets/Scenes/ÂªöÊàøÂú∞ÊùøÔºà224 √ó 192Ôºâ_39.asset
  artifactKey: Guid(5660a5ab9a5edd54f83a44e60b6e5d03) Importer(815301076,1909f56bfc062723c751e8b465ee728b)
Start importing Assets/Scenes/ÂªöÊàøÂú∞ÊùøÔºà224 √ó 192Ôºâ_39.asset using Guid(5660a5ab9a5edd54f83a44e60b6e5d03) Importer(815301076,1909f56bfc062723c751e8b465ee728b) (PreviewImporter) -> (artifact id: 'c7804f62ef48b4e011e8a78bc082c06b') in 0.0059166 seconds
Number of updated asset objects reloaded before import = 0Number of asset objects unloaded after import = 3

Editor requested this worker to shutdown with reason: Scaling down because of idle timeout
AssetImportWorker is now disconnected from the server
Process exiting
Exiting without the bug reporter. Application will terminate with return code 0