[Licensing::Module] Trying to connect to existing licensing client channel...
Built from '6000.3/staging' branch; Version is '6000.3.10f1 (e35f0c77bd8e) revision 14901004'; Using compiler version '194234433'; Build Type 'Release'
[Licensing::IpcConnector] Successfully connected to: "LicenseClient-User" at "2026-03-11T07:53:26.5001282Z"
OS: 'Windows 11  (10.0.26200) Core' Language: 'zh' Physical Memory: 32530 MB
BatchMode: 1, IsHumanControllingUs: 0, StartBugReporterOnCrash: 0, Is64bit: 1
System  architecture: x64
Process architecture: x64
Date: 2026-03-11T07:53:26Z

COMMAND LINE ARGUMENTS:
C:\Program Files\Unity\Hub\Editor\6000.3.10f1\Editor\Unity.exe
-adb2
-batchMode
-noUpm
-name
AssetImportWorker0
-projectPath
C:/Users/User/Desktop/The-truth
-logFile
Logs/AssetImportWorker0.log
-srvPort
51528
-licensingIpc
LicenseClient-User
-job-worker-count
7
-background-job-worker-count
8
-gc-helper-count
1
-name
AssetImport
Successfully changed project path to: C:/Users/User/Desktop/The-truth
C:/Users/User/Desktop/The-truth
[UnityMemory] Configuration Parameters - Can be set up in boot.config
    "memorysetup-temp-allocator-size-nav-mesh-worker=65536"
    "memorysetup-temp-allocator-size-audio-worker=65536"
    "memorysetup-temp-allocator-size-gfx=262144"
    "memorysetup-allocator-temp-initial-block-size-main=262144"
    "memorysetup-allocator-temp-initial-block-size-worker=262144"
    "memorysetup-temp-allocator-size-background-worker=32768"
    "memorysetup-temp-allocator-size-job-worker=262144"
    "memorysetup-temp-allocator-size-preload-manager=33554432"
    "memorysetup-temp-allocator-size-gi-baking-worker=262144"
    "memorysetup-temp-allocator-size-gi-baking-worker=262144"
    "memorysetup-temp-allocator-size-gi-baking-worker=262144"
    "memorysetup-temp-allocator-size-gi-baking-worker=262144"
    "memorysetup-temp-allocator-size-gi-baking-worker=262144"
    "memorysetup-bucket-allocator-granularity=16"
    "memorysetup-bucket-allocator-bucket-count=8"
    "memorysetup-bucket-allocator-block-size=33554432"
    "memorysetup-bucket-allocator-block-count=8"
    "memorysetup-main-allocator-block-size=16777216"
    "memorysetup-thread-allocator-block-size=16777216"
    "memorysetup-gfx-main-allocator-block-size=16777216"
    "memorysetup-gfx-thread-allocator-block-size=16777216"
    "memorysetup-cache-allocator-block-size=4194304"
    "memorysetup-typetree-allocator-block-size=2097152"
    "memorysetup-profiler-bucket-allocator-granularity=16"
    "memorysetup-profiler-bucket-allocator-bucket-count=8"
    "memorysetup-profiler-bucket-allocator-block-size=33554432"
    "memorysetup-profiler-bucket-allocator-block-count=8"
    "memorysetup-profiler-allocator-block-size=16777216"
    "memorysetup-profiler-editor-allocator-block-size=1048576"
    "memorysetup-temp-allocator-size-main=16777216"
    "memorysetup-job-temp-allocator-block-size=2097152"
    "memorysetup-job-temp-allocator-block-size-background=1048576"
    "memorysetup-job-temp-allocator-reduction-small-platforms=262144"
    "memorysetup-temp-allocator-size-cloud-worker=32768"
Player connection [12664]  Target information:

Player connection [12664]  * "[IP] 169.254.93.86 [Port] 0 [Flags] 2 [Guid] 3498412650 [EditorId] 3498412650 [Version] 1048832 [Id] WindowsEditor(7,DESKTOP-CL89P5G) [Debug] 1 [PackageName] WindowsEditor [ProjectName] Editor" 

Player connection [12664]  * "[IP] 26.108.68.145 [Port] 0 [Flags] 2 [Guid] 3498412650 [EditorId] 3498412650 [Version] 1048832 [Id] WindowsEditor(7,DESKTOP-CL89P5G) [Debug] 1 [PackageName] WindowsEditor [ProjectName] Editor" 

Player connection [12664]  * "[IP] 118.171.64.122 [Port] 0 [Flags] 2 [Guid] 3498412650 [EditorId] 3498412650 [Version] 1048832 [Id] WindowsEditor(7,DESKTOP-CL89P5G) [Debug] 1 [PackageName] WindowsEditor [ProjectName] Editor" 

Player connection [12664] Host joined multi-casting on [225.0.0.222:54997]...
Player connection [12664] Host joined alternative multi-casting on [225.0.0.222:34997]...
JobSystem: Creating JobQueue using job-worker-count value 7
Input System module state changed to: Initialized.
[Physics::Module] Initialized fallback backend.
[Physics::Module] Id: 0xdecafbad
Library Redirect Path: Library/
[Physics::Module] Selected backend.
[Physics::Module] Name: PhysX
[Physics::Module] Id: 0xf2b8ea05
[Physics::Module] SDK Version: 4.1.2
[Physics::Module] Integration Version: 1.0.0
[Physics::Module] Threading Mode: Multi-Threaded
Refreshing native plugins compatible for Editor in 2.99 ms, found 4 plugins.
Preloading 0 native plugins for Editor in 0.00 ms.
Initialize engine version: 6000.3.10f1 (e35f0c77bd8e)
[Subsystems] Discovering subsystems at path C:/Program Files/Unity/Hub/Editor/6000.3.10f1/Editor/Data/Resources/UnitySubsystems
[Subsystems] Discovering subsystems at path C:/Users/User/Desktop/The-truth/Assets
GfxDevice: creating device client; kGfxThreadingModeNonThreaded
Direct3D:
    Version:  Direct3D 11.0 [level 11.1]
    Renderer: NVIDIA GeForce RTX 4060 (ID=0x2882)
    Vendor:   NVIDIA
    VRAM:     7957 MB
    Driver:   32.0.15.9174
Initialize mono
Mono path[0] = 'C:/Program Files/Unity/Hub/Editor/6000.3.10f1/Editor/Data/Managed'
Mono path[1] = 'C:/Program Files/Unity/Hub/Editor/6000.3.10f1/Editor/Data/MonoBleedingEdge/lib/mono/unityjit-win32'
Mono config path = 'C:/Program Files/Unity/Hub/Editor/6000.3.10f1/Editor/Data/MonoBleedingEdge/etc'
Using monoOptions --debugger-agent=transport=dt_socket,embedding=1,server=y,suspend=n,address=127.0.0.1:56420
Begin MonoManager ReloadAssembly
Registering precompiled unity dll's ...
Register platform support module: C:/Program Files/Unity/Hub/Editor/6000.3.10f1/Editor/Data/PlaybackEngines/WebGLSupport/UnityEditor.WebGL.Extensions.dll
Register platform support module: C:/Program Files/Unity/Hub/Editor/6000.3.10f1/Editor/Data/PlaybackEngines/WindowsStandaloneSupport/UnityEditor.WindowsStandalone.Extensions.dll
[Licensing::Module] Licensing is not yet initialized.
[Licensing::Client] Handshaking with LicensingClient:
  Version:                 1.17.4+4293ba1
  Session Id:              57c1d38ca07a4ea093cf3a94455f307b
  Correlation Id:          02b65cc899ca60f9404234bd00f6dbe7
  External correlation Id: 2045856371380214575
  Machine Id:              tknEyilhDdtW99Wyn+AJ7zVW6YM=
[Licensing::Module] Successfully connected to LicensingClient on channel: "LicenseClient-User" (connect: 0.00s, validation: 0.00s, handshake: 0.68s)
[Licensing::IpcConnector] Successfully connected to: "LicenseClient-User-notifications" at "2026-03-11T07:53:27.1868931Z"
[Licensing::Module] Licensing Background thread has ended after 0.69s
[Licensing::Module] Licensing is initialized (took 0.11s).
[Licensing::Client] Successfully resolved entitlement details
[Licensing::Module] License group:
  Id: F4-CGN5-FGZ2-2A9H-3JZC-XXXX
  Product: Unity Personal
  Type: ULF
  Expiration: 2026-03-23T08:35:11Z
[Licensing::Module] License group:
  Id: ewogICJzdWJzR3JvdXAiIDogInVuaXR5IGVkaXRvciIsCiAgIm5hbWVzcGFjZSIgOiAidW5pdHlfZWRpdG9yIiwKICAidHlwZSIgOiAiRURJVE9SIiwKICAidGFnIiA6ICJVbml0eVBlcnNvbmFsXXXX
  Product: Unity Personal Version
  Type: Assigned
  Expiration: Unlimited
Register platform support module: C:/Program Files/Unity/Hub/Editor/6000.3.10f1/Editor/Data/PlaybackEngines/AndroidPlayer/UnityEditor.Android.Extensions.dll
Registered in 0.121070 seconds.
- Loaded All Assemblies, in  0.465 seconds
Native extension for Android target not found
Android Extension - Scanning For ADB Devices 177 ms
Native extension for WindowsStandalone target not found
Native extension for WebGL target not found
ScheduleIndexationOnStartup MainProcess:False IndexOnStartup:True
Mono: successfully reloaded assembly
- Finished resetting the current domain, in  0.534 seconds
Domain Reload Profiling: 997ms
	BeginReloadAssembly (114ms)
		ExecutionOrderSort (0ms)
		DisableScriptedObjects (0ms)
		BackupInstance (0ms)
		ReleaseScriptingObjects (0ms)
		CreateAndSetChildDomain (1ms)
	RebuildCommonClasses (32ms)
	RebuildNativeTypeToScriptingClass (10ms)
	initialDomainReloadingComplete (160ms)
	LoadAllAssembliesAndSetupDomain (146ms)
		LoadAssemblies (112ms)
		RebuildTransferFunctionScriptingTraits (0ms)
		AnalyzeDomain (143ms)
			TypeCache.Refresh (141ms)
				TypeCache.ScanAssembly (130ms)
			BuildScriptInfoCaches (0ms)
			ResolveRequiredComponents (0ms)
	FinalizeReload (534ms)
		ReleaseScriptCaches (0ms)
		RebuildScriptCaches (0ms)
		SetupLoadedEditorAssemblies (506ms)
			LogAssemblyErrors (0ms)
			InitializePlatformSupportModulesInManaged (257ms)
			SetLoadedEditorAssemblies (3ms)
			BeforeProcessingInitializeOnLoad (66ms)
			ProcessInitializeOnLoadAttributes (121ms)
			ProcessInitializeOnLoadMethodAttributes (58ms)
			AfterProcessingInitializeOnLoad (0ms)
			EditorAssembliesLoaded (0ms)
		ExecutionOrderSort2 (0ms)
		AwakeInstancesAfterBackupRestoration (0ms)
========================================================================
Worker process is ready to serve import requests
Import Worker Mode flag is 0x00
Begin MonoManager ReloadAssembly
[Licensing::Client] Successfully resolved entitlement details
[Licensing::Module] License group:
  Id: F4-CGN5-FGZ2-2A9H-3JZC-XXXX
  Product: Unity Personal
  Type: ULF
  Expiration: 2026-03-23T08:35:11Z
[Licensing::Module] License group:
  Id: ewogICJzdWJzR3JvdXAiIDogInVuaXR5IGVkaXRvciIsCiAgIm5hbWVzcGFjZSIgOiAidW5pdHlfZWRpdG9yIiwKICAidHlwZSIgOiAiRURJVE9SIiwKICAidGFnIiA6ICJVbml0eVBlcnNvbmFsXXXX
  Product: Unity Personal Version
  Type: Assigned
  Expiration: Unlimited
- Loaded All Assemblies, in  0.587 seconds
Refreshing native plugins compatible for Editor in 1.09 ms, found 4 plugins.
Native extension for Android target not found
Native extension for WindowsStandalone target not found
Native extension for WebGL target not found
Package Manager log level set to [2]
[Package Manager] Failed to launch server process. Reason: Unity was launched with the -noUpm command-line argument
[Package Manager] Unable to send message (not connected to server process).
[Package Manager] Cannot connect to Unity Package Manager local server
ScheduleIndexationOnStartup MainProcess:False IndexOnStartup:True
Mono: successfully reloaded assembly
- Finished resetting the current domain, in  0.499 seconds
Domain Reload Profiling: 1083ms
	BeginReloadAssembly (150ms)
		ExecutionOrderSort (0ms)
		DisableScriptedObjects (5ms)
		BackupInstance (0ms)
		ReleaseScriptingObjects (0ms)
		CreateAndSetChildDomain (27ms)
	RebuildCommonClasses (35ms)
	RebuildNativeTypeToScriptingClass (11ms)
	initialDomainReloadingComplete (32ms)
	LoadAllAssembliesAndSetupDomain (356ms)
		LoadAssemblies (271ms)
		RebuildTransferFunctionScriptingTraits (0ms)
		AnalyzeDomain (164ms)
			TypeCache.Refresh (117ms)
				TypeCache.ScanAssembly (104ms)
			BuildScriptInfoCaches (41ms)
			ResolveRequiredComponents (4ms)
	FinalizeReload (500ms)
		ReleaseScriptCaches (0ms)
		RebuildScriptCaches (0ms)
		SetupLoadedEditorAssemblies (410ms)
			LogAssemblyErrors (0ms)
			InitializePlatformSupportModulesInManaged (9ms)
			SetLoadedEditorAssemblies (4ms)
			BeforeProcessingInitializeOnLoad (111ms)
			ProcessInitializeOnLoadAttributes (235ms)
			ProcessInitializeOnLoadMethodAttributes (47ms)
			AfterProcessingInitializeOnLoad (4ms)
			EditorAssembliesLoaded (0ms)
		ExecutionOrderSort2 (0ms)
		AwakeInstancesAfterBackupRestoration (4ms)
Launched and connected shader compiler UnityShaderCompiler.exe after 0.01 seconds
Refreshing native plugins compatible for Editor in 0.88 ms, found 4 plugins.
Preloading 0 native plugins for Editor in 0.00 ms.
Unloading 0 Unused Serialized files (Serialized files now loaded: 0)
Unloading 4601 unused Assets / (1.5 MB). Loaded Objects now: 5185.
Memory consumption went from 97.7 MB to 96.2 MB.
Total: 6.273700 ms (FindLiveObjects: 0.343900 ms CreateObjectMapping: 0.296600 ms MarkObjects: 4.606500 ms  DeleteObjects: 1.025600 ms)

========================================================================
Received Import Request.
  Time since last request: 9026.284409 seconds.
  path: Assets/Settings
  artifactKey: Guid(0220aab0833d04faeb927d84ca6cc40c) Importer(815301076,1909f56bfc062723c751e8b465ee728b)
Start importing Assets/Settings using Guid(0220aab0833d04faeb927d84ca6cc40c) Importer(815301076,1909f56bfc062723c751e8b465ee728b) (PreviewImporter) -> (artifact id: '5a3b12d2a447acdb23dff58ad167bcd1') in 0.0033145 seconds
Number of updated asset objects reloaded before import = 0Number of asset objects unloaded after import = 0

========================================================================
Received Import Request.
  Time since last request: 0.426359 seconds.
  path: Assets/Scenes
  artifactKey: Guid(131a6b21c8605f84396be9f6751fb6e3) Importer(815301076,1909f56bfc062723c751e8b465ee728b)
Start importing Assets/Scenes using Guid(131a6b21c8605f84396be9f6751fb6e3) Importer(815301076,1909f56bfc062723c751e8b465ee728b) (PreviewImporter) -> (artifact id: '093e80f67cd7ce4dfdff179e28c0a933') in 0.0004471 seconds
Number of updated asset objects reloaded before import = 0Number of asset objects unloaded after import = 0

========================================================================
Received Import Request.
  Time since last request: 0.064055 seconds.
  path: Assets/Scenes/冰箱 30 ×73.png
  artifactKey: Guid(82633f1967195b541b07e1d40ba32761) Importer(815301076,1909f56bfc062723c751e8b465ee728b)
Start importing Assets/Scenes/冰箱 30 ×73.png using Guid(82633f1967195b541b07e1d40ba32761) Importer(815301076,1909f56bfc062723c751e8b465ee728b) (PreviewImporter) -> (artifact id: 'f90fede4a1b184de6ad38c84cf79c52d') in 0.0646804 seconds
Number of updated asset objects reloaded before import = 0Number of asset objects unloaded after import = 3

========================================================================
Received Import Request.
  Time since last request: 0.000018 seconds.
  path: Assets/Scenes/垃圾桶 21 × 28.png
  artifactKey: Guid(53080ec02b01d9042af091ba81fb4403) Importer(815301076,1909f56bfc062723c751e8b465ee728b)
Start importing Assets/Scenes/垃圾桶 21 × 28.png using Guid(53080ec02b01d9042af091ba81fb4403) Importer(815301076,1909f56bfc062723c751e8b465ee728b) (PreviewImporter) -> (artifact id: '90c6306ccd0efcbc7b367c91abd296c0') in 0.0143548 seconds
Number of updated asset objects reloaded before import = 0Number of asset objects unloaded after import = 3

========================================================================
Received Import Request.
  Time since last request: 0.025954 seconds.
  path: Assets/Scenes/拖拽痕跡 32×32.png
  artifactKey: Guid(4e89c3cdd83bd9b40a80d682607addab) Importer(815301076,1909f56bfc062723c751e8b465ee728b)
Start importing Assets/Scenes/拖拽痕跡 32×32.png using Guid(4e89c3cdd83bd9b40a80d682607addab) Importer(815301076,1909f56bfc062723c751e8b465ee728b) (PreviewImporter) -> (artifact id: '9030c36f21ed0984953b1f3e31e0f145') in 0.0121628 seconds
Number of updated asset objects reloaded before import = 0Number of asset objects unloaded after import = 3

========================================================================
Received Import Request.
  Time since last request: 0.001732 seconds.
  path: Assets/Scenes/椅子(L) 18 × 32.png
  artifactKey: Guid(ec8b130c2a84d1a4aba2c98a5fecf321) Importer(815301076,1909f56bfc062723c751e8b465ee728b)
Start importing Assets/Scenes/椅子(L) 18 × 32.png using Guid(ec8b130c2a84d1a4aba2c98a5fecf321) Importer(815301076,1909f56bfc062723c751e8b465ee728b) (PreviewImporter) -> (artifact id: '04d3a9f2d6157920581c54b343ac154c') in 0.0127839 seconds
Number of updated asset objects reloaded before import = 0Number of asset objects unloaded after import = 3

========================================================================
Received Import Request.
  Time since last request: 0.000039 seconds.
  path: Assets/Scenes/櫃子 59 × 24.png
  artifactKey: Guid(9e050c5a59c47354098994eaa2541eb6) Importer(815301076,1909f56bfc062723c751e8b465ee728b)
Start importing Assets/Scenes/櫃子 59 × 24.png using Guid(9e050c5a59c47354098994eaa2541eb6) Importer(815301076,1909f56bfc062723c751e8b465ee728b) (PreviewImporter) -> (artifact id: 'db442182050249a61fb146ea47dfd327') in 0.0147189 seconds
Number of updated asset objects reloaded before import = 0Number of asset objects unloaded after import = 3

========================================================================
Received Import Request.
  Time since last request: 0.001550 seconds.
  path: Assets/Scenes/牆壁 32×64.png
  artifactKey: Guid(e428cd2021768e94b8fcd80ce958d8d6) Importer(815301076,1909f56bfc062723c751e8b465ee728b)
Start importing Assets/Scenes/牆壁 32×64.png using Guid(e428cd2021768e94b8fcd80ce958d8d6) Importer(815301076,1909f56bfc062723c751e8b465ee728b) (PreviewImporter) -> (artifact id: '9beb3fed0c275a91119a52e996c00233') in 0.0134129 seconds
Number of updated asset objects reloaded before import = 0Number of asset objects unloaded after import = 3

========================================================================
Received Import Request.
  Time since last request: 1.500983 seconds.
  path: Assets/Scenes/SampleScene.unity
  artifactKey: Guid(108bb6ad7fe76794cac125f823d4ff19) Importer(815301076,1909f56bfc062723c751e8b465ee728b)
Start importing Assets/Scenes/SampleScene.unity using Guid(108bb6ad7fe76794cac125f823d4ff19) Importer(815301076,1909f56bfc062723c751e8b465ee728b) (PreviewImporter) -> (artifact id: '7b8a056930223c744a6f99da6e4af1ba') in 0.0004434 seconds
Number of updated asset objects reloaded before import = 0Number of asset objects unloaded after import = 0

========================================================================
Received Import Request.
  Time since last request: 200.715831 seconds.
  path: Assets/dotpict_20260223_143927.png
  artifactKey: Guid(0f2183a7d26d72045b9758c0966872fa) Importer(815301076,1909f56bfc062723c751e8b465ee728b)
Start importing Assets/dotpict_20260223_143927.png using Guid(0f2183a7d26d72045b9758c0966872fa) Importer(815301076,1909f56bfc062723c751e8b465ee728b) (PreviewImporter) -> (artifact id: '7900613f1a3bc53a00d36809eb409b73') in 0.0222501 seconds
Number of updated asset objects reloaded before import = 0Number of asset objects unloaded after import = 3

========================================================================
Received Import Request.
  Time since last request: 0.000024 seconds.
  path: Assets/dotpict_20260223_145100.png
  artifactKey: Guid(8d39fe0da8e96ca45af4c10eff60fca8) Importer(815301076,1909f56bfc062723c751e8b465ee728b)
Start importing Assets/dotpict_20260223_145100.png using Guid(8d39fe0da8e96ca45af4c10eff60fca8) Importer(815301076,1909f56bfc062723c751e8b465ee728b) (PreviewImporter) -> (artifact id: '22d7d0ef136928ce0a7e202183ad3ab0') in 0.1377606 seconds
Number of updated asset objects reloaded before import = 0Number of asset objects unloaded after import = 3

========================================================================
Received Import Request.
  Time since last request: 0.000028 seconds.
  path: Assets/dotpict_20260223_170156.png
  artifactKey: Guid(60e486c2f2c115f47aafc8309a2a3ad1) Importer(815301076,1909f56bfc062723c751e8b465ee728b)
Start importing Assets/dotpict_20260223_170156.png using Guid(60e486c2f2c115f47aafc8309a2a3ad1) Importer(815301076,1909f56bfc062723c751e8b465ee728b) (PreviewImporter) -> (artifact id: '001e77ed2756c5fa2ff26afff84ccff1') in 0.1228473 seconds
Number of updated asset objects reloaded before import = 0Number of asset objects unloaded after import = 3

========================================================================
Received Import Request.
  Time since last request: 0.000021 seconds.
  path: Assets/dotpict_20260223_155333.png
  artifactKey: Guid(aec1a995bd2622a4e88a8bf2ec9453c3) Importer(815301076,1909f56bfc062723c751e8b465ee728b)
Start importing Assets/dotpict_20260223_155333.png using Guid(aec1a995bd2622a4e88a8bf2ec9453c3) Importer(815301076,1909f56bfc062723c751e8b465ee728b) (PreviewImporter) -> (artifact id: '5dd784b3da62827a1fae6a63b1c4ba94') in 0.0146298 seconds
Number of updated asset objects reloaded before import = 0Number of asset objects unloaded after import = 3

========================================================================
Received Import Request.
  Time since last request: 0.712263 seconds.
  path: Assets/dotpict_20260223_145546.png
  artifactKey: Guid(30b2f0f9336dc83409f9debe9e16ab4c) Importer(2089858483,b0f066a214c2f5e87bad3c948f4d605d)
Start importing Assets/dotpict_20260223_145546.png using Guid(30b2f0f9336dc83409f9debe9e16ab4c) Importer(2089858483,b0f066a214c2f5e87bad3c948f4d605d) (ScriptedImporter) -> (artifact id: 'ffb256aa3bb82afb572d098f7d37d3ec') in 0.1210303 seconds
Number of updated asset objects reloaded before import = 0Number of asset objects unloaded after import = 3

========================================================================
Received Import Request.
  Time since last request: 0.000039 seconds.
  path: Assets/dotpict_20260223_155544.png
  artifactKey: Guid(33e3f5cb8c09ca04490a89bb2c4c57de) Importer(2089858483,b0f066a214c2f5e87bad3c948f4d605d)
Start importing Assets/dotpict_20260223_155544.png using Guid(33e3f5cb8c09ca04490a89bb2c4c57de) Importer(2089858483,b0f066a214c2f5e87bad3c948f4d605d) (ScriptedImporter) -> (artifact id: 'a392991bc5894fe39bc8377b12e5cd22') in 0.021221 seconds
Number of updated asset objects reloaded before import = 0Number of asset objects unloaded after import = 3

========================================================================
Received Import Request.
  Time since last request: 0.000016 seconds.
  path: Assets/dotpict_20260223_170156.png
  artifactKey: Guid(60e486c2f2c115f47aafc8309a2a3ad1) Importer(2089858483,b0f066a214c2f5e87bad3c948f4d605d)
Start importing Assets/dotpict_20260223_170156.png using Guid(60e486c2f2c115f47aafc8309a2a3ad1) Importer(2089858483,b0f066a214c2f5e87bad3c948f4d605d) (ScriptedImporter) -> (artifact id: 'd6f29eaeb3b7380f4391431ed0097ad4') in 0.0188986 seconds
Number of updated asset objects reloaded before import = 0Number of asset objects unloaded after import = 3

========================================================================
Received Import Request.
  Time since last request: 0.000017 seconds.
  path: Assets/dotpict_20260223_143927.png
  artifactKey: Guid(0f2183a7d26d72045b9758c0966872fa) Importer(2089858483,b0f066a214c2f5e87bad3c948f4d605d)
Start importing Assets/dotpict_20260223_143927.png using Guid(0f2183a7d26d72045b9758c0966872fa) Importer(2089858483,b0f066a214c2f5e87bad3c948f4d605d) (ScriptedImporter) -> (artifact id: '2ccb6d5ea362a936e57fadc51fae6f95') in 0.0160556 seconds
Number of updated asset objects reloaded before import = 0Number of asset objects unloaded after import = 3

========================================================================
Received Import Request.
  Time since last request: 2.932752 seconds.
  path: Assets/dotpict_20260225_142653.png
  artifactKey: Guid(11ff74743535e484a865c03d6daaf368) Importer(815301076,1909f56bfc062723c751e8b465ee728b)
Start importing Assets/dotpict_20260225_142653.png using Guid(11ff74743535e484a865c03d6daaf368) Importer(815301076,1909f56bfc062723c751e8b465ee728b) (PreviewImporter) -> (artifact id: '1a1022107fcbd2fbe962cf342b9d69db') in 0.0264964 seconds
Number of updated asset objects reloaded before import = 0Number of asset objects unloaded after import = 3

========================================================================
Received Import Request.
  Time since last request: 0.000024 seconds.
  path: Assets/dotpict_20260225_142746.png
  artifactKey: Guid(685609491dcd2624182ebd4efa49cc2f) Importer(815301076,1909f56bfc062723c751e8b465ee728b)
Start importing Assets/dotpict_20260225_142746.png using Guid(685609491dcd2624182ebd4efa49cc2f) Importer(815301076,1909f56bfc062723c751e8b465ee728b) (PreviewImporter) -> (artifact id: 'c1310b9ea93bb49c39500b811317bf93') in 0.0179717 seconds
Number of updated asset objects reloaded before import = 0Number of asset objects unloaded after import = 3

========================================================================
Received Import Request.
  Time since last request: 0.945452 seconds.
  path: Assets/dotpict_20260225_142653.png
  artifactKey: Guid(11ff74743535e484a865c03d6daaf368) Importer(2089858483,b0f066a214c2f5e87bad3c948f4d605d)
Start importing Assets/dotpict_20260225_142653.png using Guid(11ff74743535e484a865c03d6daaf368) Importer(2089858483,b0f066a214c2f5e87bad3c948f4d605d) (ScriptedImporter) -> (artifact id: '5f8228fb34f785d8859a08415c7eec08') in 0.018111 seconds
Number of updated asset objects reloaded before import = 0Number of asset objects unloaded after import = 3

========================================================================
Received Import Request.
  Time since last request: 0.000016 seconds.
  path: Assets/dotpict_20260225_142720.png
  artifactKey: Guid(b9a07cf702d53f944bb1ec47891e0d44) Importer(2089858483,b0f066a214c2f5e87bad3c948f4d605d)
Start importing Assets/dotpict_20260225_142720.png using Guid(b9a07cf702d53f944bb1ec47891e0d44) Importer(2089858483,b0f066a214c2f5e87bad3c948f4d605d) (ScriptedImporter) -> (artifact id: 'afc353efc8f5fadcd46a09d847606379') in 0.0157195 seconds
Number of updated asset objects reloaded before import = 0Number of asset objects unloaded after import = 3

========================================================================
Received Import Request.
  Time since last request: 0.000017 seconds.
  path: Assets/dotpict_20260225_142746.png
  artifactKey: Guid(685609491dcd2624182ebd4efa49cc2f) Importer(2089858483,b0f066a214c2f5e87bad3c948f4d605d)
Start importing Assets/dotpict_20260225_142746.png using Guid(685609491dcd2624182ebd4efa49cc2f) Importer(2089858483,b0f066a214c2f5e87bad3c948f4d605d) (ScriptedImporter) -> (artifact id: 'a77d7fe03fed448991018da40625c7af') in 0.0162954 seconds
Number of updated asset objects reloaded before import = 0Number of asset objects unloaded after import = 3

Editor requested this worker to shutdown with reason: Scaling down because of idle timeout
AssetImportWorker is now disconnected from the server
Process exiting
Exiting without the bug reporter. Application will terminate with return code 0