[Licensing::Module] Trying to connect to existing licensing client channel...
[Licensing::IpcConnector] Successfully connected to: "LicenseClient-User" at "2026-03-11T07:56:52.4405538Z"
Built from '6000.3/staging' branch; Version is '6000.3.10f1 (e35f0c77bd8e) revision 14901004'; Using compiler version '194234433'; Build Type 'Release'
OS: 'Windows 11  (10.0.26200) Core' Language: 'zh' Physical Memory: 32530 MB
BatchMode: 1, IsHumanControllingUs: 0, StartBugReporterOnCrash: 0, Is64bit: 1
System  architecture: x64
Process architecture: x64
Date: 2026-03-11T07:56:52Z

COMMAND LINE ARGUMENTS:
C:\Program Files\Unity\Hub\Editor\6000.3.10f1\Editor\Unity.exe
-adb2
-batchMode
-noUpm
-name
AssetImportWorker3
-projectPath
C:/Users/User/Desktop/The-truth
-logFile
Logs/AssetImportWorker3.log
-srvPort
51528
-licensingIpc
LicenseClient-User
-job-worker-count
7
-background-job-worker-count
8
-gc-helper-count
1
-name
AssetImport
Successfully changed project path to: C:/Users/User/Desktop/The-truth
C:/Users/User/Desktop/The-truth
[UnityMemory] Configuration Parameters - Can be set up in boot.config
    "memorysetup-temp-allocator-size-nav-mesh-worker=65536"
    "memorysetup-temp-allocator-size-audio-worker=65536"
    "memorysetup-temp-allocator-size-gfx=262144"
    "memorysetup-allocator-temp-initial-block-size-main=262144"
    "memorysetup-allocator-temp-initial-block-size-worker=262144"
    "memorysetup-temp-allocator-size-background-worker=32768"
    "memorysetup-temp-allocator-size-job-worker=262144"
    "memorysetup-temp-allocator-size-preload-manager=33554432"
    "memorysetup-temp-allocator-size-gi-baking-worker=262144"
    "memorysetup-temp-allocator-size-gi-baking-worker=262144"
    "memorysetup-temp-allocator-size-gi-baking-worker=262144"
    "memorysetup-temp-allocator-size-gi-baking-worker=262144"
    "memorysetup-temp-allocator-size-gi-baking-worker=262144"
    "memorysetup-bucket-allocator-granularity=16"
    "memorysetup-bucket-allocator-bucket-count=8"
    "memorysetup-bucket-allocator-block-size=33554432"
    "memorysetup-bucket-allocator-block-count=8"
    "memorysetup-main-allocator-block-size=16777216"
    "memorysetup-thread-allocator-block-size=16777216"
    "memorysetup-gfx-main-allocator-block-size=16777216"
    "memorysetup-gfx-thread-allocator-block-size=16777216"
    "memorysetup-cache-allocator-block-size=4194304"
    "memorysetup-typetree-allocator-block-size=2097152"
    "memorysetup-profiler-bucket-allocator-granularity=16"
    "memorysetup-profiler-bucket-allocator-bucket-count=8"
    "memorysetup-profiler-bucket-allocator-block-size=33554432"
    "memorysetup-profiler-bucket-allocator-block-count=8"
    "memorysetup-profiler-allocator-block-size=16777216"
    "memorysetup-profiler-editor-allocator-block-size=1048576"
    "memorysetup-temp-allocator-size-main=16777216"
    "memorysetup-job-temp-allocator-block-size=2097152"
    "memorysetup-job-temp-allocator-block-size-background=1048576"
    "memorysetup-job-temp-allocator-reduction-small-platforms=262144"
    "memorysetup-temp-allocator-size-cloud-worker=32768"
Player connection [3444]  Target information:

Player connection [3444]  * "[IP] 169.254.93.86 [Port] 0 [Flags] 2 [Guid] 1255759148 [EditorId] 1255759148 [Version] 1048832 [Id] WindowsEditor(7,DESKTOP-CL89P5G) [Debug] 1 [PackageName] WindowsEditor [ProjectName] Editor" 

Player connection [3444]  * "[IP] 26.108.68.145 [Port] 0 [Flags] 2 [Guid] 1255759148 [EditorId] 1255759148 [Version] 1048832 [Id] WindowsEditor(7,DESKTOP-CL89P5G) [Debug] 1 [PackageName] WindowsEditor [ProjectName] Editor" 

Player connection [3444]  * "[IP] 118.171.64.122 [Port] 0 [Flags] 2 [Guid] 1255759148 [EditorId] 1255759148 [Version] 1048832 [Id] WindowsEditor(7,DESKTOP-CL89P5G) [Debug] 1 [PackageName] WindowsEditor [ProjectName] Editor" 

Player connection [3444] Host joined multi-casting on [225.0.0.222:54997]...
Player connection [3444] Host joined alternative multi-casting on [225.0.0.222:34997]...
JobSystem: Creating JobQueue using job-worker-count value 7
Input System module state changed to: Initialized.
[Physics::Module] Initialized fallback backend.
[Physics::Module] Id: 0xdecafbad
Library Redirect Path: Library/
[Physics::Module] Selected backend.
[Physics::Module] Name: PhysX
[Physics::Module] Id: 0xf2b8ea05
[Physics::Module] SDK Version: 4.1.2
[Physics::Module] Integration Version: 1.0.0
[Physics::Module] Threading Mode: Multi-Threaded
Refreshing native plugins compatible for Editor in 2.42 ms, found 4 plugins.
Preloading 0 native plugins for Editor in 0.00 ms.
Initialize engine version: 6000.3.10f1 (e35f0c77bd8e)
[Subsystems] Discovering subsystems at path C:/Program Files/Unity/Hub/Editor/6000.3.10f1/Editor/Data/Resources/UnitySubsystems
[Subsystems] Discovering subsystems at path C:/Users/User/Desktop/The-truth/Assets
GfxDevice: creating device client; kGfxThreadingModeNonThreaded
Direct3D:
    Version:  Direct3D 11.0 [level 11.1]
    Renderer: NVIDIA GeForce RTX 4060 (ID=0x2882)
    Vendor:   NVIDIA
    VRAM:     7957 MB
    Driver:   32.0.15.9174
Initialize mono
Mono path[0] = 'C:/Program Files/Unity/Hub/Editor/6000.3.10f1/Editor/Data/Managed'
Mono path[1] = 'C:/Program Files/Unity/Hub/Editor/6000.3.10f1/Editor/Data/MonoBleedingEdge/lib/mono/unityjit-win32'
Mono config path = 'C:/Program Files/Unity/Hub/Editor/6000.3.10f1/Editor/Data/MonoBleedingEdge/etc'
Using monoOptions --debugger-agent=transport=dt_socket,embedding=1,server=y,suspend=n,address=127.0.0.1:56720
Begin MonoManager ReloadAssembly
Registering precompiled unity dll's ...
Register platform support module: C:/Program Files/Unity/Hub/Editor/6000.3.10f1/Editor/Data/PlaybackEngines/WebGLSupport/UnityEditor.WebGL.Extensions.dll
Register platform support module: C:/Program Files/Unity/Hub/Editor/6000.3.10f1/Editor/Data/PlaybackEngines/WindowsStandaloneSupport/UnityEditor.WindowsStandalone.Extensions.dll
[Licensing::Module] Licensing is not yet initialized.
[Licensing::Client] Handshaking with LicensingClient:
  Version:                 1.17.4+4293ba1
  Session Id:              48c2cf809413440287f0ec8f130e4e63
  Correlation Id:          02b65cc899ca60f9404234bd00f6dbe7
  External correlation Id: 7507225625266517411
  Machine Id:              tknEyilhDdtW99Wyn+AJ7zVW6YM=
[Licensing::Module] Successfully connected to LicensingClient on channel: "LicenseClient-User" (connect: 0.00s, validation: 0.00s, handshake: 0.72s)
[Licensing::IpcConnector] Successfully connected to: "LicenseClient-User-notifications" at "2026-03-11T07:56:53.1641596Z"
[Licensing::Module] Licensing Background thread has ended after 0.72s
[Licensing::Module] Licensing is initialized (took 0.09s).
[Licensing::Client] Successfully resolved entitlement details
[Licensing::Module] License group:
  Id: F4-CGN5-FGZ2-2A9H-3JZC-XXXX
  Product: Unity Personal
  Type: ULF
  Expiration: 2026-03-23T08:35:11Z
[Licensing::Module] License group:
  Id: ewogICJzdWJzR3JvdXAiIDogInVuaXR5IGVkaXRvciIsCiAgIm5hbWVzcGFjZSIgOiAidW5pdHlfZWRpdG9yIiwKICAidHlwZSIgOiAiRURJVE9SIiwKICAidGFnIiA6ICJVbml0eVBlcnNvbmFsXXXX
  Product: Unity Personal Version
  Type: Assigned
  Expiration: Unlimited
Register platform support module: C:/Program Files/Unity/Hub/Editor/6000.3.10f1/Editor/Data/PlaybackEngines/AndroidPlayer/UnityEditor.Android.Extensions.dll
Registered in 0.092537 seconds.
- Loaded All Assemblies, in  0.451 seconds
Native extension for Android target not found
Android Extension - Scanning For ADB Devices 222 ms
Native extension for WindowsStandalone target not found
Native extension for WebGL target not found
ScheduleIndexationOnStartup MainProcess:False IndexOnStartup:True
Mono: successfully reloaded assembly
- Finished resetting the current domain, in  0.574 seconds
Domain Reload Profiling: 1023ms
	BeginReloadAssembly (120ms)
		ExecutionOrderSort (0ms)
		DisableScriptedObjects (0ms)
		BackupInstance (0ms)
		ReleaseScriptingObjects (0ms)
		CreateAndSetChildDomain (1ms)
	RebuildCommonClasses (36ms)
	RebuildNativeTypeToScriptingClass (13ms)
	initialDomainReloadingComplete (135ms)
	LoadAllAssembliesAndSetupDomain (146ms)
		LoadAssemblies (118ms)
		RebuildTransferFunctionScriptingTraits (0ms)
		AnalyzeDomain (142ms)
			TypeCache.Refresh (141ms)
				TypeCache.ScanAssembly (130ms)
			BuildScriptInfoCaches (0ms)
			ResolveRequiredComponents (0ms)
	FinalizeReload (574ms)
		ReleaseScriptCaches (0ms)
		RebuildScriptCaches (0ms)
		SetupLoadedEditorAssemblies (538ms)
			LogAssemblyErrors (0ms)
			InitializePlatformSupportModulesInManaged (303ms)
			SetLoadedEditorAssemblies (3ms)
			BeforeProcessingInitializeOnLoad (61ms)
			ProcessInitializeOnLoadAttributes (114ms)
			ProcessInitializeOnLoadMethodAttributes (57ms)
			AfterProcessingInitializeOnLoad (0ms)
			EditorAssembliesLoaded (0ms)
		ExecutionOrderSort2 (0ms)
		AwakeInstancesAfterBackupRestoration (0ms)
========================================================================
Worker process is ready to serve import requests
Import Worker Mode flag is 0x00
Begin MonoManager ReloadAssembly
[Licensing::Client] Successfully resolved entitlement details
[Licensing::Module] License group:
  Id: F4-CGN5-FGZ2-2A9H-3JZC-XXXX
  Product: Unity Personal
  Type: ULF
  Expiration: 2026-03-23T08:35:11Z
[Licensing::Module] License group:
  Id: ewogICJzdWJzR3JvdXAiIDogInVuaXR5IGVkaXRvciIsCiAgIm5hbWVzcGFjZSIgOiAidW5pdHlfZWRpdG9yIiwKICAidHlwZSIgOiAiRURJVE9SIiwKICAidGFnIiA6ICJVbml0eVBlcnNvbmFsXXXX
  Product: Unity Personal Version
  Type: Assigned
  Expiration: Unlimited
- Loaded All Assemblies, in  0.554 seconds
Refreshing native plugins compatible for Editor in 0.76 ms, found 4 plugins.
Native extension for Android target not found
Native extension for WindowsStandalone target not found
Native extension for WebGL target not found
Package Manager log level set to [2]
[Package Manager] Failed to launch server process. Reason: Unity was launched with the -noUpm command-line argument
[Package Manager] Unable to send message (not connected to server process).
[Package Manager] Cannot connect to Unity Package Manager local server
ScheduleIndexationOnStartup MainProcess:False IndexOnStartup:True
Mono: successfully reloaded assembly
- Finished resetting the current domain, in  0.459 seconds
Domain Reload Profiling: 1010ms
	BeginReloadAssembly (149ms)
		ExecutionOrderSort (0ms)
		DisableScriptedObjects (5ms)
		BackupInstance (0ms)
		ReleaseScriptingObjects (0ms)
		CreateAndSetChildDomain (27ms)
	RebuildCommonClasses (30ms)
	RebuildNativeTypeToScriptingClass (10ms)
	initialDomainReloadingComplete (30ms)
	LoadAllAssembliesAndSetupDomain (331ms)
		LoadAssemblies (259ms)
		RebuildTransferFunctionScriptingTraits (0ms)
		AnalyzeDomain (152ms)
			TypeCache.Refresh (109ms)
				TypeCache.ScanAssembly (98ms)
			BuildScriptInfoCaches (36ms)
			ResolveRequiredComponents (4ms)
	FinalizeReload (459ms)
		ReleaseScriptCaches (0ms)
		RebuildScriptCaches (0ms)
		SetupLoadedEditorAssemblies (375ms)
			LogAssemblyErrors (0ms)
			InitializePlatformSupportModulesInManaged (8ms)
			SetLoadedEditorAssemblies (3ms)
			BeforeProcessingInitializeOnLoad (98ms)
			ProcessInitializeOnLoadAttributes (218ms)
			ProcessInitializeOnLoadMethodAttributes (43ms)
			AfterProcessingInitializeOnLoad (4ms)
			EditorAssembliesLoaded (0ms)
		ExecutionOrderSort2 (0ms)
		AwakeInstancesAfterBackupRestoration (5ms)
Launched and connected shader compiler UnityShaderCompiler.exe after 0.01 seconds
Refreshing native plugins compatible for Editor in 1.27 ms, found 4 plugins.
Preloading 0 native plugins for Editor in 0.00 ms.
Unloading 0 Unused Serialized files (Serialized files now loaded: 0)
Unloading 4601 unused Assets / (1.4 MB). Loaded Objects now: 5187.
Memory consumption went from 100.3 MB to 98.9 MB.
Total: 5.334500 ms (FindLiveObjects: 0.356100 ms CreateObjectMapping: 0.259600 ms MarkObjects: 3.722500 ms  DeleteObjects: 0.995000 ms)

========================================================================
Received Import Request.
  Time since last request: 9233.288403 seconds.
  path: Assets/dotpict_20260225_142720.png
  artifactKey: Guid(b9a07cf702d53f944bb1ec47891e0d44) Importer(815301076,1909f56bfc062723c751e8b465ee728b)
Start importing Assets/dotpict_20260225_142720.png using Guid(b9a07cf702d53f944bb1ec47891e0d44) Importer(815301076,1909f56bfc062723c751e8b465ee728b) (PreviewImporter) -> (artifact id: '6be9e10f07cd4c04f158db12141a0608') in 0.1213405 seconds
Number of updated asset objects reloaded before import = 0Number of asset objects unloaded after import = 3

========================================================================
Received Import Request.
  Time since last request: 0.866378 seconds.
  path: Assets/dotpict_20260225_142648.png
  artifactKey: Guid(df89690a60696424bab3d1221e6af8fb) Importer(2089858483,b0f066a214c2f5e87bad3c948f4d605d)
Start importing Assets/dotpict_20260225_142648.png using Guid(df89690a60696424bab3d1221e6af8fb) Importer(2089858483,b0f066a214c2f5e87bad3c948f4d605d) (ScriptedImporter) -> (artifact id: '5b03396ed6424f680aeb08e4fda9f2e7') in 0.1110551 seconds
Number of updated asset objects reloaded before import = 0Number of asset objects unloaded after import = 3

========================================================================
Received Import Request.
  Time since last request: 221.606118 seconds.
  path: Assets/dotpict_20260223_143927.png
  artifactKey: Guid(0f2183a7d26d72045b9758c0966872fa) Importer(815301076,1909f56bfc062723c751e8b465ee728b)
Start importing Assets/dotpict_20260223_143927.png using Guid(0f2183a7d26d72045b9758c0966872fa) Importer(815301076,1909f56bfc062723c751e8b465ee728b) (PreviewImporter) -> (artifact id: 'fd63b394a5cbc87d83d1b4bb48b7c1d3') in 0.0223025 seconds
Number of updated asset objects reloaded before import = 0Number of asset objects unloaded after import = 3

========================================================================
Received Import Request.
  Time since last request: 0.000020 seconds.
  path: Assets/dotpict_20260223_161243.png
  artifactKey: Guid(c4ea45857401d7040ab55301f7987a4d) Importer(815301076,1909f56bfc062723c751e8b465ee728b)
Start importing Assets/dotpict_20260223_161243.png using Guid(c4ea45857401d7040ab55301f7987a4d) Importer(815301076,1909f56bfc062723c751e8b465ee728b) (PreviewImporter) -> (artifact id: '87f3af44a252372d979e501ea7771c23') in 0.0163213 seconds
Number of updated asset objects reloaded before import = 0Number of asset objects unloaded after import = 3

========================================================================
Received Import Request.
  Time since last request: 0.000018 seconds.
  path: Assets/dotpict_20260225_142648.png
  artifactKey: Guid(df89690a60696424bab3d1221e6af8fb) Importer(815301076,1909f56bfc062723c751e8b465ee728b)
Start importing Assets/dotpict_20260225_142648.png using Guid(df89690a60696424bab3d1221e6af8fb) Importer(815301076,1909f56bfc062723c751e8b465ee728b) (PreviewImporter) -> (artifact id: '6cc3d021ae47527ac22bf65b378dc924') in 0.0200866 seconds
Number of updated asset objects reloaded before import = 0Number of asset objects unloaded after import = 3

========================================================================
Received Import Request.
  Time since last request: 0.000021 seconds.
  path: Assets/dotpict_20260225_142657.png
  artifactKey: Guid(f3b33d2c422832d47aad38f4228577d3) Importer(815301076,1909f56bfc062723c751e8b465ee728b)
Start importing Assets/dotpict_20260225_142657.png using Guid(f3b33d2c422832d47aad38f4228577d3) Importer(815301076,1909f56bfc062723c751e8b465ee728b) (PreviewImporter) -> (artifact id: '3a64ce976f60bb2252c2d97da10a579f') in 0.0193402 seconds
Number of updated asset objects reloaded before import = 0Number of asset objects unloaded after import = 3

========================================================================
Received Import Request.
  Time since last request: 0.000020 seconds.
  path: Assets/dotpict_20260223_155544.png
  artifactKey: Guid(33e3f5cb8c09ca04490a89bb2c4c57de) Importer(815301076,1909f56bfc062723c751e8b465ee728b)
Start importing Assets/dotpict_20260223_155544.png using Guid(33e3f5cb8c09ca04490a89bb2c4c57de) Importer(815301076,1909f56bfc062723c751e8b465ee728b) (PreviewImporter) -> (artifact id: '78287bd01481136599979fa0b208c841') in 0.0170469 seconds
Number of updated asset objects reloaded before import = 0Number of asset objects unloaded after import = 3

========================================================================
Received Import Request.
  Time since last request: 0.000022 seconds.
  path: Assets/dotpict_20260223_155333.png
  artifactKey: Guid(aec1a995bd2622a4e88a8bf2ec9453c3) Importer(815301076,1909f56bfc062723c751e8b465ee728b)
Start importing Assets/dotpict_20260223_155333.png using Guid(aec1a995bd2622a4e88a8bf2ec9453c3) Importer(815301076,1909f56bfc062723c751e8b465ee728b) (PreviewImporter) -> (artifact id: '236c2fbe6a2573600ad64fca6c38ee8d') in 0.0166799 seconds
Number of updated asset objects reloaded before import = 0Number of asset objects unloaded after import = 3

========================================================================
Received Import Request.
  Time since last request: 0.000019 seconds.
  path: Assets/dotpict_20260225_142729.png
  artifactKey: Guid(d5d11ad0ab8225f4ba2df9840970c65d) Importer(815301076,1909f56bfc062723c751e8b465ee728b)
Start importing Assets/dotpict_20260225_142729.png using Guid(d5d11ad0ab8225f4ba2df9840970c65d) Importer(815301076,1909f56bfc062723c751e8b465ee728b) (PreviewImporter) -> (artifact id: '8399ade2f457305ec048c6c91e5fc5ef') in 0.0205255 seconds
Number of updated asset objects reloaded before import = 0Number of asset objects unloaded after import = 3

========================================================================
Received Import Request.
  Time since last request: 0.824537 seconds.
  path: Assets/dotpict_20260225_142808.png
  artifactKey: Guid(75d362638ecfb6e49b8f073e2edce5ec) Importer(2089858483,b0f066a214c2f5e87bad3c948f4d605d)
Start importing Assets/dotpict_20260225_142808.png using Guid(75d362638ecfb6e49b8f073e2edce5ec) Importer(2089858483,b0f066a214c2f5e87bad3c948f4d605d) (ScriptedImporter) -> (artifact id: '3aeb71197e4f5773b150e37d2b0549dc') in 0.0174987 seconds
Number of updated asset objects reloaded before import = 0Number of asset objects unloaded after import = 3

========================================================================
Received Import Request.
  Time since last request: 0.000016 seconds.
  path: Assets/dotpict_20260225_142746.png
  artifactKey: Guid(685609491dcd2624182ebd4efa49cc2f) Importer(2089858483,b0f066a214c2f5e87bad3c948f4d605d)
Start importing Assets/dotpict_20260225_142746.png using Guid(685609491dcd2624182ebd4efa49cc2f) Importer(2089858483,b0f066a214c2f5e87bad3c948f4d605d) (ScriptedImporter) -> (artifact id: 'a5a43b577361d7e0353dbe625f40fac5') in 0.018602 seconds
Number of updated asset objects reloaded before import = 0Number of asset objects unloaded after import = 3

========================================================================
Received Import Request.
  Time since last request: 0.000016 seconds.
  path: Assets/dotpict_20260225_142657.png
  artifactKey: Guid(f3b33d2c422832d47aad38f4228577d3) Importer(2089858483,b0f066a214c2f5e87bad3c948f4d605d)
Start importing Assets/dotpict_20260225_142657.png using Guid(f3b33d2c422832d47aad38f4228577d3) Importer(2089858483,b0f066a214c2f5e87bad3c948f4d605d) (ScriptedImporter) -> (artifact id: 'bb8428d9aa286ebde58e800a664c6893') in 0.0165767 seconds
Number of updated asset objects reloaded before import = 0Number of asset objects unloaded after import = 3

========================================================================
Received Import Request.
  Time since last request: 0.000030 seconds.
  path: Assets/dotpict_20260223_155544.png
  artifactKey: Guid(33e3f5cb8c09ca04490a89bb2c4c57de) Importer(2089858483,b0f066a214c2f5e87bad3c948f4d605d)
Start importing Assets/dotpict_20260223_155544.png using Guid(33e3f5cb8c09ca04490a89bb2c4c57de) Importer(2089858483,b0f066a214c2f5e87bad3c948f4d605d) (ScriptedImporter) -> (artifact id: '83a7b74da14a205e710c6641e581be0b') in 0.0157644 seconds
Number of updated asset objects reloaded before import = 0Number of asset objects unloaded after import = 3

========================================================================
Received Import Request.
  Time since last request: 0.000015 seconds.
  path: Assets/dotpict_20260225_142729.png
  artifactKey: Guid(d5d11ad0ab8225f4ba2df9840970c65d) Importer(2089858483,b0f066a214c2f5e87bad3c948f4d605d)
Start importing Assets/dotpict_20260225_142729.png using Guid(d5d11ad0ab8225f4ba2df9840970c65d) Importer(2089858483,b0f066a214c2f5e87bad3c948f4d605d) (ScriptedImporter) -> (artifact id: '5d8e3e2dce821bfa039e2297820c5363') in 0.0162848 seconds
Number of updated asset objects reloaded before import = 0Number of asset objects unloaded after import = 3

========================================================================
Received Import Request.
  Time since last request: 0.000023 seconds.
  path: Assets/dotpict_20260225_142653.png
  artifactKey: Guid(11ff74743535e484a865c03d6daaf368) Importer(2089858483,b0f066a214c2f5e87bad3c948f4d605d)
Start importing Assets/dotpict_20260225_142653.png using Guid(11ff74743535e484a865c03d6daaf368) Importer(2089858483,b0f066a214c2f5e87bad3c948f4d605d) (ScriptedImporter) -> (artifact id: '4e5e0f2298932abea8706ad34a1d7a84') in 0.0160166 seconds
Number of updated asset objects reloaded before import = 0Number of asset objects unloaded after import = 3

========================================================================
Received Import Request.
  Time since last request: 0.000016 seconds.
  path: Assets/dotpict_20260225_142648.png
  artifactKey: Guid(df89690a60696424bab3d1221e6af8fb) Importer(2089858483,b0f066a214c2f5e87bad3c948f4d605d)
Start importing Assets/dotpict_20260225_142648.png using Guid(df89690a60696424bab3d1221e6af8fb) Importer(2089858483,b0f066a214c2f5e87bad3c948f4d605d) (ScriptedImporter) -> (artifact id: '9bc6d208753918b528912bc7d26afaf1') in 0.0178839 seconds
Number of updated asset objects reloaded before import = 0Number of asset objects unloaded after import = 3

Editor requested this worker to shutdown with reason: Scaling down because of idle timeout
AssetImportWorker is now disconnected from the server
Process exiting
Exiting without the bug reporter. Application will terminate with return code 0